1078
119 89
118 88
117 87
116 86
115 86
114 86
113 86
112 86
121 89
122 88
123 87
124 86
125 86
126 86
127 86
128 86
129 86
130 86
131 86
132 86
133 86
134 85
135 84
136 83
137 82
137 81
137 80
137 79
137 78
137 77
137 76
137 75
137 74
137 73
137 72
137 71
136 71
135 71
134 71
133 71
132 71
131 71
130 71
129 71
128 71
127 71
126 71
125 70
124 69
123 68
122 67
121 66
120 65
119 65
118 65
117 65
116 65
115 65
114 65
113 65
112 65
112 64
112 63
112 62
112 61
112 60
112 59
112 58
112 57
112 56
112 55
111 56
110 56
109 56
108 56
107 56
106 56
105 56
104 56
103 56
102 56
101 56
100 56
99 56
98 56
97 56
96 56
95 56
94 56
93 56
93 57
93 58
93 59
93 60
93 61
93 62
93 63
93 64
93 65
93 66
93 67
93 68
93 69
93 70
93 71
92 72
91 73
91 74
91 75
91 76
91 77
91 78
91 79
91 80
91 81
91 82
91 83
91 84
91 85
91 86
90 86
89 86
88 86
87 86
86 86
85 86
84 86
83 86
82 86
81 86
80 86
79 86
78 86
77 86
76 86
75 86
74 86
73 86
72 86
72 85
72 84
72 83
72 82
72 81
72 80
72 79
72 78
72 77
72 76
72 75
72 74
72 73
72 72
72 71
71 71
70 71
69 71
68 71
67 71
66 71
65 71
64 71
63 71
62 71
61 71
60 70
59 69
58 68
57 67
56 66
55 65
54 65
53 65
52 65
51 65
50 65
49 65
48 65
48 64
48 63
48 62
48 61
48 60
48 59
48 58
48 57
48 56
48 55
48 54
48 53
48 52
48 51
49 50
50 49
51 48
52 47
52 46
52 45
52 44
52 43
52 42
52 41
52 40
52 39
52 38
53 37
54 36
54 35
54 34
54 33
54 32
54 31
54 30
55 31
56 32
57 33
58 34
59 34
60 34
61 34
62 34
63 34
64 34
65 34
66 34
67 34
68 34
69 34
70 34
71 34
72 34
73 34
74 34
75 34
76 34
77 34
78 34
79 34
80 34
81 34
82 34
83 34
84 34
85 34
86 34
87 34
88 34
89 34
90 34
91 34
92 34
93 34
94 34
95 34
96 34
97 34
98 34
99 34
100 34
101 34
102 34
103 34
104 34
105 34
106 34
107 34
51 39
50 40
49 40
48 40
47 40
46 40
45 40
44 40
43 40
42 40
41 40
40 40
39 40
38 41
37 42
36 42
35 42
34 42
33 42
32 42
31 42
47 64
46 63
45 62
44 62
43 62
42 62
41 62
40 62
39 62
38 62
37 62
36 62
35 62
34 62
33 62
32 62
31 62
30 62
29 62
28 62
28 63
28 64
28 65
28 66
28 67
28 68
28 69
28 70
28 71
28 72
28 73
28 74
28 75
28 76
28 77
28 78
28 79
28 80
28 81
28 82
28 83
60 72
59 73
58 74
57 75
56 76
55 77
54 78
53 79
52 80
51 81
51 82
51 83
51 84
51 85
51 86
71 70
71 69
71 68
71 67
71 66
71 65
71 64
71 63
71 62
71 61
71 60
71 59
71 58
71 57
71 56
72 55
72 54
72 53
72 52
72 51
72 50
72 87
72 88
72 89
72 90
72 91
72 92
72 93
72 94
72 95
72 96
72 97
72 98
72 99
72 100
72 101
72 102
71 103
71 104
71 105
71 106
71 107
71 108
72 109
72 110
72 111
72 112
72 113
72 114
72 115
72 116
72 117
72 118
72 119
72 120
72 121
72 122
72 123
71 123
70 123
69 123
68 123
67 123
66 123
65 123
64 123
63 123
62 123
61 123
60 124
59 125
58 126
57 127
56 128
55 128
54 128
53 128
52 128
51 128
50 128
49 128
48 128
47 129
46 130
45 130
44 130
43 129
42 128
41 127
40 126
39 126
38 126
37 126
36 126
35 126
34 126
33 126
32 126
31 126
30 125
29 125
28 125
49 129
50 130
51 131
52 132
53 133
54 134
55 135
55 136
55 137
55 138
55 139
55 140
55 141
55 142
55 143
56 143
57 143
58 143
59 143
60 143
61 143
62 143
63 143
64 143
65 143
66 143
67 143
68 143
69 143
70 143
60 122
59 121
58 120
57 119
56 118
55 117
54 116
53 115
52 114
51 113
50 112
49 111
48 110
48 109
48 108
48 107
47 106
46 105
45 104
44 104
43 104
42 104
41 104
40 104
39 104
38 104
37 104
36 104
35 104
34 104
33 104
32 104
31 104
30 104
29 104
28 104
136 70
136 69
136 68
136 67
136 66
136 65
136 64
136 63
136 62
136 61
136 60
136 59
136 58
136 57
136 56
137 55
137 54
137 53
137 52
137 51
137 50
136 49
135 48
134 47
133 46
132 45
131 44
130 43
129 42
128 41
128 40
128 39
128 38
128 37
128 36
128 35
128 34
138 49
139 48
140 47
141 46
142 45
143 44
144 43
145 42
146 41
147 40
148 39
149 38
149 37
149 36
149 35
149 34
150 34
151 34
152 34
153 34
154 34
155 34
156 34
157 34
158 34
159 34
160 34
161 34
162 34
163 34
164 34
165 34
166 34
167 34
168 34
169 34
170 34
171 33
172 32
173 31
174 30
175 30
176 31
177 32
178 33
179 34
180 35
181 36
182 37
183 38
184 39
185 40
186 41
187 42
188 43
189 44
190 45
191 46
192 47
193 48
194 49
195 49
196 49
197 49
198 50
199 51
200 52
201 52
202 52
203 52
204 52
205 52
185 42
184 43
183 44
182 45
181 46
181 47
181 48
181 49
181 50
181 51
181 52
181 53
181 54
181 55
182 56
183 57
184 58
185 59
186 60
187 61
188 62
189 63
190 64
191 65
192 66
193 67
194 68
194 69
194 70
195 71
196 72
197 73
198 73
199 73
200 73
201 73
202 73
203 73
204 73
205 73
193 71
192 72
191 73
190 74
189 75
188 76
187 76
186 76
185 76
184 76
183 76
182 76
181 76
182 77
183 78
184 79
185 80
186 81
187 82
188 83
189 84
190 85
191 86
192 87
193 88
194 89
194 90
194 91
195 92
196 93
197 94
198 94
199 94
200 94
201 94
202 94
203 94
204 94
205 94
193 92
192 93
191 94
190 95
189 96
188 97
187 97
186 97
185 97
184 97
183 97
182 97
181 97
182 98
183 99
184 100
185 101
186 102
187 103
188 104
189 105
190 106
191 107
192 108
193 109
194 109
195 110
196 111
197 112
198 113
199 114
200 115
201 115
202 115
203 115
204 115
205 115
205 116
205 117
205 118
205 119
205 120
205 121
205 122
205 123
205 124
205 125
205 126
204 127
203 128
202 129
201 130
200 130
199 130
198 130
197 130
196 130
195 130
194 130
193 131
192 132
191 133
190 134
189 135
188 136
187 137
186 138
185 139
184 139
183 139
182 139
181 139
182 140
182 141
180 140
179 141
178 142
177 143
176 143
175 143
174 143
173 143
172 143
193 110
192 111
191 112
190 113
189 114
188 115
187 116
186 117
185 118
184 118
183 118
182 118
181 118
138 71
139 71
140 71
141 71
142 71
143 71
144 71
145 71
146 71
147 71
148 71
149 71
150 71
151 71
152 71
153 71
154 71
155 71
156 71
157 71
158 71
158 70
158 69
158 68
158 67
158 66
158 65
158 64
158 63
158 62
158 61
158 60
158 59
158 58
158 57
158 56
159 72
160 73
160 74
160 75
160 76
160 77
160 78
160 79
160 80
160 81
160 82
160 83
160 84
160 85
160 86
159 86
158 86
157 86
156 86
155 86
154 86
134 87
135 88
136 89
137 90
137 91
137 92
137 93
137 94
137 95
137 96
137 97
137 98
137 99
137 100
137 101
137 102
136 103
136 104
136 105
136 106
136 107
136 108
137 109
137 110
137 111
137 112
137 113
137 114
137 115
137 116
137 117
137 118
137 119
137 120
137 121
137 122
137 123
136 123
135 123
134 123
133 123
132 123
131 123
130 123
129 123
128 123
127 123
126 123
125 122
124 122
123 122
122 122
121 122
120 122
119 122
118 122
117 122
116 122
115 122
114 122
113 122
112 122
112 121
112 120
112 119
112 118
112 117
112 116
112 115
112 114
112 113
112 112
112 111
112 110
112 109
112 108
112 107
111 108
110 108
109 108
108 108
107 108
106 108
105 108
104 108
103 108
102 108
101 108
100 108
99 108
98 108
97 108
96 108
95 108
94 108
93 108
93 109
93 110
93 111
93 112
93 113
93 114
93 115
93 116
93 117
93 118
93 119
93 120
93 121
93 122
93 123
92 124
91 125
91 126
91 127
91 128
91 129
91 130
91 131
91 132
91 133
91 134
91 135
91 136
91 137
91 138
91 139
91 140
91 141
91 142
91 143
92 143
93 143
94 143
95 143
96 143
97 143
98 143
99 143
100 143
101 143
102 143
103 143
104 143
105 143
106 143
107 143
108 143
109 143
110 143
111 143
112 143
136 124
135 125
134 126
133 127
133 128
133 129
133 130
133 131
133 132
133 133
133 134
133 135
133 136
133 137
133 138
133 139
133 140
133 141
133 142
133 143
134 143
135 143
136 143
137 143
138 143
139 143
140 143
141 143
142 143
143 143
144 143
145 143
146 143
147 143
148 143
149 143
150 143
151 143
138 123
139 123
140 123
141 123
142 123
143 123
144 123
145 123
146 123
147 123
148 123
149 123
150 123
151 123
152 123
153 123
154 123
155 123
156 123
157 123
158 123
158 122
158 121
158 120
158 119
158 118
158 117
158 116
158 115
158 114
158 113
158 112
158 111
158 110
158 109
158 108
81
65 34
86 34
107 34
128 34
149 34
170 34
205 52
205 73
205 94
205 115
181 55
181 76
181 97
181 118
71 56
93 56
71 108
93 108
136 56
158 56
136 108
158 108
112 143
172 143
51 86
48 128
112 86
91 143
70 143
133 143
48 51
48 107
112 55
112 107
151 143
28 62
28 83
28 104
28 125
72 71
72 123
137 71
137 123
93 71
93 123
158 71
158 123
72 86
133 86
154 86
194 130
91 86
112 122
48 65
186 41
112 65
31 42
55 141
205 126
181 139
52 38
160 86
197 49
175 30
194 70
194 91
194 109
61 71
61 123
72 50
72 102
126 71
126 123
137 50
137 102
44 130
39 40
55 143
54 30
182 141
31 126
