3034
278 203
277 204
277 205
277 206
277 207
277 208
277 209
278 210
279 211
280 212
281 213
282 214
283 215
284 216
285 216
286 216
287 216
288 216
289 216
290 215
291 214
292 213
293 212
294 211
295 211
296 211
297 211
298 211
299 211
300 211
301 211
302 211
303 211
304 210
304 209
304 208
304 207
304 206
304 205
304 204
304 203
304 202
304 201
304 200
304 199
304 198
304 197
304 196
304 195
304 194
304 193
304 192
302 212
302 213
302 214
302 215
302 216
302 217
302 218
302 219
302 220
302 221
302 222
302 223
302 224
302 225
302 226
302 227
302 228
302 229
302 230
288 217
287 218
286 219
285 220
284 221
283 222
282 223
281 224
280 225
279 226
278 227
277 228
276 228
275 228
274 229
273 230
272 231
271 232
270 233
269 234
269 235
269 236
269 237
269 238
269 239
269 240
269 241
269 242
268 241
267 240
266 239
265 238
264 237
263 236
262 235
261 234
260 234
259 234
258 234
257 234
258 233
258 232
258 231
258 230
258 229
258 228
258 227
258 226
258 225
258 224
258 223
258 222
258 221
258 220
258 219
258 218
258 217
258 216
258 215
257 214
257 213
257 212
257 211
257 210
257 209
257 208
257 207
256 206
255 205
254 205
253 205
252 205
251 205
250 205
249 205
248 205
247 205
246 205
245 205
244 205
243 205
242 205
241 205
240 205
239 205
238 205
237 205
237 206
237 207
237 208
237 209
237 210
237 211
237 212
237 213
237 214
237 215
237 216
237 217
237 218
237 219
237 220
237 221
237 222
237 223
237 224
237 225
237 226
236 227
236 228
236 229
236 230
236 231
236 232
236 233
236 234
236 235
236 236
236 237
236 238
236 239
235 240
234 241
233 242
232 243
231 244
230 245
229 246
228 247
227 248
226 249
225 250
224 251
224 252
223 251
222 250
221 249
220 248
219 247
218 246
217 246
216 246
215 246
214 246
213 246
212 246
211 246
210 246
209 246
208 246
207 246
206 246
205 246
204 246
203 247
202 248
201 249
200 249
199 249
198 249
197 249
196 249
195 249
194 249
193 249
192 249
191 249
203 245
202 244
201 243
200 242
199 241
198 240
197 239
196 238
195 237
195 236
195 235
195 234
195 233
195 232
195 231
195 230
195 229
195 228
194 227
193 226
192 225
191 224
190 223
189 222
188 222
187 222
186 222
185 222
184 222
183 222
182 223
181 224
180 225
179 226
178 227
177 228
176 229
175 230
174 231
173 232
172 233
171 234
170 235
169 236
168 237
168 238
168 239
168 240
168 241
168 242
168 243
168 244
168 245
168 246
168 247
168 248
168 249
167 248
166 247
165 246
164 246
163 246
162 246
161 246
160 246
159 246
158 246
157 246
156 246
155 246
154 246
153 246
152 246
151 246
150 246
149 246
148 246
147 245
146 244
145 243
144 243
143 243
142 243
141 243
140 243
139 243
138 243
137 243
136 243
135 243
134 243
133 243
168 235
167 234
166 233
165 232
164 231
163 230
162 229
162 228
162 227
162 226
162 225
162 224
162 223
162 222
162 221
161 220
160 220
159 220
158 220
157 220
156 220
155 220
154 220
153 220
152 220
151 220
150 220
149 220
148 220
147 220
146 220
145 220
144 220
143 220
142 219
141 219
140 219
139 219
138 219
137 219
136 219
135 219
134 219
133 219
132 219
131 219
130 219
129 219
128 219
127 220
126 221
125 222
124 222
123 222
122 222
121 222
120 222
119 222
118 222
117 222
116 222
115 222
114 222
113 222
112 222
111 222
110 221
109 220
108 219
107 218
107 217
107 216
107 215
107 214
107 213
107 212
106 211
105 210
105 209
105 208
105 207
105 206
105 205
105 204
105 203
105 202
105 201
105 200
105 199
105 198
105 197
105 196
105 195
105 194
105 193
105 192
105 191
106 192
107 193
108 193
109 193
110 193
111 193
112 193
113 193
114 193
115 193
116 193
117 193
118 193
119 193
120 193
121 194
122 194
123 194
124 194
125 194
126 194
127 194
128 194
129 194
130 194
131 194
132 194
133 194
134 194
135 194
136 194
137 194
138 194
139 194
140 194
141 194
142 194
143 195
144 196
145 197
146 197
147 197
148 197
149 197
111 223
111 224
111 225
111 226
111 227
111 228
111 229
111 230
111 231
111 232
111 233
111 234
111 235
111 236
111 237
111 238
111 239
111 240
111 241
111 242
111 243
110 242
109 242
108 242
107 242
106 242
105 242
104 242
103 242
102 242
101 242
100 242
99 242
98 242
97 242
96 242
95 242
94 242
93 242
92 242
93 241
93 240
93 239
93 238
93 237
93 236
93 235
93 234
93 233
92 232
91 231
90 230
89 229
88 228
87 227
86 226
86 225
86 224
86 223
86 222
86 221
86 220
86 219
85 218
84 217
83 216
82 215
81 214
80 213
79 212
78 211
77 210
76 209
75 208
74 208
73 208
72 208
71 208
70 208
69 208
68 207
67 206
66 205
66 204
66 203
66 202
66 201
66 200
66 199
66 198
66 197
66 196
66 195
66 194
66 193
66 192
66 191
66 190
66 189
66 188
66 187
67 188
68 189
69 189
70 189
71 189
72 189
73 189
74 189
75 189
76 189
77 189
78 189
79 189
80 189
81 189
82 189
91 241
90 240
89 240
88 240
87 240
86 240
85 240
84 240
83 240
82 240
81 240
80 240
79 240
78 240
77 240
76 240
75 240
74 240
73 240
72 239
71 238
70 237
69 236
68 235
67 234
66 233
65 232
64 232
63 232
62 232
61 233
60 234
59 235
58 236
57 237
56 237
55 237
54 237
53 237
52 237
51 237
50 237
49 237
48 237
47 237
46 237
45 237
44 237
43 237
42 236
41 235
40 234
39 233
38 232
37 231
36 231
35 231
34 231
33 231
32 231
31 231
30 231
31 230
32 229
33 228
34 227
35 226
36 225
37 224
38 223
39 222
40 221
41 220
42 219
43 218
43 217
43 216
42 215
41 214
40 213
39 212
38 211
37 210
36 209
35 208
34 207
33 206
32 205
31 205
30 205
29 205
28 205
29 204
29 203
29 202
29 201
29 200
29 199
29 198
29 197
29 196
29 195
29 194
29 193
30 192
31 191
32 191
33 191
34 191
35 191
36 191
37 191
38 191
39 191
40 191
41 191
42 191
43 191
30 191
30 190
30 189
30 188
30 187
30 186
30 185
30 184
30 183
30 182
30 181
30 180
30 179
30 178
30 177
30 176
30 175
30 174
30 173
31 172
32 171
33 170
34 169
35 169
36 169
37 169
38 169
39 169
40 169
41 169
42 169
43 169
44 169
45 169
46 169
47 169
48 169
49 169
48 168
47 167
46 166
45 165
44 164
44 163
44 162
44 161
44 160
44 159
44 158
44 157
44 156
44 155
44 154
44 153
43 152
42 152
41 152
40 152
39 152
38 152
37 152
36 152
35 152
34 152
33 152
32 152
31 152
30 152
30 151
30 150
30 149
30 148
30 147
30 146
30 145
30 144
30 143
30 142
30 141
30 140
30 139
45 152
46 151
47 150
48 149
49 148
50 147
51 146
52 145
53 144
54 143
54 142
54 141
54 140
54 139
53 138
52 137
51 136
50 135
50 134
50 133
50 132
50 131
50 130
50 129
50 128
50 127
50 126
50 125
50 124
50 123
50 122
50 121
50 120
50 119
51 118
52 117
52 116
52 115
52 114
52 113
52 112
52 111
52 110
52 109
52 108
52 107
52 106
52 105
51 104
50 103
49 102
48 101
47 101
46 101
45 101
44 101
43 100
42 99
41 98
40 98
39 98
38 98
37 98
36 98
35 98
34 98
33 98
32 98
31 98
30 98
29 98
28 98
27 98
26 98
27 97
28 96
29 95
30 94
31 93
31 92
31 91
31 90
31 89
31 88
31 87
31 86
31 85
32 84
33 83
34 82
35 81
36 80
37 79
38 78
39 77
40 77
41 77
42 77
43 77
44 77
45 77
46 77
47 77
48 77
47 76
46 75
45 74
45 73
45 72
45 71
45 70
45 69
45 68
45 67
45 66
45 65
45 64
45 63
45 62
44 63
43 64
42 64
41 64
40 64
39 64
38 64
37 64
36 64
35 64
34 64
33 64
32 64
31 64
49 76
50 75
51 74
52 73
53 72
54 71
55 70
56 69
57 68
58 67
59 67
60 67
61 67
62 67
63 68
64 69
65 70
66 71
66 72
66 73
66 74
66 75
66 76
66 77
66 78
66 79
66 80
66 81
66 82
66 83
66 84
66 85
67 84
68 83
69 82
70 82
71 82
72 82
73 82
74 82
75 82
76 82
77 82
78 82
79 82
80 82
81 82
82 82
83 82
84 83
85 84
86 84
87 84
88 84
89 84
90 84
91 84
92 84
93 84
94 84
95 84
96 84
97 84
98 84
99 84
100 84
101 84
102 84
103 84
104 84
105 84
106 85
107 86
108 87
109 88
110 89
111 90
112 90
113 90
114 90
115 90
116 90
117 90
118 90
119 90
120 90
121 90
122 91
123 92
124 92
125 92
126 92
127 92
128 92
129 92
130 92
131 92
132 92
133 92
134 92
135 92
136 92
137 92
138 92
139 92
140 92
141 92
142 92
143 92
144 91
145 90
145 89
145 88
145 87
145 86
145 85
145 84
145 83
145 82
145 81
145 80
145 79
145 78
145 77
145 76
145 75
146 76
147 76
148 76
149 76
150 76
151 76
152 76
153 76
154 76
155 76
156 76
157 76
158 76
159 76
160 76
161 77
162 78
163 78
164 78
165 78
166 78
167 78
168 78
169 78
170 78
171 78
172 78
173 78
174 78
175 79
176 79
177 79
178 79
179 79
180 79
181 79
182 79
183 79
184 79
185 79
186 79
187 79
188 79
189 79
190 79
191 79
192 80
193 81
194 82
195 82
196 82
197 82
198 82
199 82
200 82
201 82
202 82
203 82
204 82
205 82
206 82
207 82
208 82
207 83
206 84
205 85
204 86
204 87
204 88
204 89
204 90
204 91
204 92
204 93
204 94
204 95
204 96
204 97
204 98
204 99
204 100
205 100
206 100
207 100
208 100
209 100
210 100
211 100
212 100
213 100
214 100
215 100
216 100
217 100
218 100
219 100
220 100
221 100
222 100
223 100
224 99
225 98
226 97
227 96
228 95
229 94
229 93
229 92
229 91
229 90
229 89
229 88
229 87
229 86
229 85
229 84
230 85
231 86
232 87
233 87
234 87
235 87
236 87
237 87
238 87
239 87
240 87
241 87
242 87
243 87
244 87
245 87
246 87
247 87
246 88
245 89
245 90
245 91
245 92
245 93
245 94
245 95
245 96
245 97
245 98
245 99
245 100
245 101
245 102
245 103
245 104
246 104
247 104
248 104
249 104
250 104
251 104
252 104
253 104
254 104
255 104
256 104
257 104
258 104
259 104
260 104
261 104
262 104
263 103
264 102
265 101
266 100
267 99
268 98
268 97
268 96
268 95
268 94
268 93
268 92
268 91
268 90
268 89
268 88
269 87
270 86
271 85
272 85
273 85
274 85
275 85
276 85
277 85
278 85
279 85
280 85
281 85
282 85
283 85
284 85
285 85
286 85
287 85
288 86
289 87
290 88
291 89
292 90
293 91
294 92
295 93
296 93
297 93
298 93
299 93
300 93
301 93
302 93
303 92
304 91
305 91
306 91
307 91
308 91
309 91
310 91
311 91
312 92
313 93
314 94
315 95
316 96
317 96
318 96
319 96
320 96
321 96
322 96
323 96
324 96
325 96
326 96
327 96
328 96
329 96
330 96
331 96
332 97
333 98
334 98
335 98
336 98
337 98
338 98
339 98
340 98
341 98
342 98
343 98
344 98
345 98
346 98
347 98
348 98
349 98
350 98
351 98
352 98
353 99
353 100
353 101
353 102
353 103
353 104
353 105
353 106
353 107
353 108
353 109
353 110
353 111
353 112
353 113
353 114
353 115
353 116
353 117
353 118
353 119
301 94
300 95
299 96
298 97
297 98
296 99
295 100
294 101
293 102
292 103
291 104
290 105
289 106
288 107
289 108
290 109
291 110
292 111
293 112
294 113
295 113
296 113
297 113
298 113
299 113
300 113
301 113
302 113
303 113
304 113
305 112
306 112
307 112
308 112
309 112
310 112
311 112
312 113
313 114
314 115
315 116
316 117
317 117
318 117
319 117
320 117
321 117
322 117
323 117
324 117
325 117
326 117
327 117
328 117
329 117
330 117
331 117
305 114
305 115
305 116
305 117
305 118
305 119
305 120
305 121
305 122
305 123
305 124
305 125
305 126
305 127
305 128
305 129
305 130
305 131
305 132
305 133
305 134
305 135
305 136
305 137
305 138
305 139
305 140
305 141
305 142
305 143
305 144
305 145
305 146
305 147
305 148
305 149
305 150
305 151
304 152
303 153
302 154
302 155
302 156
302 157
302 158
302 159
302 160
302 161
302 162
302 163
302 164
302 165
302 166
302 167
302 168
302 169
173 79
172 80
172 81
172 82
172 83
172 84
172 85
172 86
172 87
172 88
172 89
172 90
172 91
172 92
172 93
172 94
172 95
172 96
173 96
174 96
175 96
176 96
177 96
178 96
179 96
180 96
181 96
182 96
183 96
184 96
63 66
64 65
65 64
66 63
67 62
68 61
69 60
70 60
71 60
72 60
73 60
74 60
75 60
76 60
77 60
78 60
79 60
80 60
81 60
82 61
83 61
84 61
85 61
86 61
87 61
88 61
89 61
90 61
91 61
92 61
93 61
94 61
95 61
96 61
97 61
98 61
99 61
100 61
101 61
102 61
103 62
104 63
105 63
106 63
107 63
108 63
109 63
110 63
111 63
112 63
113 63
114 63
115 63
116 63
117 63
118 63
119 63
120 63
121 63
122 63
123 63
49 118
48 118
47 118
46 118
45 118
44 118
43 118
42 118
41 118
40 118
39 118
38 118
37 118
36 118
35 118
236 204
235 203
234 203
233 203
232 203
231 203
230 203
229 203
228 203
227 203
226 203
225 203
224 203
223 203
222 203
221 203
220 203
219 203
218 203
217 203
216 203
216 204
216 205
216 206
216 207
216 208
216 209
216 210
216 211
216 212
216 213
216 214
216 215
216 216
216 217
216 218
216 219
216 220
216 221
216 222
216 223
216 224
215 202
214 201
213 201
212 201
211 201
210 201
209 201
208 201
207 201
206 201
205 201
204 201
203 201
202 201
201 201
200 201
199 201
198 201
197 201
196 201
195 201
194 200
193 199
192 198
191 198
190 198
189 198
188 198
187 198
186 198
185 198
184 198
183 198
182 198
181 198
180 198
179 198
178 198
177 198
176 198
175 198
174 198
173 198
268 243
267 244
266 245
265 246
264 247
263 248
262 249
261 250
260 251
259 252
258 253
257 254
256 255
256 256
256 257
255 258
254 259
253 259
252 259
251 259
250 259
249 259
248 259
247 259
246 259
245 259
246 260
246 261
246 262
246 263
246 264
246 265
246 266
246 267
246 268
246 269
246 270
246 271
246 272
246 273
246 274
246 275
246 276
247 277
248 278
249 279
250 280
251 281
252 282
253 283
254 284
255 284
256 284
257 284
258 284
259 284
260 284
261 284
262 284
263 284
264 285
265 286
266 287
267 288
268 289
269 290
270 291
271 291
272 291
273 291
274 291
275 291
276 291
277 290
278 289
279 288
280 288
281 288
282 288
283 288
284 288
285 288
286 288
287 288
288 288
289 289
290 290
291 291
292 292
293 293
294 294
295 294
296 294
297 294
298 294
299 294
300 294
262 285
261 286
260 287
259 288
258 289
257 290
256 291
255 292
254 293
253 294
252 295
252 296
252 297
253 298
254 299
255 300
256 301
257 302
258 302
259 302
260 302
261 302
262 302
263 303
264 304
265 305
266 306
267 307
268 308
269 309
270 310
271 311
272 312
273 313
274 314
275 313
276 312
277 311
278 310
279 309
280 309
281 309
282 309
283 309
284 309
285 309
286 309
287 309
288 310
289 311
290 312
291 313
292 313
293 313
294 313
295 313
296 313
297 313
298 313
299 313
300 313
273 315
272 316
271 317
270 318
269 319
268 320
268 321
268 322
268 323
268 324
268 325
268 326
268 327
268 328
268 329
268 330
269 331
270 331
271 331
272 331
273 331
274 331
275 331
276 331
277 331
278 331
279 331
280 331
281 331
282 331
283 331
284 331
285 331
286 331
287 331
288 331
289 331
290 331
291 331
292 331
293 331
294 331
295 331
296 331
297 331
298 331
299 331
300 332
301 333
302 334
303 335
304 336
305 337
306 338
307 339
308 340
309 341
309 342
309 343
309 344
309 345
309 346
309 347
310 346
311 345
312 344
313 343
314 342
315 342
316 342
317 342
318 342
319 341
320 340
321 339
321 338
321 337
321 336
321 335
321 334
321 333
321 332
321 331
321 330
321 329
321 328
321 327
321 326
321 325
321 324
321 323
321 322
321 321
308 348
307 349
306 349
305 349
304 349
303 349
302 349
301 349
300 349
299 349
298 349
297 349
296 349
295 349
294 349
293 349
292 349
291 349
290 349
289 349
288 349
287 349
286 349
285 349
284 349
283 349
282 349
281 349
280 349
279 349
278 349
277 349
276 349
275 349
274 350
273 351
272 352
271 353
270 354
269 355
268 356
267 357
266 358
266 359
266 360
266 361
266 362
266 363
266 364
265 363
264 362
263 361
262 361
261 361
260 361
259 361
258 361
257 361
256 361
255 361
254 361
253 361
252 361
267 365
268 365
269 365
270 365
271 365
272 365
273 365
274 365
275 365
276 365
277 365
278 365
279 365
280 365
281 365
282 365
283 365
306 350
305 351
304 352
304 353
304 354
304 355
304 356
304 357
304 358
304 359
304 360
304 361
304 362
304 363
305 364
306 365
307 366
308 367
309 368
310 368
311 368
312 368
313 368
314 368
315 368
267 331
266 332
265 333
264 334
263 335
262 336
261 337
260 338
259 339
258 339
257 339
256 339
255 339
254 339
253 339
252 338
251 337
250 336
249 335
248 334
247 333
246 332
245 331
244 330
243 329
242 328
241 327
240 327
239 327
238 327
237 327
236 327
235 327
234 327
233 327
232 327
231 328
230 329
229 329
228 329
227 329
226 329
225 329
224 329
223 329
222 329
223 330
224 331
225 332
226 333
227 334
228 335
229 336
229 337
229 338
229 339
229 340
229 341
229 342
229 343
229 344
229 345
229 346
229 347
229 348
229 349
229 350
228 351
227 351
226 351
225 351
224 351
223 351
222 351
221 351
220 351
219 351
218 351
217 351
216 351
215 351
214 351
213 351
212 351
211 350
210 349
209 348
208 347
207 346
206 345
205 344
204 344
203 344
202 344
201 344
200 344
199 344
198 344
197 344
196 344
195 344
194 343
193 342
192 341
191 340
190 340
189 340
188 340
187 340
186 340
185 340
184 340
183 340
182 340
181 340
180 340
179 340
178 340
177 340
176 340
175 340
174 340
175 339
176 338
177 337
177 336
177 335
177 334
177 333
177 332
177 331
177 330
177 329
177 328
177 327
177 326
177 325
177 324
177 323
177 322
177 321
177 320
177 319
177 318
178 319
179 320
180 321
181 321
182 321
183 321
184 321
185 321
186 321
187 321
188 321
189 321
190 321
191 321
192 321
193 321
194 321
195 321
196 321
197 321
198 321
261 303
260 304
259 305
258 306
257 307
256 308
255 309
255 310
255 311
255 312
255 313
255 314
255 315
255 316
255 317
255 318
257 258
258 259
259 260
260 261
261 262
262 263
263 263
264 263
265 263
266 263
267 263
268 263
269 263
270 262
271 261
272 260
273 259
274 259
275 259
276 259
277 259
278 259
279 259
280 259
281 259
282 259
283 259
284 259
285 259
286 259
287 259
288 259
289 258
289 257
289 256
289 255
289 254
289 253
289 252
289 251
289 250
289 249
289 248
290 249
291 250
292 251
293 252
294 252
295 252
296 252
297 252
298 252
299 252
300 252
301 252
302 252
303 253
304 253
305 253
306 253
307 253
308 253
309 253
310 253
311 253
312 253
313 253
314 253
315 253
316 253
317 253
318 253
319 253
320 253
321 253
322 253
323 253
324 253
325 253
326 253
327 253
328 253
329 253
330 253
331 253
330 254
330 255
330 256
330 257
330 258
330 259
330 260
330 261
330 262
330 263
330 264
330 265
330 266
330 267
331 267
332 267
333 267
334 267
335 267
336 267
337 267
338 267
339 267
340 267
341 267
342 267
343 267
344 267
329 268
328 269
327 270
326 271
325 272
325 273
325 274
325 275
325 276
325 277
325 278
325 279
325 280
325 281
325 282
325 283
325 284
325 285
325 286
325 287
324 288
323 289
322 290
321 291
321 292
321 293
321 294
321 295
321 296
321 297
332 252
333 251
334 250
335 249
336 248
337 247
338 246
339 245
340 245
341 245
342 245
343 245
344 245
345 244
345 243
345 242
345 241
345 240
345 239
345 238
345 237
345 236
345 235
345 234
345 233
345 232
345 231
345 230
345 229
345 228
345 227
345 226
345 225
346 224
347 223
347 222
347 221
347 220
347 219
347 218
347 217
347 216
347 215
347 214
347 213
347 212
347 211
347 210
347 209
347 208
347 207
347 206
347 205
348 204
348 203
348 202
348 201
348 200
348 199
348 198
348 197
348 196
348 195
348 194
348 193
348 192
348 191
348 190
348 189
348 188
348 187
348 186
348 185
348 184
349 183
349 182
349 181
349 180
349 179
349 178
349 177
349 176
349 175
349 174
349 173
349 172
349 171
349 170
349 169
349 168
349 167
349 166
349 165
349 164
349 163
348 162
347 162
346 162
345 162
344 162
343 162
342 162
341 162
340 162
339 162
338 162
337 162
336 162
335 162
334 162
333 162
332 162
331 162
330 162
329 162
328 162
329 161
329 160
329 159
329 158
329 157
329 156
329 155
329 154
329 153
329 152
329 151
329 150
329 149
329 148
329 147
329 146
329 145
329 144
329 143
329 142
329 141
327 163
327 164
327 165
327 166
327 167
327 168
327 169
327 170
327 171
327 172
327 173
327 174
327 175
327 176
327 177
327 178
327 179
327 180
327 181
327 182
327 183
350 162
351 161
351 160
351 159
351 158
351 157
351 156
351 155
351 154
351 153
351 152
351 151
351 150
351 149
351 148
351 147
351 146
351 145
351 144
351 143
351 142
346 206
345 207
344 208
343 208
342 208
341 208
340 208
339 208
338 208
337 208
336 208
335 208
334 208
333 208
332 208
331 208
330 208
329 208
328 208
327 208
326 208
345 246
346 247
347 248
348 249
349 250
350 251
351 252
352 253
353 254
354 255
355 255
356 255
357 255
358 255
359 255
360 255
361 255
362 255
363 254
364 253
365 252
366 251
367 250
368 249
369 248
370 247
371 246
372 245
373 244
373 243
374 244
375 244
376 244
377 244
378 244
379 244
380 244
381 244
382 244
383 244
384 244
385 244
386 244
387 244
388 244
389 244
390 244
391 244
392 244
393 244
394 244
395 245
396 246
397 247
398 247
399 247
400 247
401 247
402 247
403 247
404 247
405 247
406 247
407 247
408 247
409 247
410 247
411 247
412 247
413 247
414 247
415 247
416 247
417 248
418 248
419 248
420 248
421 248
422 248
423 248
424 248
425 248
426 248
427 248
428 248
429 248
430 248
431 248
432 248
433 248
434 248
435 248
436 249
437 250
438 251
439 252
440 253
441 254
442 255
443 256
444 257
445 258
446 259
447 260
448 261
449 261
450 261
451 261
452 261
453 260
454 259
455 258
456 257
457 256
458 255
459 254
460 253
461 252
462 251
463 250
464 250
465 250
466 250
467 250
468 250
469 250
470 250
471 250
472 250
473 250
474 250
475 250
476 250
477 250
478 250
479 250
480 250
481 249
482 248
483 247
484 246
484 245
484 244
484 243
484 242
484 241
484 240
484 239
484 238
484 237
484 236
485 235
486 234
487 233
488 232
489 232
490 232
491 232
492 232
493 232
494 232
495 232
496 232
497 232
498 232
499 232
500 231
501 230
502 229
503 228
504 227
505 226
506 225
506 224
506 223
506 222
506 221
506 220
506 219
506 218
507 217
508 216
509 215
510 214
511 213
512 212
513 211
514 210
515 209
515 208
515 207
515 206
515 205
515 204
516 203
517 202
518 201
519 200
519 199
519 198
519 197
519 196
519 195
519 194
519 193
519 192
519 191
519 190
519 189
519 188
519 187
520 186
521 185
522 184
523 183
524 182
525 181
526 180
527 179
528 178
529 177
530 176
531 175
532 174
533 173
534 172
533 171
532 170
531 169
530 168
529 167
528 166
527 165
526 164
525 163
524 162
523 161
522 160
521 159
521 158
521 157
521 156
521 155
521 154
521 153
521 152
521 151
521 150
521 149
521 148
521 147
521 146
521 145
521 144
521 143
521 142
521 141
521 140
521 139
521 138
521 137
521 136
520 135
519 134
518 133
517 132
516 131
515 130
514 129
513 128
512 127
511 126
510 125
510 124
510 123
510 122
510 121
510 120
510 119
510 118
509 117
508 116
507 115
506 114
505 113
504 112
503 111
502 110
501 109
500 108
499 107
498 106
497 106
496 106
495 106
494 106
493 106
492 106
491 106
490 106
481 251
482 252
483 253
484 253
485 253
486 253
487 253
488 253
489 253
490 253
491 253
492 253
493 253
494 253
495 253
496 253
497 253
498 253
499 253
500 252
501 251
502 250
503 249
504 248
505 247
506 247
507 247
508 247
509 247
510 247
511 247
512 247
513 248
514 249
515 250
516 251
517 252
518 253
519 254
520 255
521 256
522 257
523 258
523 259
523 260
523 261
523 262
522 263
521 264
520 265
519 266
518 267
517 268
516 269
515 270
514 271
514 272
514 273
514 274
514 275
514 276
514 277
514 278
514 279
514 280
514 281
514 282
514 283
514 284
515 285
516 286
517 287
518 288
519 288
520 288
521 288
522 288
523 288
498 254
497 255
496 256
495 257
494 258
493 259
492 260
491 261
491 262
491 263
491 264
491 265
491 266
491 267
491 268
491 269
491 270
491 271
491 272
491 273
491 274
491 275
490 276
489 277
488 278
487 279
486 280
485 281
484 282
363 256
364 257
365 258
366 259
367 260
368 261
369 262
370 263
371 263
372 263
373 263
374 263
375 263
376 263
377 263
378 264
379 265
380 266
381 266
382 266
383 266
384 266
385 266
386 266
387 266
388 266
389 266
390 266
391 266
392 266
393 267
394 268
395 268
396 268
397 268
398 268
399 268
400 268
401 268
402 268
403 268
404 268
405 268
406 268
407 268
408 269
409 270
410 271
411 271
412 271
413 271
414 271
415 271
416 271
417 271
418 271
419 271
420 271
421 271
422 271
423 271
424 271
425 271
426 271
427 271
428 271
429 271
319 252
320 251
321 250
322 249
323 248
324 247
324 246
324 245
324 244
324 243
324 242
324 241
324 240
324 239
324 238
324 237
324 236
324 235
324 234
324 233
324 232
304 254
305 255
306 256
307 257
308 258
308 259
308 260
308 261
308 262
308 263
308 264
308 265
308 266
308 267
308 268
308 269
308 270
308 271
308 272
308 273
185
30 231
452 261
149 197
305 151
133 243
62 232
514 284
325 287
288 259
247 87
31 85
31 64
321 321
111 243
318 342
30 139
353 119
331 117
315 368
184 96
173 198
162 221
223 100
491 275
66 187
69 208
331 253
237 205
326 208
324 232
329 141
351 142
328 162
349 163
327 183
348 184
105 191
237 226
191 249
216 203
195 201
183 222
216 224
253 339
255 318
232 327
229 350
499 253
128 219
107 212
174 340
195 344
177 318
198 321
429 271
35 118
145 75
256 257
352 98
499 232
345 225
407 268
288 107
208 82
224 252
105 84
28 205
510 118
174 78
331 96
252 297
93 233
275 228
304 192
377 263
287 309
268 88
302 169
257 207
534 172
30 173
66 85
143 92
277 209
521 136
283 331
148 246
305 128
257 234
302 93
82 189
262 104
83 82
121 90
302 230
43 191
120 193
263 284
195 228
347 205
480 250
308 273
229 84
416 247
86 219
252 361
81 60
204 100
143 220
288 288
304 363
73 240
102 61
373 243
169 236
523 262
45 62
275 349
394 244
204 246
289 216
43 216
52 105
321 297
289 248
283 365
245 104
123 63
54 139
287 85
222 329
191 79
523 288
303 211
512 247
246 276
344 245
49 169
30 152
212 351
311 112
435 248
519 187
392 266
44 101
484 282
168 249
318 253
172 96
300 294
276 291
62 67
142 194
302 252
344 267
160 76
506 218
515 204
29 193
236 239
269 263
50 119
245 259
274 314
111 222
362 255
268 330
311 91
309 347
484 236
43 237
490 106
26 98
48 77
258 215
330 267
299 331
44 153
92 242
304 113
262 302
293 349
269 242
300 313
266 364
