1059
119 90
118 90
117 90
116 90
115 90
114 90
113 90
112 90
113 91
113 92
113 93
113 94
113 95
113 96
113 97
113 98
113 99
113 100
113 101
114 89
114 88
114 87
114 86
114 85
114 84
114 83
114 82
114 81
114 80
114 79
114 78
114 77
114 76
114 75
114 74
114 73
114 72
114 71
114 70
114 69
121 91
122 92
123 93
124 93
125 93
126 93
127 93
128 93
129 93
130 93
131 93
132 93
133 93
134 92
135 91
136 90
137 89
137 88
137 87
137 86
137 85
137 84
137 83
137 82
137 81
137 80
137 79
137 78
137 77
137 76
137 75
137 74
136 73
136 72
136 71
137 70
137 69
137 68
137 67
137 66
137 65
137 64
137 63
137 62
137 61
137 60
137 59
137 58
137 57
137 56
136 55
136 54
136 53
135 52
134 51
133 50
132 49
131 48
130 47
129 46
128 45
128 44
128 43
128 42
128 41
128 40
128 39
128 38
128 37
128 36
128 35
128 34
127 46
126 47
125 48
124 48
123 48
122 48
121 48
120 48
119 48
118 48
117 48
116 48
115 48
114 48
113 48
112 48
111 47
110 46
109 45
108 44
107 43
107 42
107 41
107 40
107 39
107 38
107 37
107 36
107 35
107 34
106 44
105 45
104 46
103 47
102 48
101 49
100 50
99 51
98 52
97 52
96 52
95 52
94 52
93 52
93 53
93 54
93 55
93 56
93 57
93 58
93 59
93 60
93 61
93 62
93 63
93 64
93 65
93 66
93 67
93 68
93 69
93 70
93 71
93 72
93 73
93 74
93 75
93 76
93 77
93 78
93 79
93 80
93 81
93 82
93 83
93 84
92 85
91 86
90 86
89 86
88 86
87 86
86 86
85 86
84 86
83 86
82 86
81 86
80 86
79 86
78 86
77 86
76 86
75 86
74 86
73 86
72 86
72 85
72 84
72 83
72 82
72 81
72 80
72 79
72 78
72 77
72 76
72 75
72 74
71 73
71 72
71 71
72 70
72 69
72 68
72 67
72 66
72 65
72 64
72 63
72 62
72 61
72 60
72 59
72 58
72 57
72 56
71 55
70 54
69 53
68 53
67 53
66 53
65 53
64 53
63 53
62 53
61 53
60 52
59 51
58 50
57 49
56 48
55 47
54 47
53 47
52 47
52 46
52 45
52 44
52 43
52 42
52 41
52 40
51 40
50 40
49 40
48 40
47 40
46 40
45 40
44 40
43 40
42 40
41 40
40 40
39 40
38 41
37 42
36 43
35 44
34 45
33 46
32 47
31 48
31 49
30 50
29 51
28 52
28 53
28 54
28 55
28 56
28 57
28 58
28 59
28 60
28 61
28 62
28 63
28 64
28 65
28 66
28 67
28 68
28 69
28 70
28 71
28 72
28 73
28 74
28 75
28 76
28 77
28 78
28 79
28 80
28 81
28 82
28 83
53 39
54 38
54 37
54 36
54 35
54 34
54 33
54 32
54 31
54 30
55 34
56 34
57 34
58 34
59 34
60 34
61 34
62 34
63 34
64 34
65 34
51 48
50 49
49 50
49 51
48 51
48 52
48 53
48 54
48 55
48 56
48 57
48 58
48 59
48 60
48 61
48 62
48 63
48 64
48 65
71 87
71 88
71 89
71 90
71 91
71 92
71 93
71 94
71 95
71 96
71 97
71 98
71 99
71 100
71 101
71 102
71 103
71 104
71 105
72 106
72 107
72 108
71 109
71 110
71 111
71 112
71 113
71 114
71 115
71 116
71 117
71 118
71 119
71 120
71 121
71 122
71 123
70 86
69 86
68 86
67 86
66 86
65 86
64 86
63 86
62 86
61 86
60 86
59 86
58 86
57 86
56 86
55 86
54 86
53 86
52 86
51 86
92 87
93 88
93 89
93 90
93 91
93 92
93 93
93 94
93 95
93 96
93 97
93 98
93 99
93 100
93 101
93 102
93 103
93 104
93 105
93 106
93 107
93 108
93 109
93 110
93 111
93 112
93 113
93 114
93 115
93 116
93 117
93 118
93 119
93 120
93 121
93 122
93 123
92 124
91 125
90 126
91 127
92 128
93 129
93 130
93 131
93 132
93 133
93 134
93 135
93 136
93 137
93 138
93 139
93 140
93 141
93 142
93 143
93 144
92 144
91 144
90 144
89 144
88 144
87 144
86 144
85 144
84 144
83 144
82 144
81 144
80 144
79 144
78 144
77 144
76 144
75 144
74 144
73 144
72 144
71 143
70 143
69 143
68 143
67 143
66 143
65 143
64 143
63 143
62 143
61 143
60 143
59 143
58 143
57 142
56 141
55 140
54 139
53 138
52 137
51 136
50 136
49 136
48 136
47 136
46 136
47 135
48 134
48 133
48 132
48 131
48 130
48 129
48 128
48 127
48 126
48 125
48 124
48 123
48 122
48 121
48 120
48 119
48 118
48 117
48 116
48 115
48 114
48 113
48 112
48 111
48 110
48 109
48 108
48 107
47 106
46 105
45 104
44 104
43 104
42 104
41 104
40 104
39 104
38 104
37 104
36 104
35 104
34 104
33 104
32 104
31 104
30 104
29 104
28 104
47 126
46 126
45 126
44 126
43 126
42 126
41 126
40 126
39 126
38 126
37 126
36 126
35 126
34 126
33 126
32 126
31 126
30 125
29 125
28 125
92 51
91 50
90 49
89 48
88 47
87 46
86 45
86 44
86 43
86 42
86 41
86 40
86 39
86 38
86 37
86 36
86 35
86 34
138 90
139 91
140 92
141 93
142 93
143 93
144 93
145 93
146 93
147 93
148 93
149 93
150 93
151 93
152 93
153 93
154 93
155 94
156 95
157 96
158 97
158 98
158 99
158 100
158 101
158 102
158 103
158 104
158 105
158 106
158 107
158 108
158 109
158 110
158 111
158 112
158 113
158 114
158 115
158 116
158 117
158 118
158 119
158 120
158 121
158 122
158 123
155 92
156 91
157 90
158 89
159 88
160 87
160 86
159 85
158 84
158 83
158 82
158 81
158 80
158 79
158 78
158 77
158 76
158 75
158 74
158 73
158 72
158 71
158 70
158 69
158 68
158 67
158 66
158 65
158 64
158 63
158 62
158 61
158 60
158 59
158 58
158 57
158 56
158 55
158 54
158 53
158 52
158 51
158 50
158 49
158 48
158 47
158 46
158 45
158 44
158 43
158 42
158 41
158 40
158 39
158 38
158 37
158 36
158 35
158 34
157 34
156 34
155 34
154 34
153 34
152 34
151 34
150 34
149 34
159 34
160 34
161 34
162 34
163 34
164 34
165 34
166 34
167 34
168 34
169 34
170 34
171 33
172 32
173 31
174 30
175 30
176 31
177 32
178 33
179 34
180 35
181 36
182 37
183 38
184 39
185 40
186 41
187 42
188 43
189 44
190 45
191 46
192 47
193 48
194 49
195 49
196 49
197 49
198 50
199 51
200 52
201 52
202 52
203 52
204 52
205 52
199 53
198 54
197 55
196 56
195 57
194 58
194 59
194 60
194 61
194 62
194 63
194 64
194 65
194 66
194 67
193 67
192 68
191 69
190 70
189 71
188 72
187 73
186 74
185 75
184 76
183 76
182 76
181 76
195 68
196 69
197 70
198 71
199 72
200 73
201 73
202 73
203 73
204 73
205 73
199 74
198 75
197 76
196 77
195 78
194 79
194 80
194 81
194 82
194 83
194 84
194 85
194 86
194 87
194 88
193 88
192 89
191 90
190 91
189 92
188 93
187 94
186 95
185 96
184 97
183 97
182 97
181 97
195 89
196 90
197 91
198 92
199 93
200 94
201 94
202 94
203 94
204 94
205 94
199 95
198 96
197 97
196 98
195 99
194 100
194 101
194 102
194 103
194 104
194 105
194 106
194 107
194 108
194 109
193 109
192 110
191 111
190 112
189 113
188 114
187 115
186 116
185 117
184 118
183 118
182 118
181 118
195 110
196 111
197 112
198 113
199 114
200 115
201 115
202 115
203 115
204 115
205 115
205 116
205 117
205 118
205 119
205 120
205 121
205 122
205 123
205 124
205 125
205 126
204 127
203 128
202 129
201 130
200 130
199 130
198 130
197 130
196 130
195 130
194 130
193 131
192 132
191 133
190 134
189 135
188 136
187 137
186 138
185 139
184 139
183 139
182 140
182 141
181 139
180 140
179 141
178 142
177 143
176 143
175 143
174 143
173 143
172 143
193 50
192 51
191 52
190 53
189 54
188 55
187 55
186 55
185 55
184 55
183 55
182 55
181 55
126 94
126 95
126 96
126 97
126 98
126 99
126 100
126 101
126 102
126 103
126 104
126 105
127 106
128 107
129 108
130 108
131 108
132 108
133 108
134 108
135 108
136 108
137 108
136 109
136 110
136 111
136 112
136 113
136 114
136 115
136 116
136 117
136 118
136 119
136 120
136 121
136 122
136 123
137 124
137 125
137 126
136 127
135 128
135 129
135 130
135 131
135 132
135 133
135 134
135 135
135 136
135 137
135 138
135 139
135 140
135 141
135 142
135 143
136 143
137 143
138 143
139 143
140 143
141 143
142 143
143 143
144 143
145 143
146 143
147 143
148 143
149 143
150 143
151 143
135 144
127 108
126 109
125 110
124 111
123 112
122 113
121 114
120 115
119 116
118 117
117 118
116 119
115 120
114 121
114 122
114 123
114 124
114 125
114 126
114 127
114 128
114 129
114 130
114 131
114 132
114 133
114 134
114 135
114 136
114 137
114 138
114 139
114 140
114 141
114 142
114 143
81
65 34
86 34
107 34
128 34
149 34
170 34
205 52
205 73
205 94
205 115
181 55
181 76
181 97
181 118
71 123
93 123
71 71
93 71
136 71
158 71
136 123
158 123
114 143
172 143
51 86
48 128
112 90
135 144
93 144
72 144
48 51
48 107
114 69
114 122
28 62
28 83
28 104
28 125
72 56
72 108
137 108
137 56
93 52
93 104
158 52
158 104
151 143
72 86
133 93
154 93
194 130
91 86
48 65
112 48
186 41
113 101
58 143
31 49
205 126
181 139
52 40
160 86
197 49
175 30
194 109
194 88
46 136
194 67
61 53
90 126
72 74
71 105
126 105
137 126
137 74
136 53
39 40
31 126
54 30
182 141
48 132
