1019
119 89
118 88
117 87
116 87
115 87
114 87
113 87
112 87
111 86
110 85
109 84
108 83
107 82
106 81
105 80
104 79
103 78
103 77
104 76
105 75
106 74
107 73
108 72
109 71
110 70
111 69
112 68
112 67
112 66
112 65
112 64
112 63
112 62
112 61
112 60
112 59
112 58
112 57
112 56
112 55
112 54
112 53
112 52
112 51
112 50
112 49
112 48
112 47
112 46
113 45
114 44
115 43
116 42
117 41
118 40
119 39
120 38
121 37
122 36
123 35
124 34
125 34
126 34
127 34
128 34
129 34
130 34
131 34
132 34
133 34
134 34
135 34
136 34
137 34
138 34
139 34
140 34
141 34
142 34
143 34
144 34
145 34
146 34
147 34
148 34
149 34
150 34
151 34
152 34
153 34
154 34
155 34
156 34
157 34
158 34
159 34
160 34
161 34
162 34
163 34
164 34
165 34
166 34
167 34
168 34
169 34
170 34
171 33
172 32
173 31
174 31
175 31
176 32
177 33
178 34
179 35
180 36
181 37
182 38
183 39
184 40
185 41
186 41
187 42
188 43
189 44
190 45
191 46
192 47
193 48
194 49
195 49
196 49
197 49
198 49
199 50
200 51
201 52
202 52
203 52
204 52
205 52
200 53
199 54
198 55
197 56
196 57
195 58
194 59
194 60
194 61
194 62
194 63
194 64
194 65
194 66
194 67
194 68
195 69
196 70
197 71
198 72
199 73
200 73
201 73
202 73
203 73
204 73
205 73
198 74
197 75
196 76
195 77
195 78
195 79
195 80
195 81
195 82
195 83
195 84
195 85
195 86
195 87
195 88
196 89
197 90
198 91
199 92
200 93
201 94
202 94
203 94
204 94
205 94
200 95
199 96
198 97
197 98
196 99
195 100
194 101
194 102
194 103
194 104
194 105
194 106
194 107
194 108
194 109
193 109
192 110
191 111
190 112
189 113
188 114
187 115
186 116
185 117
184 118
183 118
182 118
181 118
195 110
196 111
197 112
198 113
199 114
200 115
201 115
202 115
203 115
204 115
205 115
205 116
205 117
205 118
205 119
205 120
205 121
205 122
205 123
205 124
205 125
205 126
205 127
204 128
203 129
202 130
201 130
200 130
199 130
198 130
197 130
196 130
195 130
194 130
193 131
192 132
191 133
190 134
189 135
188 136
187 137
186 138
185 139
184 139
183 139
182 140
182 141
181 139
180 140
179 141
178 142
177 143
176 143
175 143
174 143
173 143
172 143
171 144
170 144
169 144
168 144
167 144
166 144
165 144
164 144
163 144
162 144
161 144
160 144
159 144
158 144
157 144
156 144
155 144
154 144
153 144
152 144
151 144
150 145
149 145
148 145
147 145
146 145
145 145
144 145
143 145
142 145
141 145
140 145
139 145
138 145
137 145
136 145
135 145
134 145
194 89
193 90
192 91
191 92
190 93
189 94
188 95
187 96
186 97
185 97
184 97
183 97
182 97
181 97
193 69
192 70
191 71
190 72
189 73
188 74
187 75
186 76
185 76
184 76
183 76
182 76
181 76
193 50
192 51
191 52
190 53
189 54
188 55
187 55
186 55
185 55
184 55
183 55
182 55
181 55
114 42
113 41
112 40
111 39
110 38
109 37
108 36
107 35
107 34
102 76
101 75
100 74
99 73
98 72
97 71
96 71
95 71
94 71
93 71
92 71
93 70
93 69
93 68
93 67
93 66
93 65
93 64
93 63
93 62
93 61
93 60
93 59
93 58
93 57
93 56
92 56
102 79
101 80
100 81
99 82
98 83
97 84
96 85
95 86
94 87
93 87
92 87
91 87
90 87
89 87
88 87
87 87
86 87
85 87
84 87
83 87
82 87
81 87
80 87
79 87
78 87
77 87
76 87
75 87
74 87
73 87
72 87
71 86
71 85
71 84
71 83
71 82
71 81
71 80
71 79
71 78
71 77
71 76
71 75
71 74
71 73
71 72
71 71
71 70
71 69
71 68
71 67
71 66
71 65
71 64
71 63
71 62
71 61
71 60
71 59
71 58
71 57
71 56
71 88
70 89
69 90
68 91
67 92
66 93
65 94
64 95
63 96
62 97
61 98
60 99
59 100
59 101
60 102
61 103
62 104
63 105
64 106
65 107
66 108
67 108
68 108
69 108
70 108
71 109
71 110
71 111
71 112
71 113
71 114
71 115
71 116
71 117
71 118
71 119
71 120
71 121
71 122
71 123
72 123
73 123
74 123
75 123
76 123
77 123
78 123
79 123
80 123
81 123
82 123
83 123
84 123
85 123
86 123
87 123
88 123
89 123
90 123
91 123
92 123
93 123
93 122
93 121
93 120
93 119
93 118
93 117
93 116
93 115
93 114
93 113
93 112
93 111
93 110
93 109
93 108
92 124
92 125
92 126
92 127
92 128
92 129
92 130
92 131
92 132
92 133
92 134
92 135
92 136
92 137
92 138
92 139
92 140
92 141
92 142
92 143
92 144
72 108
58 100
57 99
56 98
55 97
54 96
53 95
52 94
51 93
51 92
51 91
51 90
51 89
51 88
51 87
50 86
49 85
48 84
48 83
48 82
48 81
48 80
48 79
48 78
48 77
48 76
48 75
48 74
48 73
48 72
48 71
48 70
48 69
48 68
48 67
48 66
48 65
48 64
48 63
48 62
48 61
48 60
48 59
48 58
48 57
48 56
48 55
48 54
48 53
48 52
48 51
49 50
50 49
51 48
52 47
52 46
52 45
52 44
52 43
52 42
52 41
52 40
52 39
53 38
54 37
54 36
54 35
54 34
54 33
54 32
54 31
55 34
56 34
57 34
58 34
59 34
60 34
61 34
62 34
63 34
64 34
65 34
66 34
67 34
68 34
69 34
70 34
71 34
72 34
73 34
74 34
75 34
76 34
77 34
78 34
79 34
80 34
81 34
82 34
83 34
84 34
85 34
86 34
47 50
46 49
45 48
44 47
43 46
42 45
41 44
40 43
39 42
38 43
37 44
36 45
35 46
34 47
33 48
32 49
31 50
30 51
29 52
47 73
46 73
45 73
44 73
43 73
42 73
41 73
40 73
39 73
38 73
37 73
36 73
35 73
34 73
33 73
32 73
31 73
30 73
47 85
46 86
45 87
44 88
43 89
42 90
41 91
40 92
39 93
38 94
37 94
36 94
35 94
34 94
33 94
32 94
31 94
30 94
56 100
55 101
54 102
53 103
52 104
51 105
50 106
49 107
48 108
48 109
48 110
48 111
48 112
48 113
48 114
48 115
48 116
48 117
48 118
48 119
48 120
48 121
48 122
48 123
48 124
48 125
48 126
48 127
48 128
48 129
48 130
48 131
48 132
48 133
47 133
46 133
45 132
44 131
43 130
42 129
41 128
40 127
39 127
38 127
37 127
36 127
35 127
34 127
33 127
32 127
31 127
30 126
29 125
28 124
28 123
28 122
28 121
28 120
28 119
28 118
28 117
28 116
28 115
49 134
50 135
51 136
52 137
53 138
54 139
55 140
56 141
56 142
56 143
57 144
58 145
59 145
60 145
61 145
62 145
63 145
64 145
65 145
66 145
67 145
68 145
69 145
70 145
71 145
118 86
119 85
120 84
121 83
122 82
123 81
124 80
125 79
126 78
126 77
127 76
128 75
129 74
130 73
131 72
132 71
133 71
134 71
135 71
136 71
137 71
136 70
136 69
136 68
136 67
136 66
136 65
136 64
136 63
136 62
136 61
136 60
136 59
136 58
136 57
136 56
137 56
138 56
139 56
140 56
141 56
142 56
143 56
144 56
145 56
146 56
147 56
148 56
149 56
150 56
151 56
152 56
153 56
154 56
155 56
156 56
157 56
158 56
158 57
158 58
158 59
158 60
158 61
158 62
158 63
158 64
158 65
158 66
158 67
158 68
158 69
158 70
158 71
158 72
158 73
158 74
158 75
158 76
158 77
159 78
160 79
160 80
160 81
160 82
160 83
160 84
160 85
160 86
160 87
159 88
158 89
157 90
156 91
155 92
154 93
155 94
156 95
157 96
158 97
158 98
158 99
158 100
158 101
158 102
158 103
158 104
158 105
158 106
158 107
158 108
158 109
158 110
158 111
158 112
158 113
158 114
158 115
158 116
158 117
158 118
158 119
158 120
158 121
158 122
158 123
121 91
122 92
123 93
124 93
125 93
126 93
127 93
128 93
129 93
130 93
131 93
132 93
133 93
121 93
120 94
119 95
118 96
117 97
116 98
115 99
114 100
113 101
112 102
117 99
118 100
119 101
120 102
121 103
122 104
123 105
124 106
125 107
126 108
127 108
128 108
129 108
130 108
131 108
132 108
133 108
134 108
135 108
136 108
137 108
136 109
136 110
136 111
136 112
136 113
136 114
136 115
136 116
136 117
136 118
136 119
136 120
136 121
136 122
136 123
137 123
125 109
124 110
123 111
122 112
121 113
120 114
119 115
118 116
117 117
116 118
115 119
114 120
113 121
113 122
113 123
113 124
113 125
113 126
113 127
113 128
113 129
113 130
113 131
113 132
113 133
113 134
113 135
113 136
113 137
113 138
113 139
113 140
113 141
113 142
113 143
80
65 34
86 34
107 34
128 34
149 34
170 34
205 52
205 73
205 94
205 115
181 55
181 76
181 97
181 118
93 123
71 123
158 56
136 56
93 56
71 56
158 123
136 123
113 143
172 143
51 87
48 128
112 87
92 144
71 145
134 145
48 51
48 108
112 66
113 122
28 115
30 94
30 73
29 52
151 144
72 108
137 108
137 71
92 71
71 72
93 108
158 107
158 77
72 87
133 93
154 93
194 130
48 67
91 87
112 102
186 41
112 46
31 127
56 143
205 127
181 139
52 39
160 87
198 49
175 31
194 109
195 88
194 68
39 42
46 133
61 103
90 123
126 108
137 123
126 77
103 77
92 56
137 56
54 31
182 141
48 133
