11673
334 269
335 268
336 267
337 266
337 265
337 264
337 263
337 262
337 261
337 260
337 259
337 258
337 257
337 256
337 255
337 254
337 253
337 252
337 251
337 250
337 249
337 248
336 248
335 248
334 248
333 248
332 248
331 248
330 248
329 248
328 248
327 248
326 248
325 248
324 248
323 248
322 248
338 249
339 249
340 249
341 249
342 249
343 249
344 249
345 249
346 249
347 249
348 249
349 249
350 249
351 249
352 249
352 250
352 251
352 252
352 253
352 254
352 255
352 256
352 257
352 258
352 259
352 260
352 261
352 262
352 263
352 264
353 258
354 258
355 258
356 258
357 258
358 258
359 258
360 258
361 258
362 258
363 258
364 258
365 258
366 258
367 258
368 258
369 258
370 258
371 258
372 258
373 258
374 258
375 258
376 258
377 258
378 258
379 258
380 258
381 258
382 258
382 259
382 260
382 261
382 262
382 263
382 264
382 265
382 266
382 267
382 268
382 269
382 270
382 271
382 272
382 273
381 273
380 273
379 273
378 273
377 273
376 273
375 273
374 273
373 273
372 273
371 273
370 273
369 273
368 273
367 273
383 273
384 273
385 273
386 273
387 273
388 273
389 273
390 273
391 273
392 273
393 273
394 273
395 273
396 273
397 273
397 272
397 271
397 270
397 269
397 268
397 267
397 266
397 265
397 264
397 263
397 262
397 261
397 260
397 259
397 258
397 257
397 256
397 255
397 254
397 253
397 252
397 251
397 250
397 249
397 248
397 247
397 246
397 245
397 244
397 243
396 243
395 243
394 243
393 243
392 243
391 243
390 243
389 243
388 243
387 243
386 243
385 243
384 243
383 243
382 243
381 243
380 243
379 243
378 243
377 243
376 243
375 243
390 242
390 241
390 240
390 239
390 238
390 237
390 236
390 235
390 234
390 233
390 232
390 231
390 230
390 229
390 228
389 228
388 228
387 228
386 228
385 228
384 228
383 228
382 228
382 227
382 226
382 225
382 224
382 223
382 222
382 221
382 220
382 219
382 218
382 217
382 216
382 215
382 214
382 213
381 219
380 219
379 219
378 219
377 219
376 219
375 219
374 219
373 219
372 219
371 219
370 219
369 219
368 219
367 219
367 218
367 217
367 216
367 215
367 214
367 213
367 212
367 211
367 210
367 209
367 208
367 207
367 206
367 205
367 204
366 204
365 204
364 204
363 204
362 204
361 204
360 204
359 204
358 204
357 204
356 204
355 204
354 204
353 204
352 204
352 203
352 205
352 206
352 207
352 208
352 209
352 210
352 211
352 212
352 213
352 214
352 215
352 216
352 217
352 218
351 217
350 217
349 217
348 217
347 217
346 217
345 217
344 217
343 217
342 217
341 217
340 217
339 217
338 217
337 217
337 216
337 215
337 214
337 213
337 212
337 211
337 210
337 209
337 208
337 207
337 206
337 205
337 204
337 203
337 202
336 203
335 203
334 203
333 203
332 203
331 203
330 203
329 203
328 203
327 203
326 203
325 203
324 203
323 203
322 203
322 204
322 205
322 206
322 207
322 208
322 209
322 210
322 211
322 212
322 213
322 214
322 215
322 216
322 217
322 218
322 219
322 220
322 221
322 222
322 223
322 224
322 225
322 226
322 227
322 228
322 229
322 230
322 231
322 232
322 233
323 233
324 233
325 233
326 233
327 233
328 233
329 233
330 233
331 233
332 233
333 233
334 233
335 233
336 233
337 233
338 233
339 233
340 233
341 233
342 233
343 233
344 233
345 233
346 234
347 234
348 234
349 234
350 234
351 234
352 234
353 234
354 234
355 234
356 234
357 234
358 234
359 234
360 234
321 233
320 233
319 233
318 233
317 233
316 233
315 233
391 228
392 228
393 228
394 228
395 228
396 228
397 228
398 243
399 243
400 243
401 243
402 243
403 243
404 243
405 243
398 259
399 260
400 260
401 260
402 260
403 260
404 260
405 260
406 260
407 260
408 260
409 260
410 260
411 260
412 260
413 261
414 262
414 263
414 264
414 265
414 266
414 267
414 268
414 269
414 270
414 271
414 272
414 273
414 274
414 275
396 274
396 275
396 276
396 277
396 278
396 279
396 280
396 281
396 282
396 283
396 284
396 285
396 286
396 287
396 288
395 288
394 288
393 288
392 288
391 288
390 288
389 288
388 288
387 288
386 288
385 288
384 288
383 288
382 288
381 288
380 288
379 288
378 288
377 288
376 288
375 288
374 288
373 288
372 288
371 288
370 288
369 288
368 288
367 288
366 288
365 288
364 288
363 288
362 288
361 288
360 288
359 288
358 288
357 288
356 288
355 288
354 288
353 288
352 288
351 288
351 287
351 286
351 285
351 284
351 283
351 282
351 281
351 280
351 279
351 289
351 290
351 291
351 292
351 293
351 294
375 289
375 290
375 291
375 292
375 293
375 294
375 295
375 296
375 297
375 298
375 299
375 300
375 301
375 302
375 303
376 303
377 303
378 303
379 303
380 303
381 303
382 303
383 303
384 303
385 303
386 303
387 303
388 303
389 303
390 303
391 304
392 305
393 305
394 305
395 305
396 305
397 305
398 305
399 305
400 305
401 305
402 305
403 305
404 305
405 305
380 304
380 305
380 306
380 307
380 308
380 309
380 310
380 311
380 312
380 313
380 314
380 315
380 316
380 317
380 318
380 319
380 320
380 321
380 322
380 323
380 324
380 325
380 326
380 327
380 328
380 329
380 330
380 331
380 332
380 333
379 324
378 324
377 324
376 324
375 324
374 324
373 324
372 324
371 324
370 324
369 324
368 324
367 324
366 324
365 324
365 325
365 326
365 327
365 328
365 329
365 330
365 331
365 332
365 333
365 334
365 335
365 336
365 337
365 338
365 339
364 328
363 328
362 328
361 328
360 328
359 328
358 328
357 328
356 328
355 328
354 328
353 328
352 328
351 328
350 328
350 329
350 330
350 331
350 332
350 333
350 334
350 335
350 336
350 337
350 338
350 339
350 340
350 341
350 342
350 343
349 343
348 343
347 343
346 343
345 343
344 343
343 343
342 343
341 343
340 343
339 343
338 343
337 343
336 343
335 343
335 342
335 341
335 340
335 339
335 338
335 337
335 336
335 335
335 334
335 333
335 332
335 331
335 330
335 329
335 328
335 327
335 326
335 325
335 324
335 323
335 322
335 321
335 320
335 319
335 318
335 317
335 316
335 315
335 314
335 313
334 313
333 313
332 313
331 313
330 313
336 313
337 313
338 313
339 313
340 313
341 313
342 313
343 313
344 313
345 313
346 312
347 311
348 310
349 309
350 309
351 309
352 309
353 309
354 309
355 309
356 309
357 309
358 309
359 309
360 309
334 344
333 344
332 344
331 344
330 344
329 344
328 344
327 344
326 344
325 344
324 344
323 344
322 344
321 344
320 344
320 343
320 342
320 341
320 340
320 339
320 338
320 337
320 336
320 335
320 334
320 333
320 332
320 331
320 330
320 329
319 345
318 346
317 347
316 348
315 348
314 348
313 348
312 348
311 348
310 348
309 348
308 348
307 348
307 349
307 350
307 351
307 352
307 353
307 354
307 355
307 356
307 357
306 358
305 359
304 360
303 361
303 362
303 363
303 364
303 365
303 366
303 367
303 368
303 369
303 370
303 371
304 372
305 373
306 374
306 375
306 376
306 377
306 378
306 379
306 380
306 381
306 382
305 383
304 384
303 385
303 386
303 387
303 388
303 389
303 390
303 391
303 392
303 393
303 394
303 395
303 396
303 397
306 347
305 346
304 345
303 344
302 343
302 342
302 341
302 340
302 339
302 338
302 337
302 336
302 335
302 334
302 333
302 332
302 331
302 330
302 329
302 328
302 327
302 326
302 325
302 324
302 323
302 322
302 321
302 320
302 319
302 318
302 317
302 316
302 315
302 314
302 313
303 313
304 313
305 313
306 313
307 313
308 313
309 313
310 313
311 313
312 313
313 313
314 312
315 311
315 310
315 309
315 308
315 307
315 306
315 305
315 304
315 303
315 302
315 301
315 300
315 299
315 298
315 297
315 296
316 296
317 296
318 296
319 296
320 296
321 296
321 295
321 294
321 293
321 292
321 291
321 290
321 289
321 288
321 287
321 286
321 285
321 284
321 283
321 282
321 281
320 281
319 281
318 281
317 281
316 281
315 281
314 281
313 281
312 281
311 281
310 281
309 281
308 281
307 281
306 281
314 296
313 296
312 296
311 296
310 296
309 296
308 296
307 296
306 296
301 313
300 313
381 321
382 321
383 321
384 321
385 321
386 321
387 321
388 321
389 321
390 321
391 321
392 321
393 321
394 321
395 321
397 289
398 290
399 290
400 290
401 290
402 290
403 290
404 290
405 290
406 290
407 290
408 290
409 290
410 290
411 290
333 268
332 267
331 266
330 265
329 264
328 263
327 263
326 263
325 263
324 263
323 263
322 263
321 263
320 263
319 263
318 263
317 263
316 263
315 263
314 263
313 263
312 263
311 263
310 263
309 263
308 263
307 263
307 264
307 265
306 266
307 262
307 261
307 260
307 259
307 258
307 257
307 256
307 255
307 254
307 253
307 252
306 252
305 252
304 252
303 252
302 252
301 252
300 252
299 252
298 252
297 252
296 252
295 252
294 252
293 252
292 252
291 251
290 250
289 249
288 248
287 247
286 246
286 245
286 244
286 243
286 242
286 241
286 240
286 239
286 238
286 237
286 236
286 235
286 234
286 233
286 232
286 231
286 230
286 229
286 228
286 227
285 226
284 225
283 225
282 225
281 225
280 225
279 225
278 225
277 225
276 225
275 225
274 225
273 225
272 225
271 225
270 225
269 225
268 225
267 225
266 225
265 225
264 225
263 225
262 225
261 225
260 225
259 225
258 225
287 226
288 225
289 224
290 223
291 222
292 222
293 222
294 222
295 222
296 222
297 222
298 222
299 222
300 222
300 221
300 220
300 219
300 218
300 217
300 216
300 215
300 214
300 213
300 212
300 211
300 210
300 209
300 208
300 207
301 207
302 207
303 207
304 207
304 206
304 205
304 204
304 203
304 202
304 201
304 200
304 199
304 198
304 197
304 196
304 195
304 194
304 193
304 192
304 191
304 190
304 189
304 188
304 187
304 186
304 185
304 184
304 183
304 182
304 181
304 180
304 179
304 178
304 177
304 176
304 175
304 174
304 173
304 172
304 171
304 170
304 169
304 168
304 167
304 166
304 165
304 164
304 163
304 162
304 161
304 160
304 159
304 158
304 157
304 156
304 155
304 154
304 153
304 152
304 151
304 150
304 149
304 148
304 147
305 147
306 147
307 147
308 147
309 147
310 147
311 147
312 147
313 147
314 147
315 147
316 147
317 147
318 147
319 147
320 147
321 147
322 147
323 147
324 147
325 147
326 147
327 147
328 147
329 147
330 147
331 147
332 147
333 147
334 147
335 147
336 147
337 147
338 147
339 147
340 147
341 147
342 148
343 148
344 148
345 148
346 148
347 148
348 148
349 148
350 148
351 148
352 148
353 148
354 148
355 148
356 148
303 147
302 147
301 147
300 147
299 147
298 147
297 147
296 147
295 147
294 147
293 147
292 147
291 147
290 147
289 147
288 147
287 147
286 147
285 147
284 147
283 147
282 147
282 148
282 149
282 150
282 151
282 152
282 153
282 154
281 155
280 156
279 157
278 158
277 158
276 158
275 158
274 158
273 158
272 158
271 158
270 158
269 158
268 158
267 158
266 159
265 160
264 161
263 162
262 162
261 162
260 162
259 162
258 162
257 162
256 162
255 162
254 162
253 162
252 162
251 162
250 162
249 162
248 162
247 162
246 162
245 162
244 162
243 162
242 162
241 162
240 162
239 162
238 162
237 162
236 162
235 162
234 162
233 162
232 162
231 162
230 162
229 162
228 162
227 162
226 162
225 162
224 162
223 162
222 162
221 162
220 162
219 162
218 162
217 162
216 162
215 162
214 162
213 162
212 162
211 162
210 162
209 162
208 162
207 162
206 162
205 162
204 162
203 162
202 162
201 162
200 162
199 162
198 162
197 161
196 160
195 159
194 158
193 157
192 157
191 157
190 157
189 157
188 157
187 157
186 157
185 157
184 157
183 157
183 156
183 155
183 154
183 153
183 152
183 151
183 150
183 149
183 148
183 147
183 146
183 145
183 144
183 143
183 142
194 156
195 155
196 154
197 153
198 152
198 151
198 150
198 149
198 148
198 147
198 146
198 145
198 144
198 143
199 143
200 143
201 143
202 143
203 143
204 143
205 143
206 143
207 143
208 143
209 143
210 143
211 143
212 143
213 143
214 143
215 143
216 143
217 143
218 143
219 143
220 143
221 143
222 143
223 143
224 143
225 143
226 143
227 143
228 143
229 143
230 143
231 143
232 143
279 159
280 160
281 161
282 162
281 146
280 145
279 144
278 143
277 142
276 142
275 142
274 142
273 143
272 143
271 143
270 143
269 143
268 143
267 143
266 143
265 143
264 143
263 143
262 143
261 143
260 143
259 142
258 142
257 142
256 142
255 142
254 142
253 142
252 142
251 142
250 142
274 141
274 140
274 139
274 138
274 137
274 136
274 135
274 134
274 133
274 132
274 131
274 130
274 129
274 128
274 127
274 126
274 125
274 124
275 124
276 124
277 124
278 124
279 124
280 124
281 124
282 123
282 122
282 121
282 120
282 119
282 118
282 117
282 116
282 115
282 114
282 113
282 112
282 111
282 110
282 109
282 108
282 107
281 107
280 107
279 107
278 107
277 107
276 107
275 107
274 107
273 107
272 107
271 107
270 107
269 107
268 107
267 107
273 124
272 124
271 124
270 124
269 124
268 124
267 124
304 146
304 145
304 144
304 143
304 142
304 141
304 140
304 139
304 138
304 137
304 136
304 135
304 134
304 133
304 132
304 131
304 130
304 129
304 128
304 127
304 126
304 125
304 124
304 123
304 122
304 121
304 120
304 119
304 118
304 117
305 117
306 117
307 117
308 117
309 117
310 117
311 117
312 117
313 117
314 117
315 117
316 117
317 116
318 115
319 114
320 113
321 113
322 113
323 113
324 113
325 113
326 113
327 113
328 113
329 113
330 113
331 113
331 112
332 114
332 115
332 116
332 117
332 118
332 119
332 120
332 121
332 122
332 123
332 124
333 124
334 124
335 124
336 124
337 124
338 124
339 124
340 124
341 124
342 124
343 124
344 125
345 125
346 125
347 125
348 125
349 125
350 125
351 125
352 125
353 125
354 125
355 125
356 125
357 125
358 125
359 125
360 125
361 125
362 125
363 125
364 125
365 125
366 125
367 125
368 125
369 125
370 125
371 125
372 125
373 125
374 125
375 125
376 125
377 125
378 125
379 125
380 125
381 125
382 125
383 125
384 125
385 125
386 125
387 125
388 125
389 125
390 125
391 125
392 125
393 125
394 125
395 125
396 125
397 125
398 125
399 125
400 125
401 125
402 125
403 125
393 124
393 123
393 122
393 121
393 120
393 119
393 118
393 117
393 116
393 115
393 114
393 113
393 112
393 111
393 110
392 110
394 110
395 110
396 110
397 110
398 110
399 110
400 110
401 110
402 110
403 110
404 110
405 110
406 110
407 110
408 109
409 108
410 107
411 107
412 107
413 107
414 107
415 107
416 107
417 107
418 107
419 107
420 107
421 107
422 107
423 107
424 107
425 107
426 107
427 107
428 107
429 107
430 107
431 107
432 107
433 107
434 107
435 107
436 107
437 107
438 107
439 107
440 107
441 107
442 107
443 107
444 107
445 107
446 107
447 107
448 107
449 107
450 107
451 107
452 107
453 107
454 107
455 107
456 107
457 107
458 107
459 107
460 107
461 107
462 107
463 107
464 107
465 107
466 107
467 107
468 107
469 107
470 107
471 107
472 107
473 107
474 107
475 107
476 107
477 107
478 107
479 107
480 107
481 107
482 107
483 107
484 107
485 107
486 107
487 107
488 107
489 107
490 107
491 107
492 107
493 107
494 107
495 107
496 107
497 107
498 107
499 107
500 107
501 107
502 107
503 107
504 107
505 107
506 107
507 107
508 107
509 107
510 107
511 107
512 107
513 107
514 107
515 107
516 107
517 107
518 107
519 107
520 107
521 107
522 107
523 107
524 107
525 107
526 107
527 107
528 107
529 107
530 107
531 107
532 107
533 107
534 107
535 107
536 107
537 107
538 107
539 107
540 107
541 107
542 107
543 107
544 107
545 107
546 107
547 107
548 107
549 107
550 107
551 107
552 107
553 107
554 107
555 107
556 107
557 107
558 107
559 107
560 107
561 107
562 107
563 107
564 107
565 107
566 107
567 107
568 107
569 107
570 107
571 107
572 107
572 108
572 109
572 110
572 111
572 112
572 113
572 114
572 115
572 116
572 117
572 118
572 119
572 120
572 121
573 122
574 123
575 124
576 125
577 126
578 127
579 128
580 129
581 130
581 131
581 132
581 133
581 134
581 135
581 136
581 137
581 138
581 139
581 140
581 141
581 142
581 143
581 144
581 145
581 146
581 147
581 148
580 148
580 149
580 150
580 151
580 152
580 153
580 154
580 155
580 156
580 157
580 158
580 159
580 160
580 161
580 162
580 163
582 148
583 148
584 148
585 148
586 148
587 148
588 148
589 148
590 148
591 148
592 148
593 148
594 148
595 148
596 147
597 146
597 145
597 144
597 143
597 142
597 141
597 140
597 139
597 138
597 137
597 136
597 135
597 134
597 133
598 147
599 148
600 149
601 150
602 151
603 152
604 153
605 154
606 154
607 154
608 154
609 154
610 154
611 153
612 152
613 151
614 150
615 149
616 148
617 147
618 147
619 147
620 147
621 147
622 147
623 147
624 147
625 147
625 146
625 145
625 144
625 143
625 142
625 141
625 140
625 139
625 138
625 137
625 136
625 135
625 134
625 133
625 132
626 144
627 144
628 144
629 144
630 144
631 144
632 144
633 144
634 144
635 144
636 144
637 144
638 144
639 144
640 144
641 145
642 146
643 147
644 148
644 149
644 150
644 151
644 152
644 153
644 154
644 155
644 156
644 157
644 158
644 159
643 160
642 161
641 162
640 162
639 162
638 162
637 162
636 162
635 162
634 162
633 162
632 162
631 162
630 162
629 162
628 163
627 164
627 165
627 166
627 167
627 168
627 169
627 170
627 171
627 172
627 173
627 174
627 175
627 176
627 177
604 155
603 156
602 157
601 158
600 159
599 160
598 161
597 162
596 163
595 163
595 164
595 165
595 166
595 167
595 168
595 169
595 170
595 171
595 172
595 173
595 174
595 175
595 176
595 177
595 178
596 178
596 179
596 180
596 181
596 182
596 183
596 184
596 185
596 186
596 187
596 188
596 189
596 190
596 191
596 192
596 193
595 193
594 193
593 193
592 193
591 193
590 193
589 193
588 193
587 193
586 193
585 193
584 193
584 194
584 195
584 196
584 197
584 198
584 199
584 200
584 201
584 202
584 203
584 204
584 205
584 206
584 207
584 208
583 197
582 197
581 197
580 197
579 197
578 197
577 197
576 197
575 197
574 197
573 197
572 197
571 197
570 197
569 197
597 193
598 193
599 193
600 194
601 195
602 196
603 197
604 198
604 199
604 200
604 201
604 202
604 203
605 203
606 203
607 203
608 203
609 203
610 203
611 203
612 203
613 203
614 203
615 204
616 205
617 206
618 207
619 208
620 209
621 210
622 211
623 211
624 211
625 211
626 210
627 209
628 208
629 207
629 206
629 205
629 204
629 203
629 202
629 201
629 200
629 199
629 198
629 197
629 196
603 204
602 205
601 206
600 207
599 208
599 209
599 210
599 211
599 212
599 213
599 214
599 215
599 216
599 217
599 218
599 219
599 220
599 221
599 222
599 223
598 223
597 223
596 223
595 223
594 223
593 223
592 223
591 223
590 223
589 223
588 223
587 223
586 223
585 223
584 223
583 223
582 223
581 223
580 223
579 223
578 223
577 223
576 223
575 223
574 223
600 223
601 223
602 223
602 224
602 225
602 226
602 227
602 228
602 229
602 230
602 231
602 232
602 233
602 234
602 235
602 236
602 237
602 238
601 238
600 238
599 238
598 238
597 238
596 238
595 238
594 238
593 238
592 238
591 238
590 238
589 238
588 238
587 238
586 238
585 238
584 238
583 238
582 238
581 238
580 238
579 238
578 238
577 238
576 238
576 239
576 240
576 241
576 242
576 243
576 244
576 245
576 246
576 247
576 248
576 249
576 250
576 251
576 252
576 253
576 254
576 255
576 256
576 257
576 258
576 259
576 260
576 261
576 262
576 263
576 264
576 265
576 266
576 267
576 268
577 268
578 268
579 268
580 268
581 268
582 268
583 268
584 268
585 268
586 268
587 268
588 268
589 268
590 268
591 268
592 268
593 268
594 268
595 268
596 268
597 268
598 268
599 268
600 268
601 268
602 268
603 268
604 268
605 268
606 268
607 268
608 268
609 268
610 268
611 268
612 268
613 268
614 268
615 268
616 268
617 268
618 268
619 268
620 268
621 268
622 267
623 266
623 265
623 264
623 263
623 262
623 261
623 260
623 259
623 258
623 257
623 256
623 255
623 254
622 269
623 270
624 271
625 272
625 273
625 274
625 275
625 276
625 277
625 278
625 279
625 280
625 281
625 282
625 283
576 269
576 270
576 271
576 272
576 273
576 274
576 275
576 276
576 277
576 278
576 279
576 280
576 281
576 282
576 283
575 283
575 284
575 285
575 286
575 287
575 288
575 289
575 290
575 291
575 292
575 293
575 294
575 295
575 296
575 297
575 298
575 299
575 300
575 301
575 302
575 303
575 304
575 305
575 306
575 307
575 308
575 309
575 310
575 311
575 312
575 313
574 314
573 315
572 316
572 317
572 318
572 319
572 320
572 321
572 322
572 323
572 324
572 325
572 326
572 327
572 328
576 298
577 298
578 298
579 298
580 298
581 298
582 298
583 298
584 298
585 298
586 298
587 298
588 298
589 298
590 298
590 299
590 300
590 301
590 302
590 303
590 304
590 305
590 306
590 307
590 308
590 309
590 310
591 309
592 309
593 309
594 309
595 309
596 309
597 309
598 309
599 309
600 309
601 309
602 309
603 309
604 309
605 309
606 310
607 311
608 312
609 313
610 313
611 313
612 313
613 313
614 313
615 313
616 313
617 313
618 313
619 313
620 313
621 312
622 311
623 310
624 309
625 308
625 307
625 306
625 305
625 304
625 303
625 302
625 301
625 300
625 299
621 314
622 315
623 316
624 317
625 318
625 319
625 320
625 321
626 322
626 323
626 324
626 325
626 326
626 327
626 328
626 329
626 330
626 331
626 332
626 333
626 334
626 335
626 336
627 337
628 338
628 339
628 340
628 341
628 342
628 343
628 344
628 345
628 346
628 347
628 348
628 349
628 350
628 351
627 344
626 344
625 344
624 344
623 344
622 344
621 344
620 344
619 344
618 344
617 344
616 344
615 344
614 344
613 344
608 314
607 315
606 316
605 317
604 318
603 319
602 320
602 321
602 322
602 323
602 324
601 324
600 324
599 324
598 324
597 324
596 324
595 324
594 324
593 324
592 324
591 324
590 324
589 324
588 324
587 324
598 325
598 326
598 327
598 328
598 329
598 330
598 331
598 332
598 333
598 334
598 335
598 336
598 337
598 338
598 339
598 340
598 341
598 342
598 343
598 344
598 345
598 346
598 347
598 348
598 349
598 350
598 351
598 352
598 353
598 354
597 354
596 354
595 354
594 354
593 354
592 354
591 354
590 354
589 354
588 354
587 354
586 354
585 354
584 354
583 354
583 353
583 352
583 351
583 350
583 349
583 348
583 347
583 346
583 345
583 344
583 343
583 342
583 341
583 340
583 339
582 348
581 348
580 348
579 348
578 348
577 348
576 348
575 348
574 348
573 348
572 348
571 348
570 348
569 348
568 348
567 348
566 348
565 348
564 348
563 348
562 348
561 348
560 348
559 348
558 348
557 348
556 348
555 348
554 348
553 348
552 348
552 347
552 346
552 345
552 344
552 343
552 342
552 341
552 340
552 339
552 338
552 337
552 336
552 335
552 334
552 333
552 332
552 331
552 330
552 329
552 328
552 327
552 326
552 325
552 324
552 323
552 322
552 321
552 320
551 320
550 320
549 320
548 320
547 320
546 320
545 320
544 320
543 320
542 320
541 320
540 321
539 322
538 323
552 319
552 318
552 317
552 316
552 315
552 314
552 313
552 312
552 311
552 310
552 309
552 308
552 307
552 306
552 305
552 304
552 303
552 302
552 301
552 300
552 299
552 298
552 297
552 296
552 295
552 294
552 293
552 292
552 291
552 290
551 290
550 290
549 290
548 290
547 290
546 290
545 290
544 290
543 290
542 290
541 290
540 290
539 290
538 290
537 290
536 291
535 292
535 293
535 294
535 295
535 296
535 297
535 298
535 299
535 300
535 301
535 302
535 303
549 289
549 288
549 287
549 286
549 285
549 284
549 283
549 282
549 281
549 280
549 279
549 278
549 277
549 276
549 275
548 275
547 275
546 275
545 275
544 275
543 275
542 275
541 275
540 275
539 275
538 275
537 275
536 275
535 275
534 275
533 275
532 275
531 275
530 275
529 275
528 275
527 275
526 275
525 275
524 275
523 275
522 275
521 275
520 275
519 274
519 276
519 277
519 278
519 279
519 280
519 281
519 282
519 283
519 284
519 285
519 286
519 287
519 288
519 289
518 289
517 289
516 289
515 289
514 289
513 289
512 289
511 289
510 289
509 289
508 289
507 289
506 289
505 289
504 289
504 288
504 287
504 286
504 285
504 284
504 283
504 282
504 281
504 280
504 279
504 278
504 277
504 276
504 275
504 274
504 273
504 272
504 271
504 270
504 269
504 268
504 267
503 266
504 265
505 264
506 263
507 262
508 261
509 260
510 259
511 258
511 257
511 256
511 255
511 254
512 255
513 256
514 257
515 258
516 259
517 259
518 259
519 259
511 253
511 252
511 251
511 250
511 249
511 248
511 247
511 246
511 245
511 244
511 243
511 242
511 241
511 240
511 239
510 239
509 239
508 239
507 239
506 239
505 239
504 239
503 239
502 239
501 239
500 239
499 239
498 239
497 239
496 239
495 239
494 239
493 239
492 239
491 239
490 239
489 239
488 239
487 239
486 239
485 239
484 239
483 239
482 239
481 239
480 239
479 239
478 239
477 239
476 239
475 239
474 239
473 239
472 239
471 239
470 239
469 239
468 239
467 239
466 239
465 239
464 239
463 239
462 239
461 239
460 239
460 238
460 237
460 236
460 235
460 234
460 233
460 232
460 231
460 230
460 229
460 228
460 227
460 226
460 225
460 224
461 224
462 224
463 224
464 224
465 224
466 224
467 224
468 224
469 224
470 224
471 224
472 224
473 224
474 224
475 224
476 224
477 224
478 224
479 224
480 224
481 224
482 224
483 224
484 224
485 224
486 224
487 224
488 224
489 224
490 224
491 224
492 224
493 224
494 224
495 224
496 224
497 224
498 224
499 224
500 224
501 224
502 224
503 224
504 224
505 224
506 224
507 224
508 224
509 224
510 224
511 224
512 224
513 224
514 224
515 224
516 224
517 224
518 224
519 224
520 224
475 240
475 241
475 242
475 243
475 244
475 245
475 246
475 247
475 248
475 249
475 250
475 251
475 252
475 253
475 254
474 254
473 254
472 254
471 254
470 254
469 254
468 254
467 254
466 254
465 254
464 254
463 254
476 254
477 254
478 254
479 255
480 256
481 257
482 258
483 259
484 260
485 261
486 261
487 261
488 261
512 239
513 239
514 239
515 239
516 239
517 239
518 239
519 239
520 239
504 290
504 291
504 292
504 293
504 294
505 295
505 296
505 297
505 298
505 299
505 300
505 301
505 302
505 303
505 304
505 305
505 306
506 307
506 308
506 309
506 310
506 311
506 312
506 313
506 314
506 315
506 316
506 317
506 318
506 319
506 320
507 320
508 320
509 320
510 320
511 320
512 320
513 320
514 320
515 320
516 320
517 320
518 320
519 320
520 320
505 321
504 321
503 321
502 321
501 321
500 321
499 321
498 321
497 321
496 321
495 321
494 321
493 321
492 321
491 321
490 321
489 321
488 321
487 321
486 321
485 321
484 321
483 321
482 321
481 321
480 321
479 321
478 321
477 321
476 321
475 321
474 321
473 321
472 321
471 321
470 321
469 321
468 321
467 321
466 321
465 321
464 321
463 321
462 321
461 321
460 321
460 320
460 319
460 318
460 317
460 316
460 315
460 314
460 313
460 312
460 311
460 310
460 309
460 308
460 307
460 306
475 320
475 319
475 318
475 317
475 316
475 315
475 314
475 313
475 312
475 311
475 310
475 309
475 308
475 307
475 306
475 305
475 304
475 303
475 302
475 301
475 300
475 299
475 298
475 297
475 296
475 295
475 294
475 293
475 292
475 291
474 291
473 291
472 291
471 291
470 291
469 291
468 291
467 291
466 291
465 291
464 291
463 291
473 290
473 289
473 288
473 287
473 286
473 285
473 284
473 283
473 282
473 281
473 280
473 279
473 278
473 277
473 276
474 276
475 276
476 276
477 276
478 276
479 276
480 276
481 276
482 276
483 276
484 276
485 276
486 276
487 276
488 276
472 275
471 275
470 275
469 275
468 275
467 275
466 275
465 275
464 275
463 275
462 275
461 275
460 275
459 275
458 275
476 291
477 291
478 291
490 320
490 319
490 318
490 317
490 316
490 315
490 314
490 313
490 312
490 311
490 310
490 309
490 308
490 307
490 306
506 304
507 304
508 304
509 304
510 304
511 304
512 304
513 304
514 304
515 304
516 304
517 304
518 304
519 304
520 304
550 274
551 273
552 272
553 271
554 270
555 270
556 270
557 270
558 270
559 270
560 270
561 270
560 269
559 268
558 267
557 266
556 265
555 264
554 263
553 262
553 261
553 260
552 260
551 260
550 260
549 260
548 260
547 260
546 260
545 260
544 260
543 260
542 260
541 260
540 260
539 260
550 259
550 258
550 257
550 256
550 255
550 254
550 253
550 252
550 251
550 250
550 249
550 248
550 247
550 246
550 245
549 245
548 245
547 245
546 245
545 245
544 245
543 245
542 245
541 245
540 245
539 245
538 245
537 245
536 245
535 245
551 244
552 243
553 242
553 241
553 240
553 239
553 238
553 237
553 236
553 235
552 234
551 233
550 232
549 231
548 230
547 230
546 230
545 230
544 230
543 230
542 230
541 230
540 230
539 230
539 229
539 228
539 227
539 226
539 225
539 224
539 223
539 222
539 221
539 220
539 219
539 218
539 217
539 216
539 215
540 220
541 220
542 220
543 220
544 220
545 220
546 220
547 220
548 220
549 220
550 220
551 220
552 220
553 220
553 219
553 218
553 217
553 216
553 215
553 214
553 213
553 212
553 211
553 210
553 209
553 208
553 207
553 206
553 205
552 204
551 203
550 202
550 201
550 200
550 199
550 198
550 197
550 196
550 195
550 194
550 193
550 192
550 191
550 190
549 200
548 200
547 200
546 200
545 200
544 200
543 200
542 200
541 200
540 200
539 200
538 200
537 199
536 198
535 197
534 196
533 195
532 194
531 194
551 338
550 338
549 338
548 338
547 338
546 338
545 338
544 338
543 338
542 338
541 338
540 338
539 338
538 338
537 338
536 338
535 338
534 338
533 338
532 338
531 338
530 338
529 338
528 338
527 338
526 338
525 338
524 338
523 338
522 338
521 338
520 338
519 338
518 338
517 338
516 338
515 338
514 338
513 338
512 338
511 338
510 338
509 338
508 339
507 340
507 341
507 342
507 343
507 344
507 345
507 346
507 347
507 348
507 349
507 350
507 351
507 352
507 353
506 352
505 352
504 352
503 352
502 352
501 352
500 352
499 352
498 352
497 352
496 352
495 352
494 352
493 352
493 351
493 350
493 349
493 348
493 347
493 346
493 345
493 344
493 343
493 342
493 341
493 340
493 339
493 338
492 339
491 339
490 339
489 339
488 339
487 339
486 339
485 339
484 339
483 339
482 339
481 339
480 339
479 339
478 339
478 340
478 341
478 342
478 343
478 344
478 345
478 346
478 347
478 348
478 349
478 350
478 351
478 352
478 353
478 354
478 355
478 356
478 357
478 358
478 359
478 360
478 361
478 362
478 363
478 364
478 365
478 366
478 367
477 367
476 367
475 367
474 367
473 368
472 369
472 370
472 371
472 372
472 373
472 374
472 375
472 376
472 377
472 378
472 379
472 380
472 381
472 382
473 382
474 382
475 382
476 382
477 382
478 382
479 382
480 382
481 382
482 382
483 382
484 382
485 382
486 382
487 382
488 382
489 382
471 368
470 367
479 367
480 367
481 367
482 367
483 367
484 367
485 367
486 367
487 367
488 367
489 367
490 367
491 367
492 367
493 367
494 367
495 367
496 367
497 367
498 367
499 367
500 367
501 368
502 368
503 368
504 368
505 368
506 368
507 368
508 368
509 368
510 368
511 368
512 368
513 368
514 368
515 368
514 369
514 370
514 371
514 372
514 373
514 374
514 375
514 376
514 377
514 378
514 379
514 380
514 381
514 382
514 383
513 382
512 382
511 382
510 382
509 382
508 382
507 382
506 382
515 384
516 385
517 386
518 386
519 386
520 386
521 386
522 386
523 386
524 386
525 386
526 386
527 386
528 387
529 388
530 388
531 388
532 388
533 388
534 388
535 388
536 388
537 388
538 388
539 388
540 388
541 388
478 338
477 339
476 339
475 339
474 339
473 339
472 339
471 339
470 339
469 339
468 339
467 339
466 339
465 339
464 339
463 339
463 340
463 341
463 342
463 343
463 344
463 345
463 346
463 347
463 348
463 349
463 350
463 351
463 352
462 352
461 352
460 352
459 352
458 352
457 352
456 352
455 352
454 352
453 352
452 352
451 352
450 352
449 352
448 352
448 351
448 350
448 349
448 348
448 347
448 346
448 345
448 344
448 343
448 342
448 341
448 340
448 339
448 338
448 337
447 336
446 335
445 334
444 333
443 332
442 331
441 330
441 329
441 328
441 327
441 326
441 325
441 324
441 323
441 322
441 321
441 320
441 319
441 318
441 317
441 316
441 315
441 314
441 313
441 312
441 311
441 310
441 309
441 308
441 307
441 306
441 305
441 304
441 303
441 302
441 301
441 300
441 299
441 298
441 297
440 297
439 297
438 297
437 297
436 297
435 297
434 297
433 297
432 297
431 297
430 297
442 297
443 297
444 297
445 297
443 296
443 295
443 294
443 293
443 292
443 291
443 290
443 289
443 288
443 287
443 286
443 285
443 284
443 283
443 282
442 282
441 282
440 282
439 282
438 282
437 282
436 282
435 282
434 282
433 282
432 282
431 282
430 282
429 282
428 282
443 281
443 280
443 279
443 278
443 277
443 276
443 275
443 274
443 273
443 272
443 271
443 270
443 269
443 268
443 267
442 267
441 267
440 267
439 267
438 267
437 267
436 267
435 267
434 267
433 267
432 267
431 267
430 267
443 266
443 265
443 264
443 263
443 262
443 261
443 260
443 259
443 258
443 257
443 256
443 255
443 254
443 253
443 252
442 252
441 252
440 252
439 252
438 252
437 252
436 252
435 252
434 252
433 252
432 252
431 252
442 251
442 250
442 249
442 248
442 247
442 246
442 245
442 244
442 243
442 242
442 241
442 240
442 239
442 238
442 237
442 236
442 235
442 234
442 233
442 232
442 231
442 230
442 229
442 228
442 227
442 226
442 225
442 224
442 223
442 222
441 222
440 222
439 222
438 222
437 222
436 222
435 222
434 222
433 222
432 222
431 222
430 222
429 222
428 222
427 222
427 221
428 220
429 219
430 218
430 217
430 216
430 215
430 214
430 213
430 212
431 211
432 210
433 209
434 208
435 207
436 206
437 205
438 204
439 203
440 202
441 202
441 201
441 200
441 199
441 198
441 197
441 196
441 195
441 194
441 193
441 192
441 191
441 190
441 189
441 188
441 187
441 186
441 185
441 184
441 183
441 182
441 181
441 180
441 179
441 178
441 177
441 176
441 175
441 174
441 173
441 172
441 171
441 170
441 169
441 168
441 167
441 166
441 165
441 164
441 163
441 162
441 161
441 160
441 159
441 158
441 157
442 156
442 155
442 154
442 153
442 152
442 151
442 150
442 149
442 148
442 147
442 146
442 145
442 144
442 143
442 142
442 160
443 160
444 160
445 160
446 160
447 160
448 160
449 160
450 160
451 160
452 160
453 160
454 160
455 160
456 160
457 160
458 160
459 160
460 160
461 160
462 160
463 160
464 160
465 160
466 160
467 160
468 160
469 160
470 160
471 160
472 160
473 160
474 160
475 160
476 160
477 160
458 159
458 158
458 157
458 156
458 155
458 154
458 153
458 152
458 151
458 150
458 149
458 148
458 147
458 146
458 145
457 145
459 145
460 145
461 145
462 145
463 145
464 145
465 145
466 145
467 145
468 145
469 145
470 145
471 145
472 144
473 143
474 142
475 142
476 142
477 142
478 142
479 142
480 142
481 142
482 142
483 142
484 142
485 142
486 142
487 142
488 142
489 142
490 142
491 142
492 142
493 142
494 142
495 142
496 142
497 142
498 142
499 142
500 142
501 142
502 142
503 142
504 142
505 142
506 142
507 142
508 142
509 142
510 142
511 142
512 142
513 143
514 143
515 143
516 143
517 143
518 143
519 143
520 143
521 143
522 143
523 143
512 144
512 145
512 146
512 147
512 148
512 149
512 150
512 151
512 152
512 153
512 154
512 155
512 156
512 157
511 157
510 157
509 157
508 157
507 157
506 157
505 157
504 157
503 157
502 158
501 159
500 160
499 161
498 161
497 161
496 161
495 161
494 161
500 161
500 162
500 163
500 164
500 165
500 166
500 167
500 168
500 169
500 170
500 171
500 172
500 173
500 174
501 175
501 176
501 177
501 178
501 179
501 180
501 181
501 182
501 183
501 184
501 185
501 186
501 187
501 188
501 189
501 190
513 158
514 158
515 158
516 158
517 158
518 158
519 158
520 158
521 158
522 158
523 158
524 158
525 158
526 158
527 158
528 159
529 159
530 159
531 159
532 159
533 159
534 159
535 159
536 159
537 159
538 159
539 159
540 159
541 159
542 159
543 158
544 157
545 156
546 155
546 154
546 153
546 152
546 151
546 150
546 149
546 148
546 147
546 146
546 145
546 144
547 156
548 157
549 158
550 159
551 159
552 159
553 159
554 159
555 159
556 159
557 159
549 160
548 161
547 162
547 163
547 164
547 165
547 166
547 167
547 168
547 169
547 170
547 171
547 172
440 164
439 164
438 164
437 164
436 164
435 164
434 164
433 164
432 164
431 164
430 164
429 164
428 164
427 164
426 164
426 163
426 162
426 161
426 160
426 159
426 158
426 157
426 156
426 155
426 154
426 153
426 152
426 151
426 150
425 149
424 148
423 147
422 146
421 145
420 144
419 143
418 143
417 143
416 143
415 143
414 143
413 143
412 143
411 143
410 143
409 143
408 143
407 143
406 143
405 143
404 143
403 143
402 143
401 143
400 143
399 143
398 143
397 143
396 143
395 143
394 143
393 143
392 143
391 143
390 143
389 143
388 143
387 143
386 143
385 143
384 143
383 143
382 143
381 144
380 145
379 146
378 147
377 148
376 149
375 150
374 150
426 165
426 166
426 167
426 168
426 169
426 170
426 171
426 172
426 173
426 174
426 175
426 176
426 177
426 178
426 179
426 180
442 193
443 193
444 193
445 193
446 193
447 193
448 193
449 193
450 193
451 193
452 193
453 193
454 193
455 193
456 193
456 194
456 195
456 196
456 197
456 198
456 199
456 200
456 201
456 202
456 203
456 204
456 205
457 205
458 205
459 205
460 205
461 205
462 205
463 205
464 205
465 205
466 205
467 205
468 205
469 205
470 205
471 205
471 204
471 203
471 202
471 201
471 200
471 199
471 198
471 197
471 196
471 195
471 194
471 193
471 192
471 191
471 190
471 189
471 188
471 187
471 186
471 185
471 184
471 183
471 182
471 181
471 180
471 179
471 178
471 177
471 176
471 175
470 175
472 175
473 175
474 175
475 175
476 175
477 175
478 175
479 175
480 175
481 175
482 175
483 175
484 175
485 175
472 205
473 205
474 205
475 205
476 205
477 205
478 205
479 205
480 205
481 205
482 205
483 205
484 205
485 205
486 205
487 205
488 205
489 205
490 205
491 205
492 205
493 205
494 205
495 205
496 205
497 205
498 205
499 205
500 205
501 205
502 205
503 205
504 205
505 205
506 205
507 205
508 205
509 205
510 205
511 205
512 205
513 205
514 205
515 205
516 205
516 204
516 203
516 202
516 201
516 200
516 199
516 198
516 197
516 196
516 195
516 194
516 193
516 192
516 191
516 190
516 189
516 188
516 187
516 186
516 185
516 184
516 183
516 182
516 181
516 180
516 179
486 204
486 203
486 202
486 201
486 200
486 199
486 198
486 197
486 196
486 195
486 194
486 193
486 192
486 191
486 190
439 201
438 200
437 199
436 198
435 197
434 197
433 197
432 197
431 197
430 197
429 197
428 197
427 197
426 197
425 197
424 197
423 197
422 197
421 197
420 197
419 197
418 197
417 197
416 197
415 197
414 197
413 197
413 198
413 199
413 200
413 201
413 202
413 203
413 204
413 205
413 206
413 207
413 208
413 209
413 210
414 211
415 212
412 196
411 195
410 195
409 195
408 195
407 195
406 195
405 195
404 195
403 195
402 195
401 195
400 195
399 195
398 195
397 194
397 193
397 192
397 191
397 190
397 189
397 188
397 187
397 186
397 185
397 184
397 183
397 182
397 181
397 180
398 179
399 178
400 177
401 176
402 175
403 174
404 173
405 173
406 173
407 173
408 173
409 173
396 190
395 190
394 190
393 190
392 190
391 190
390 190
389 190
388 190
387 190
386 190
385 190
384 190
383 190
382 189
382 188
382 187
382 186
382 185
382 184
382 183
382 182
382 181
382 180
382 179
382 178
382 177
382 176
382 175
381 184
380 184
379 184
378 184
377 184
376 184
375 184
374 184
373 184
372 184
371 184
370 184
369 184
368 184
367 184
366 184
365 184
364 184
363 184
362 184
361 184
360 184
359 184
358 184
357 184
356 184
355 184
354 184
353 184
352 184
351 184
350 184
349 184
348 184
347 184
346 184
345 184
344 184
343 184
342 184
341 184
340 184
339 184
338 184
337 184
336 183
335 183
334 183
333 183
332 183
331 183
330 183
329 183
328 183
327 183
326 183
325 183
324 183
323 183
322 183
367 183
367 182
367 181
367 180
367 179
367 178
367 177
367 176
367 175
367 174
367 173
367 172
367 171
367 170
367 169
367 168
366 167
365 167
364 167
363 167
362 167
361 167
360 167
359 167
358 167
357 167
356 167
355 167
354 167
353 167
352 167
351 166
350 166
349 166
348 166
347 166
346 166
345 166
344 166
343 166
342 166
341 166
340 166
339 166
338 166
337 166
336 166
335 166
334 166
333 166
332 166
331 166
330 166
329 166
328 166
327 166
326 166
325 166
324 166
323 166
322 166
427 223
427 224
427 225
427 226
427 227
427 228
427 229
427 230
427 231
427 232
427 233
427 234
427 235
427 236
440 328
439 329
438 330
437 331
436 332
435 333
434 334
433 335
432 335
431 334
430 333
429 332
428 331
427 330
426 329
426 328
426 327
426 326
426 325
426 324
426 323
426 322
426 321
426 320
426 319
426 318
426 317
426 316
426 315
426 314
425 330
424 331
423 332
422 333
421 334
420 335
419 335
418 335
417 335
416 335
415 335
433 336
433 337
433 338
433 339
433 340
433 341
433 342
433 343
433 344
433 345
433 346
433 347
433 348
433 349
433 350
433 351
433 352
433 353
433 354
433 355
433 356
433 357
433 358
433 359
433 360
433 361
433 362
433 363
433 364
433 365
433 366
433 367
433 368
433 369
433 370
433 371
433 372
434 373
435 373
436 373
437 373
438 373
439 373
440 373
441 373
442 373
443 373
444 374
445 375
445 376
445 377
445 378
445 379
445 380
445 381
445 382
445 383
445 384
445 385
445 386
445 387
446 387
447 387
448 387
449 387
450 387
451 387
452 387
453 387
454 387
455 387
456 387
457 387
458 388
459 389
460 390
460 391
460 392
460 393
460 394
460 395
460 396
460 397
460 398
460 399
461 399
462 399
463 399
464 399
465 399
466 399
467 399
468 399
469 399
470 399
471 399
472 399
473 400
474 401
475 402
476 403
477 403
478 403
479 403
480 403
481 403
482 403
483 403
484 403
485 404
486 404
487 404
488 404
489 404
490 404
491 404
492 404
493 404
494 404
495 404
496 404
497 404
498 404
499 404
500 404
501 404
502 404
503 404
504 404
505 404
506 404
507 404
508 404
509 404
510 404
511 404
512 404
513 404
514 404
515 404
516 404
517 404
518 404
519 404
520 404
521 404
522 404
523 404
524 404
525 404
526 404
527 404
528 404
529 404
530 404
459 400
458 401
457 402
456 403
455 403
454 403
453 403
452 403
451 403
450 403
449 403
448 403
447 403
446 403
445 403
444 403
443 403
442 402
441 402
440 402
439 402
438 402
437 402
436 402
435 402
434 402
433 402
432 402
431 402
430 402
444 388
443 387
442 387
441 387
440 387
439 387
438 387
437 387
436 387
435 387
434 387
433 387
432 387
431 387
432 350
431 350
430 350
429 350
428 350
427 350
426 350
425 350
424 350
423 350
422 350
421 350
420 350
419 350
418 350
417 350
416 350
415 350
414 350
413 350
412 350
411 350
410 350
409 350
408 350
407 350
406 350
405 350
404 350
403 350
402 351
401 352
400 353
399 354
398 354
397 354
396 354
395 354
394 354
393 354
392 354
391 354
390 354
389 355
388 356
387 357
386 358
385 359
384 360
383 361
382 361
381 360
380 359
379 358
378 359
377 360
376 361
375 362
374 363
373 364
372 365
371 365
370 365
369 365
368 365
368 366
368 367
368 368
368 369
368 370
368 371
368 372
368 373
368 374
368 375
368 376
367 364
366 363
365 362
364 361
363 361
362 361
361 361
360 361
359 361
358 361
357 361
356 361
355 361
354 361
353 361
352 361
351 361
350 361
349 361
348 362
347 362
346 362
345 362
344 362
343 362
342 362
341 362
340 362
339 362
338 362
337 362
336 362
335 362
334 362
333 363
332 364
331 365
330 366
329 367
328 368
327 368
326 368
325 368
324 368
323 368
322 368
321 368
329 369
330 370
331 371
332 372
333 373
334 374
335 375
336 376
337 377
336 378
335 379
334 380
333 381
332 382
331 383
331 384
331 385
331 386
331 387
331 388
331 389
331 390
331 391
331 392
331 393
332 394
333 395
334 396
335 397
335 398
335 399
383 362
383 363
383 364
383 365
383 366
383 367
383 368
383 369
383 370
383 371
383 372
405 351
405 352
405 353
405 354
405 355
405 356
405 357
405 358
405 359
405 360
405 361
405 362
405 363
405 364
405 365
406 366
407 367
408 368
409 369
409 370
409 371
409 372
409 373
409 374
463 338
537 339
537 340
537 341
537 342
537 343
537 344
537 345
537 346
537 347
537 348
537 349
537 350
537 351
537 352
537 353
536 353
535 353
534 353
533 353
532 353
531 353
530 353
529 353
528 353
527 353
526 353
525 353
524 353
523 353
522 353
552 349
552 350
597 355
597 356
597 357
597 358
597 359
597 360
597 361
597 362
597 363
597 364
597 365
597 366
597 367
597 368
597 369
596 369
595 369
594 369
593 369
592 369
591 369
590 369
589 369
588 369
587 369
586 369
585 369
584 369
583 369
582 369
583 370
583 371
583 372
583 373
583 374
583 375
583 376
583 377
583 378
583 379
583 380
583 381
583 382
583 383
583 384
583 385
583 386
583 387
583 388
583 389
583 390
583 391
583 392
583 393
583 394
583 395
583 396
583 397
583 398
583 399
584 399
585 399
586 399
587 399
588 399
589 399
590 399
591 399
592 399
593 399
594 399
595 399
596 399
597 399
598 399
599 398
600 397
601 396
602 395
603 394
604 393
605 392
606 392
607 392
608 392
609 392
610 392
611 392
612 392
613 392
614 393
615 394
616 395
617 396
618 397
619 398
620 399
621 400
622 400
623 400
624 400
625 400
626 400
627 400
627 401
627 402
627 403
627 404
627 405
627 406
627 407
627 408
627 409
627 410
627 411
627 412
627 413
627 414
628 399
629 400
630 401
631 401
632 401
633 401
634 401
635 401
636 401
637 401
638 401
639 401
640 401
641 401
642 401
642 402
643 400
644 399
645 398
646 397
646 396
646 395
646 394
646 393
646 392
646 391
646 390
646 389
646 388
646 387
646 386
646 385
642 403
642 404
642 405
642 406
642 407
642 408
642 409
642 410
642 411
629 398
629 397
629 396
629 395
629 394
629 393
629 392
629 391
629 390
629 389
629 388
629 387
629 386
629 385
629 384
628 383
627 382
627 381
627 380
627 379
627 378
627 377
627 376
627 375
627 374
627 373
627 372
627 371
627 370
627 369
604 391
603 390
602 389
601 388
600 387
599 386
598 385
598 384
596 400
596 401
596 402
596 403
596 404
596 405
596 406
596 407
596 408
596 409
596 410
596 411
596 412
596 413
596 414
595 414
594 414
593 414
592 414
591 414
590 414
589 414
588 414
587 414
586 414
585 414
584 414
583 414
582 414
581 414
580 415
579 416
578 417
577 418
576 419
575 420
574 421
573 422
573 423
572 423
571 423
570 423
569 423
568 423
567 423
566 423
565 423
564 423
563 423
562 423
561 423
560 423
559 423
558 423
558 424
558 425
558 426
558 427
558 428
558 429
558 430
558 431
558 432
558 433
558 434
558 435
558 436
558 437
557 437
556 437
555 437
554 437
553 437
552 437
551 437
550 437
549 437
548 437
547 437
546 437
545 437
544 437
543 437
542 437
541 437
540 437
539 437
538 437
537 437
536 437
535 437
534 437
533 437
532 437
531 437
530 437
529 437
528 437
527 437
526 437
525 437
524 437
523 437
522 437
521 437
520 437
519 437
518 437
517 437
516 437
515 437
514 437
513 437
512 437
511 437
510 437
509 437
508 437
507 437
506 437
505 437
504 437
503 437
502 437
501 437
500 437
499 437
498 437
497 437
496 437
495 437
494 437
493 437
492 437
491 437
490 437
489 437
488 437
487 437
486 437
485 437
484 437
483 437
482 437
481 437
480 437
479 437
478 437
477 437
476 437
475 437
474 437
473 437
472 437
471 437
470 437
469 437
468 437
467 437
466 437
465 437
464 437
463 437
462 437
461 437
460 437
459 437
458 437
457 437
456 437
455 437
454 437
453 437
452 437
451 437
450 437
449 437
448 437
447 437
446 437
445 437
444 437
443 437
442 437
441 437
440 437
439 437
438 437
438 436
438 435
438 434
438 433
438 432
438 431
438 430
438 429
438 428
438 427
438 426
438 425
438 424
438 423
438 422
437 437
436 437
435 437
434 437
433 437
432 437
431 437
430 437
429 437
428 437
427 437
426 437
425 437
424 437
423 437
423 436
423 435
423 434
423 433
423 432
423 431
423 430
423 429
423 428
423 427
423 426
423 425
423 424
423 423
423 422
422 437
421 437
420 437
419 437
418 437
417 437
416 437
415 437
414 437
413 437
412 437
411 437
410 437
409 437
408 437
408 436
408 435
408 434
408 433
408 432
408 431
408 430
408 429
408 428
408 427
408 426
408 425
408 424
408 423
408 422
408 421
408 420
407 420
406 420
405 420
404 420
403 420
402 420
401 420
400 420
399 420
398 420
397 420
396 420
395 420
394 420
393 420
392 421
391 422
390 423
389 424
388 425
387 426
386 427
385 428
384 429
383 430
382 430
381 430
380 430
379 430
378 430
377 430
376 430
375 430
374 430
373 430
372 430
371 430
370 430
369 430
368 430
368 429
368 428
368 427
368 426
368 425
368 424
368 423
368 422
368 421
368 420
368 419
369 418
370 417
371 416
372 415
373 414
374 413
375 412
376 411
377 410
378 410
378 409
378 408
378 407
378 406
378 405
378 404
378 403
378 402
378 401
378 400
378 399
378 398
378 397
378 396
378 395
367 430
366 430
365 430
364 430
363 430
362 430
361 430
360 430
359 430
358 430
357 430
356 430
355 430
354 430
354 431
354 432
354 433
354 434
354 435
354 436
354 437
354 438
354 439
354 440
354 441
354 442
354 443
355 444
356 445
356 446
356 447
356 448
356 449
356 450
356 451
356 452
356 453
356 454
356 455
356 456
355 457
354 458
353 458
352 458
351 458
350 458
349 458
348 458
347 458
346 458
345 458
344 458
343 458
342 458
341 459
340 460
339 461
338 462
338 463
338 464
338 465
338 466
338 467
338 468
338 469
338 470
338 471
338 472
353 459
353 460
353 461
353 462
353 463
353 464
353 465
353 466
353 467
353 468
353 469
353 470
353 471
357 457
358 458
359 459
360 460
361 460
362 460
363 460
364 460
365 460
366 460
367 460
368 460
369 460
370 460
368 461
368 462
368 463
368 464
368 465
368 466
368 467
368 468
368 469
368 470
368 471
367 472
366 473
365 474
365 475
365 476
365 477
365 478
365 479
365 480
365 481
365 482
365 483
365 484
365 485
365 486
365 487
365 488
365 489
365 490
365 491
365 492
365 493
365 494
365 495
365 496
365 497
365 498
365 499
365 500
365 501
366 502
367 503
368 504
369 505
370 505
371 505
372 505
373 505
374 505
375 505
376 505
364 502
363 503
362 504
361 505
360 506
359 507
358 507
357 507
356 507
355 507
354 507
353 507
352 507
352 508
352 509
352 510
352 511
352 512
352 513
352 514
352 515
352 516
352 517
352 518
352 519
352 520
351 506
350 505
350 504
350 503
350 502
350 501
350 500
350 499
350 498
350 497
350 496
350 495
350 494
350 493
350 492
350 491
350 490
349 502
348 502
347 502
346 502
345 502
344 502
343 502
342 502
341 502
340 502
339 502
338 502
337 502
336 502
335 502
334 501
333 500
333 499
333 498
333 497
333 496
333 495
333 494
333 493
333 492
333 491
333 490
333 489
333 488
333 487
366 487
367 488
368 489
369 490
370 490
371 490
372 490
373 490
374 490
375 490
376 490
377 490
378 490
379 490
380 489
381 488
382 487
383 486
384 485
385 484
386 483
386 482
386 481
387 480
388 479
389 478
390 477
391 477
392 477
393 477
394 477
395 477
396 477
397 477
398 477
399 477
400 477
401 477
402 477
403 477
404 477
405 477
406 477
407 477
408 477
409 477
410 477
411 477
412 477
413 477
414 477
415 477
416 477
416 478
416 479
416 480
416 481
416 482
416 483
416 484
416 485
416 486
416 487
416 488
416 489
416 490
416 491
416 492
415 493
414 493
413 493
412 493
411 493
410 493
409 493
408 493
407 493
406 493
405 493
404 493
403 493
402 493
353 429
353 428
353 427
353 426
353 425
353 424
353 423
353 422
352 421
351 420
350 419
349 418
348 418
347 418
346 418
345 418
344 418
343 418
342 418
341 418
340 418
339 418
338 418
337 418
336 418
335 418
334 418
333 418
332 418
331 418
330 418
329 418
328 418
327 418
326 418
325 418
324 418
323 418
322 419
321 420
320 421
319 422
318 423
318 424
318 425
318 426
318 427
318 428
318 429
317 424
316 424
315 424
314 424
313 424
312 424
311 424
310 424
309 424
308 424
307 424
306 424
305 424
304 424
303 424
303 425
303 426
303 427
303 428
303 429
303 430
303 431
303 432
303 433
303 434
303 435
302 436
301 437
301 438
301 439
301 440
301 441
301 442
301 443
301 444
301 445
301 446
301 447
301 448
301 449
300 450
299 451
302 449
303 449
304 449
305 449
306 449
307 449
308 449
309 449
310 449
311 449
312 449
313 449
313 450
313 451
313 452
313 453
313 454
313 455
313 456
313 457
313 458
313 459
313 460
313 461
313 462
313 463
313 464
313 465
313 466
313 467
313 468
313 469
313 470
313 471
313 472
313 473
313 474
313 475
313 476
312 476
311 476
310 476
309 476
308 476
307 476
306 476
305 476
304 476
303 476
302 476
301 476
300 476
299 476
298 476
297 477
296 478
296 479
296 480
296 481
296 482
296 483
296 484
296 485
296 486
296 487
296 488
296 489
296 490
296 491
297 492
298 492
299 492
300 492
301 492
302 492
303 492
304 492
305 492
306 492
307 492
308 492
309 492
310 492
311 492
302 423
301 422
300 422
299 422
298 422
297 422
296 422
295 422
294 422
293 422
292 422
291 422
290 422
289 422
288 422
287 422
286 422
285 422
284 422
283 422
282 422
281 422
280 422
279 422
278 422
277 422
276 422
275 422
274 422
273 422
272 422
271 422
270 422
269 422
268 422
267 422
266 422
265 422
264 422
263 422
262 422
261 422
260 422
259 422
258 422
257 422
256 422
255 422
254 422
253 422
252 422
251 422
250 422
249 422
248 422
247 422
246 422
245 422
244 422
243 422
242 422
241 422
240 422
239 422
238 421
237 421
236 421
235 421
234 421
233 421
232 421
231 421
230 421
229 421
228 421
227 421
226 421
225 421
224 421
223 421
222 421
221 421
220 421
219 421
218 421
217 421
216 421
215 421
214 421
213 421
212 421
211 421
210 421
209 421
208 421
207 421
206 421
205 421
204 421
203 421
202 421
201 421
200 421
199 421
198 421
197 421
196 421
195 421
194 421
193 421
192 421
191 421
190 421
189 421
188 421
187 421
186 421
185 421
184 421
183 421
182 421
181 421
180 421
179 421
179 422
179 423
179 424
179 425
179 426
179 427
179 428
179 429
179 430
179 431
179 432
179 433
179 434
179 435
180 435
181 435
182 435
183 435
184 435
185 435
186 435
187 435
188 435
178 435
177 435
176 435
175 435
174 435
173 435
172 435
171 435
170 435
169 435
168 435
167 435
166 435
165 435
164 435
163 435
162 435
161 435
160 435
159 435
158 435
157 434
156 434
155 434
154 434
153 434
152 434
151 434
150 434
149 434
148 434
147 434
146 434
145 434
144 433
143 432
142 431
141 430
140 429
139 428
138 428
137 428
136 428
135 428
134 428
133 428
132 428
131 428
130 428
129 428
128 429
127 430
126 431
125 432
124 433
123 434
122 435
121 436
120 437
119 438
119 439
123 432
122 431
121 430
120 429
119 428
118 427
117 426
116 425
115 424
114 423
113 424
112 425
111 426
110 427
109 428
108 428
107 428
106 428
115 422
116 421
117 420
118 419
119 418
120 417
121 416
122 415
123 414
124 413
124 412
124 411
130 427
131 426
132 425
133 424
134 423
135 422
136 421
137 420
138 419
139 418
157 433
157 432
157 431
157 430
157 429
157 428
157 427
157 426
157 425
157 424
157 423
157 422
157 421
157 420
203 422
203 423
203 424
203 425
203 426
203 427
203 428
203 429
203 430
203 431
203 432
203 433
203 434
203 435
218 422
218 423
218 424
218 425
218 426
218 427
218 428
218 429
218 430
218 431
218 432
218 433
218 434
218 435
233 422
233 423
233 424
233 425
233 426
233 427
233 428
233 429
233 430
233 431
233 432
233 433
233 434
233 435
248 423
248 424
248 425
248 426
248 427
248 428
248 429
248 430
248 431
248 432
248 433
248 434
248 435
248 436
263 423
263 424
263 425
263 426
263 427
263 428
263 429
263 430
263 431
263 432
263 433
263 434
263 435
263 436
278 423
278 424
278 425
278 426
278 427
278 428
278 429
278 430
278 431
278 432
278 433
278 434
278 435
278 436
302 421
303 420
333 419
333 420
333 421
333 422
333 423
333 424
333 425
333 426
333 427
333 428
333 429
333 430
350 417
351 416
352 415
353 414
353 413
353 412
353 411
353 410
353 409
353 408
353 407
353 406
353 405
353 404
353 403
353 402
353 401
353 400
353 399
353 398
353 397
353 396
353 395
353 394
353 393
353 392
353 391
353 390
353 389
353 388
353 387
353 386
353 385
353 384
353 383
353 382
353 381
353 380
353 379
353 378
353 377
352 376
407 419
406 418
405 417
404 416
404 415
404 414
404 413
404 412
404 411
404 410
404 409
404 408
404 407
404 406
404 405
404 404
404 403
404 402
408 438
408 439
408 440
408 441
408 442
408 443
408 444
407 445
407 446
407 447
407 448
407 449
407 450
407 451
407 452
407 453
407 454
407 455
407 456
407 457
407 458
407 459
406 460
405 460
404 460
403 460
402 460
401 460
400 460
399 460
398 460
397 460
396 460
395 460
394 460
393 460
392 460
406 445
405 445
404 445
403 445
402 445
401 445
400 445
399 445
398 445
397 445
396 445
395 445
394 445
393 445
543 436
543 435
543 434
543 433
543 432
543 431
543 430
543 429
543 428
543 427
543 426
543 425
543 424
543 423
543 422
542 421
541 421
540 421
539 421
538 421
537 421
536 421
535 421
534 421
533 421
532 421
531 421
530 421
529 421
528 421
527 421
526 421
525 421
524 421
523 421
522 421
521 421
520 421
519 421
518 421
517 421
516 421
515 421
514 421
513 421
512 421
511 421
510 421
509 421
508 421
507 421
506 421
505 421
504 421
503 421
502 421
501 421
500 421
499 421
498 421
497 420
496 420
495 420
494 420
493 420
492 420
491 420
490 420
489 420
488 420
487 420
486 420
485 420
484 420
483 420
482 420
481 420
480 420
479 420
478 420
477 420
476 420
475 420
474 420
473 420
472 420
471 420
470 420
469 420
468 420
467 420
466 420
465 420
464 420
463 420
462 420
461 420
460 420
459 420
458 420
457 420
456 420
455 420
454 420
453 420
544 421
545 420
546 419
546 418
546 417
546 416
546 415
546 414
546 413
546 412
546 411
546 410
546 409
546 408
546 407
573 424
573 425
573 426
573 427
573 428
573 429
573 430
573 431
573 432
573 433
573 434
573 435
573 436
573 437
574 429
575 429
576 429
577 429
578 429
579 429
580 429
581 429
582 429
583 429
584 429
585 429
586 429
587 429
588 429
589 430
589 431
589 432
589 433
589 434
589 435
589 436
589 437
589 438
589 439
589 440
589 441
589 442
589 443
589 444
597 415
598 416
599 417
600 418
601 419
602 420
603 421
603 422
603 423
604 424
604 425
604 426
604 427
604 428
604 429
604 430
604 431
604 432
604 433
604 434
604 435
604 436
604 437
604 438
582 387
581 387
580 387
579 387
578 387
577 387
576 387
575 387
574 387
573 387
572 387
571 387
570 386
569 385
568 385
567 385
566 385
565 385
564 385
563 385
562 385
561 385
560 385
559 385
558 385
557 385
556 385
555 384
554 383
553 382
552 381
551 380
550 379
549 378
548 377
547 376
547 375
547 374
547 373
591 297
592 296
593 295
594 294
595 294
596 294
597 294
598 294
599 294
600 294
601 294
602 294
603 293
604 292
605 291
605 290
605 289
605 288
605 287
605 286
605 285
605 284
605 283
577 283
578 283
579 283
580 283
581 283
582 283
583 283
584 283
585 283
586 283
587 283
588 283
589 283
590 283
577 253
578 253
579 253
580 253
581 253
582 253
583 253
584 253
585 253
586 253
587 253
588 253
589 253
590 253
591 253
592 253
593 253
594 253
595 253
596 253
597 253
598 253
599 253
600 253
601 253
602 253
603 238
604 238
605 238
606 238
607 239
608 239
609 239
610 239
611 239
612 239
613 239
614 239
615 239
616 239
617 239
618 239
619 239
620 239
621 239
622 238
623 237
624 236
625 235
626 234
626 233
626 232
626 231
626 230
626 229
626 228
626 227
594 178
593 178
592 178
591 178
590 178
589 178
588 178
587 178
586 178
585 178
584 178
583 178
582 178
581 178
579 126
580 125
581 124
582 123
583 122
584 121
585 120
586 119
587 118
587 117
587 116
587 115
587 114
587 113
587 112
587 111
587 110
587 109
587 108
587 107
587 106
587 105
587 104
587 103
588 118
589 118
590 118
591 118
592 118
593 118
594 118
595 118
596 118
597 118
598 118
599 118
600 118
601 118
602 118
602 117
602 116
602 115
602 114
602 113
602 112
602 111
602 110
602 109
602 108
552 108
552 109
552 110
552 111
552 112
552 113
552 114
552 115
552 116
552 117
552 118
552 119
552 120
552 121
552 122
551 123
550 124
549 125
548 125
547 125
546 125
545 125
544 125
543 125
542 125
541 125
540 125
539 125
538 125
537 125
536 125
535 125
534 125
533 125
532 125
531 125
530 125
529 125
528 125
527 125
526 125
525 125
524 125
523 125
522 125
521 125
520 125
519 125
518 125
517 125
516 125
515 125
514 125
513 125
512 125
511 125
510 125
509 125
508 125
507 125
506 125
505 125
504 125
503 125
502 125
501 125
500 125
499 125
498 125
497 125
496 125
495 125
494 125
493 125
492 125
491 125
490 125
489 125
488 125
487 125
486 125
485 125
484 125
483 125
482 125
481 125
480 125
479 125
478 125
477 125
476 125
475 125
474 125
473 125
472 125
471 125
470 125
469 125
468 125
467 125
466 125
465 125
464 125
463 125
462 125
461 125
460 125
459 125
458 125
457 125
456 125
455 125
454 125
453 125
452 125
451 125
450 125
449 125
448 125
447 125
432 108
432 109
432 110
432 111
432 112
432 113
432 114
432 115
432 116
432 117
432 118
432 119
432 120
432 121
432 122
409 106
408 105
407 104
407 103
407 102
407 101
407 100
407 99
407 98
407 97
407 96
407 95
406 94
405 93
404 93
403 93
402 93
401 93
400 93
399 93
398 93
397 93
396 93
396 92
396 91
396 90
396 89
396 88
396 87
396 86
396 85
396 84
396 83
396 82
396 81
396 80
397 80
398 80
399 80
400 80
401 80
402 80
403 80
404 80
405 80
406 80
407 80
408 80
409 80
410 80
411 80
412 79
413 78
414 77
415 76
416 75
417 74
418 73
418 72
418 71
418 70
419 69
420 68
421 67
422 66
422 65
422 64
422 63
422 62
422 61
422 60
422 59
422 58
422 57
422 56
422 55
421 54
420 53
419 52
418 51
417 50
417 49
417 48
417 47
417 46
417 45
416 50
415 50
414 50
413 50
412 50
411 50
410 50
409 50
408 50
407 50
406 50
405 50
404 50
403 50
402 50
403 79
403 78
403 77
403 76
403 75
403 74
403 73
403 72
403 71
403 70
403 69
403 68
403 67
403 66
403 65
395 94
394 95
369 124
369 123
369 122
369 121
369 120
369 119
369 118
369 117
369 116
369 115
369 114
369 113
368 112
367 111
366 110
365 109
364 109
363 109
362 109
361 109
360 109
359 109
358 109
357 109
356 109
355 109
355 108
355 107
355 106
355 105
355 104
355 103
355 102
355 101
355 100
355 99
355 98
355 97
355 96
355 95
355 94
354 93
353 92
352 91
351 90
350 89
350 88
350 87
350 86
350 85
350 84
351 83
352 82
352 81
352 80
352 79
352 78
352 77
352 76
352 75
352 74
352 73
352 72
352 71
352 70
352 69
353 69
354 69
355 69
356 69
357 69
358 69
359 69
360 69
361 69
362 69
363 69
364 69
365 69
366 69
367 69
351 69
350 69
349 69
348 69
347 69
346 69
345 69
344 69
343 69
342 69
341 69
340 69
339 69
338 69
337 69
337 68
337 67
337 66
337 65
337 64
337 63
337 62
337 61
337 60
337 59
337 58
337 57
337 56
337 55
337 54
336 54
335 54
334 54
333 55
332 56
331 57
330 58
329 59
328 60
327 61
326 61
325 61
324 61
323 61
322 61
321 61
320 61
319 61
318 61
317 61
316 61
315 60
314 59
313 58
313 57
313 56
313 55
313 54
313 53
313 52
313 51
313 50
313 49
312 49
311 49
310 49
309 49
308 49
307 49
306 49
305 49
304 49
303 49
302 49
301 49
300 49
299 49
298 49
297 50
296 51
295 51
294 51
293 51
292 51
291 51
290 51
289 51
288 51
287 51
286 51
286 52
286 53
286 54
286 55
286 56
286 57
286 58
286 59
286 60
286 61
286 62
286 63
286 64
286 65
286 66
315 62
314 63
313 64
312 65
312 66
312 67
312 68
312 69
312 70
312 71
312 72
312 73
312 74
312 75
312 76
312 77
312 78
312 79
312 80
312 81
312 82
312 83
312 84
312 85
312 86
312 87
312 88
312 89
312 90
312 91
311 92
310 93
309 94
308 95
307 96
306 96
305 96
304 96
303 96
302 96
301 96
300 96
299 95
298 94
297 93
297 92
297 91
297 90
297 89
297 88
297 87
297 86
297 85
297 84
297 83
297 82
297 81
311 65
310 64
309 64
308 64
307 64
306 64
305 64
304 64
303 64
302 64
301 64
336 53
336 52
336 51
336 50
336 49
336 48
336 47
336 46
336 45
336 44
336 43
336 42
336 41
336 40
336 39
337 39
338 39
339 39
340 39
341 39
342 39
343 39
344 39
345 39
346 39
347 39
348 39
349 39
350 39
351 39
352 39
353 39
354 39
355 39
356 39
357 39
358 39
359 39
360 39
361 39
362 39
363 39
364 39
365 39
366 39
367 38
368 37
369 36
370 36
371 36
372 36
373 36
374 36
375 36
376 36
377 36
378 36
354 38
354 37
354 36
354 35
354 34
354 33
354 32
354 31
354 30
354 29
354 28
354 27
354 26
354 25
354 24
338 54
339 54
340 54
341 54
342 54
343 54
344 54
345 54
346 54
347 54
348 54
349 54
350 54
351 54
352 54
353 54
354 54
355 54
356 54
357 54
358 54
359 54
360 54
361 54
362 54
363 54
364 54
365 54
366 54
367 54
368 54
369 54
370 54
371 54
372 54
373 54
374 54
375 54
376 54
377 55
378 56
379 57
380 58
381 58
382 58
383 58
384 58
385 58
386 58
387 58
356 93
357 92
358 91
359 90
360 89
361 88
362 87
363 86
364 85
365 84
354 109
331 125
303 117
302 117
301 117
299 207
298 207
297 207
296 207
295 207
294 207
293 207
292 207
291 207
290 207
289 207
288 206
287 205
286 204
285 203
284 202
283 201
282 200
282 199
282 198
282 197
282 196
282 195
282 194
282 193
282 192
282 191
282 190
282 189
282 188
282 187
282 186
282 185
282 184
282 183
282 182
282 181
282 180
281 181
280 181
279 181
278 181
277 181
276 181
275 181
274 181
273 181
272 181
271 181
270 181
269 181
268 181
282 202
281 203
280 204
279 205
278 206
277 207
276 208
275 209
274 210
273 210
272 210
271 210
270 210
269 210
268 210
267 210
266 210
265 210
264 210
263 210
262 210
261 210
260 210
259 210
261 209
261 208
261 207
261 206
261 205
261 204
261 203
261 202
261 201
261 200
261 199
261 198
261 197
261 196
261 195
287 237
288 237
289 237
290 237
291 237
292 237
293 237
294 237
295 237
296 237
297 237
298 237
299 237
300 237
285 240
284 240
283 240
282 240
281 240
280 240
279 240
278 240
277 240
276 240
275 240
274 240
273 240
272 240
271 240
270 240
269 240
268 240
267 240
266 240
265 240
264 240
263 240
262 240
261 240
260 240
259 240
258 240
257 240
256 240
255 241
254 242
253 242
252 242
251 242
250 242
249 242
248 242
247 242
246 242
245 242
244 242
243 242
242 242
241 242
240 241
240 240
240 239
240 238
240 237
240 236
240 235
240 234
240 233
240 232
240 231
240 230
240 229
240 228
240 227
239 227
238 227
237 227
236 227
235 227
234 227
233 227
232 227
231 227
230 227
229 227
228 227
227 227
226 227
225 227
224 227
223 227
222 227
221 227
220 227
219 227
218 227
217 227
216 227
215 227
214 227
213 227
212 227
211 227
210 227
209 227
208 227
207 227
206 227
205 227
204 227
203 227
202 227
201 227
200 227
199 227
198 227
197 227
196 227
195 227
194 226
193 225
192 225
191 225
190 225
189 225
188 225
187 225
186 225
185 225
184 225
183 225
182 225
181 225
180 225
179 226
178 227
177 228
176 229
175 230
174 231
173 231
172 231
171 231
170 231
169 231
168 231
167 231
166 231
165 231
164 231
163 231
162 231
161 231
160 231
159 231
158 231
157 231
156 231
155 231
154 231
153 231
152 231
151 231
150 232
149 232
148 232
147 232
146 232
145 232
144 232
143 232
142 232
141 232
140 232
139 232
138 232
137 232
136 232
135 231
134 230
134 229
134 228
134 227
134 226
134 225
134 224
134 223
134 222
134 221
134 220
133 219
132 218
131 218
130 218
129 218
128 218
127 218
126 218
125 218
124 218
123 218
122 218
121 218
120 218
119 219
118 219
117 219
116 219
115 219
114 219
113 219
112 219
111 219
110 219
109 219
108 219
107 219
106 219
105 218
104 217
103 216
102 215
102 214
102 213
102 212
102 211
102 210
102 209
102 208
102 207
102 206
102 205
102 204
102 203
102 202
101 216
100 217
99 218
98 219
97 219
96 219
95 219
94 219
93 219
92 219
91 219
90 219
106 220
106 221
106 222
106 223
106 224
106 225
106 226
106 227
106 228
106 229
106 230
106 231
106 232
106 233
106 234
105 234
104 234
103 234
102 234
101 234
100 234
99 234
98 234
97 234
96 234
95 234
94 234
93 234
92 234
91 234
90 235
89 236
88 237
87 238
86 238
85 238
84 238
83 238
82 238
81 238
80 238
79 238
88 239
89 240
90 241
91 242
91 243
91 244
91 245
91 246
91 247
91 248
91 249
91 250
91 251
91 252
91 253
91 254
91 255
91 256
91 257
91 258
91 259
91 260
91 261
91 262
91 263
91 264
91 265
91 266
91 267
91 268
91 269
91 270
91 271
91 272
91 273
91 274
91 275
91 276
91 277
91 278
91 279
91 280
91 281
91 282
91 283
91 284
91 285
91 286
91 287
91 288
91 289
91 290
91 291
92 286
93 286
94 286
95 286
96 286
97 286
98 286
99 286
100 286
101 286
102 286
103 286
104 286
105 286
92 267
93 267
94 267
95 267
96 267
97 267
98 267
99 267
100 267
101 267
102 267
103 267
104 267
105 267
106 267
106 268
106 269
106 270
106 271
106 266
106 265
106 264
106 263
106 262
106 261
106 260
106 259
106 258
106 257
106 256
107 257
108 257
109 257
110 257
111 257
112 257
113 257
114 257
115 257
116 257
117 257
118 257
119 257
120 257
121 257
121 258
121 259
121 260
121 261
121 262
121 263
121 264
121 265
121 266
121 267
121 268
121 269
121 270
121 271
121 272
120 273
120 274
120 275
120 276
120 277
120 278
120 279
120 280
120 281
120 282
120 283
120 284
120 285
120 286
120 287
122 257
123 257
124 257
125 257
126 257
127 257
128 257
129 257
130 257
131 257
132 257
133 257
134 257
135 257
136 257
136 258
136 259
136 260
136 261
136 262
136 263
136 264
136 265
136 266
136 267
136 268
136 269
136 270
136 271
136 272
136 273
136 274
136 275
136 276
136 277
136 278
136 279
136 280
136 281
135 282
135 283
135 284
135 285
135 286
135 287
135 288
135 289
135 290
135 291
135 292
137 266
138 266
139 266
140 266
141 266
142 266
143 266
144 266
145 266
146 266
147 266
148 266
149 266
150 266
151 266
151 267
151 268
151 269
151 270
151 271
151 272
151 273
151 274
151 275
151 276
152 275
153 275
154 275
155 275
156 275
157 275
158 275
159 275
160 275
161 275
162 275
163 275
164 275
165 275
166 275
151 265
151 264
151 263
151 262
151 261
136 256
136 255
136 254
136 253
136 252
136 251
90 253
89 253
88 253
87 253
86 253
85 253
84 253
83 253
82 253
81 253
80 253
79 253
78 254
77 255
76 256
75 257
74 258
73 259
73 260
73 261
73 262
73 263
73 264
73 265
73 266
73 267
73 268
72 269
71 270
70 271
69 272
68 273
67 274
66 275
65 276
64 277
63 278
62 279
61 279
60 279
63 280
63 281
63 282
63 283
63 284
63 285
63 286
63 287
63 288
63 289
63 290
62 291
61 292
61 293
61 294
61 295
61 296
61 297
61 298
61 299
61 300
61 301
61 302
61 303
61 304
61 305
61 306
67 272
66 271
65 270
64 269
63 268
62 267
61 266
60 266
72 258
71 257
70 256
69 255
68 254
67 253
66 252
65 252
64 252
63 252
62 252
62 251
62 250
62 249
62 248
62 247
62 246
62 245
62 244
62 243
62 242
62 241
62 240
62 239
62 238
62 237
62 236
133 231
132 232
131 233
130 233
129 233
128 233
127 233
126 233
125 233
124 233
123 233
122 233
121 233
151 233
152 234
153 235
154 236
155 237
155 238
155 239
155 240
155 241
155 242
155 243
155 244
155 245
155 246
152 230
152 229
152 228
152 227
152 226
152 225
152 224
152 223
152 222
152 221
152 220
152 219
152 218
152 217
152 216
153 216
154 216
155 216
156 216
157 216
158 216
159 216
160 216
161 216
162 216
162 215
162 214
162 213
162 212
162 211
162 210
162 209
162 208
162 207
162 206
162 205
162 204
162 203
162 202
162 201
162 200
162 199
162 198
162 197
162 196
162 195
162 194
162 193
162 192
162 191
162 190
162 189
162 188
162 187
163 186
164 185
164 184
164 183
164 182
164 181
164 180
164 179
164 178
164 177
164 176
164 175
164 174
164 173
164 172
163 171
162 170
161 169
160 168
159 167
158 166
157 165
156 164
156 163
156 162
156 161
156 160
157 159
158 158
159 157
160 157
161 157
162 157
163 157
164 157
165 157
165 156
165 155
165 154
165 153
165 152
165 151
165 150
165 149
165 148
165 147
165 146
165 145
165 144
165 143
165 142
164 145
163 145
162 145
161 145
160 145
159 145
158 145
157 145
156 145
155 145
154 145
153 145
152 145
165 183
166 183
167 183
168 183
169 183
170 183
171 183
172 183
173 183
174 183
175 183
176 183
177 183
178 183
178 184
178 185
178 186
178 187
178 188
178 189
179 190
180 191
181 192
182 193
183 194
184 195
179 182
180 181
181 180
182 180
183 180
184 180
185 180
186 180
187 180
188 180
189 180
190 180
191 180
192 180
193 180
151 215
150 214
149 213
148 212
147 211
146 210
145 209
145 208
145 207
145 206
145 205
145 204
145 203
144 203
143 203
142 203
141 203
140 203
139 203
138 203
137 203
136 203
135 203
134 203
133 203
132 203
146 202
147 201
147 200
147 199
147 198
147 197
147 196
147 195
147 194
147 193
147 192
147 191
147 190
147 189
147 188
147 187
147 186
146 185
145 184
144 183
143 182
142 181
141 180
140 179
139 178
138 177
137 176
136 175
135 174
134 175
133 176
132 177
131 178
130 179
129 180
128 181
127 182
126 183
125 184
124 184
123 184
122 184
121 184
120 184
119 184
118 184
117 184
116 184
115 184
114 184
113 184
112 184
111 184
110 184
109 184
108 184
107 184
106 184
105 184
104 184
103 184
102 184
101 184
100 184
99 184
98 184
97 184
96 184
95 184
94 183
93 183
92 183
91 183
90 183
89 183
88 183
87 183
86 183
85 183
84 183
83 183
82 183
81 183
80 183
79 183
78 183
77 183
76 183
75 183
74 183
73 183
72 183
71 183
70 183
69 183
68 183
67 183
66 183
65 183
64 183
63 183
62 183
61 183
60 183
59 183
58 183
57 183
56 183
55 183
54 183
53 183
52 183
51 183
50 183
78 184
78 185
78 186
78 187
78 188
78 189
78 190
78 191
78 192
78 193
78 194
78 195
78 196
78 197
78 198
78 199
77 200
76 201
75 202
74 203
73 204
72 204
71 204
70 204
69 204
68 204
67 204
66 204
65 204
64 205
63 206
62 207
61 207
60 207
59 207
58 207
57 207
56 207
55 207
54 207
53 207
52 207
51 207
50 207
49 207
48 208
47 209
46 210
45 211
44 212
43 213
42 214
41 215
40 215
39 215
38 215
37 215
36 215
35 215
34 215
33 215
32 215
31 215
30 215
29 215
28 215
27 215
26 215
25 215
24 215
23 215
22 215
21 214
20 213
20 212
20 211
20 210
20 209
20 208
20 207
20 206
20 205
20 204
20 203
20 202
19 201
18 200
17 199
17 198
17 197
17 196
17 195
17 194
17 193
17 192
17 191
17 190
17 189
17 188
17 187
18 186
19 185
20 184
21 183
22 183
23 182
24 181
25 180
26 179
27 180
28 181
29 182
30 183
25 178
24 177
24 176
24 175
24 174
72 205
72 206
72 207
72 208
72 209
72 210
72 211
72 212
72 213
72 214
134 173
134 172
134 171
134 170
134 169
134 168
134 167
134 166
134 165
134 164
134 163
134 162
134 161
134 160
134 159
134 158
134 157
134 156
134 155
134 154
134 153
134 152
134 151
134 150
134 149
134 148
134 147
134 146
133 167
132 167
131 167
130 167
129 167
128 167
127 167
126 167
125 167
124 167
123 167
122 167
121 167
120 167
119 167
118 167
117 167
116 167
115 167
114 167
113 167
112 167
111 167
110 167
109 167
108 167
107 167
106 167
105 166
104 165
104 164
104 163
104 162
104 161
104 160
104 159
104 158
104 157
104 156
104 155
104 154
104 153
104 152
104 151
104 150
104 149
104 148
104 147
104 146
104 145
104 144
103 143
102 143
101 143
100 143
99 143
98 143
97 143
96 143
95 143
94 143
93 143
92 143
91 143
90 143
89 143
88 143
87 143
86 142
85 141
84 140
83 139
82 138
81 137
80 137
79 137
78 137
77 137
76 137
75 137
74 137
73 137
72 137
71 137
70 138
69 139
69 140
69 141
69 142
69 143
69 144
69 145
69 146
69 147
69 148
69 149
69 150
69 151
69 152
68 153
67 153
66 153
65 153
64 153
63 153
62 153
61 153
60 153
59 153
58 153
57 153
56 153
55 153
54 154
53 155
52 156
51 157
50 158
49 158
48 158
47 158
46 158
45 158
44 158
43 158
42 158
41 158
40 158
39 158
56 152
56 151
56 150
56 149
56 148
56 147
56 146
56 145
56 144
56 143
56 142
56 141
56 140
56 139
100 142
100 141
100 140
100 139
100 138
100 137
100 136
100 135
100 134
100 133
100 132
100 131
100 130
101 129
102 128
103 127
104 126
105 125
106 124
107 123
108 122
109 122
110 122
111 122
112 122
113 122
114 122
115 122
116 122
117 122
118 122
119 122
120 122
121 122
122 122
123 122
124 122
125 122
126 122
127 122
127 121
127 120
127 119
127 118
127 117
127 116
127 115
127 114
127 113
127 112
127 111
127 110
127 109
127 108
127 107
126 106
125 105
124 104
123 103
122 102
121 102
120 102
119 102
118 103
117 104
116 105
115 106
114 107
113 108
112 108
111 108
110 108
109 108
108 108
128 107
129 107
130 107
131 107
132 107
133 107
134 107
135 107
136 107
137 107
138 107
139 107
140 107
141 107
142 107
143 107
144 107
145 107
146 107
147 107
148 107
149 107
150 107
151 107
152 107
153 107
154 107
155 107
156 107
157 107
158 107
159 107
160 107
161 107
162 107
163 107
164 107
165 107
166 107
167 107
168 107
169 107
170 107
171 107
172 107
173 107
174 107
175 107
176 107
177 107
178 107
179 107
180 107
181 107
182 107
183 107
184 107
185 107
186 107
187 107
188 107
189 107
190 107
191 107
192 107
193 107
194 107
195 107
196 107
197 107
198 107
199 107
200 107
201 107
202 107
203 107
204 107
205 107
206 107
207 107
208 107
209 107
210 107
211 107
212 107
213 107
214 107
215 107
216 107
217 107
218 107
219 107
220 107
221 107
222 107
223 107
224 107
225 107
226 107
227 107
228 107
229 107
230 107
231 107
232 107
233 107
234 107
235 107
236 107
237 107
238 107
239 107
240 107
241 107
242 107
243 107
244 107
245 107
246 107
247 107
248 107
143 108
143 109
143 110
143 111
143 112
143 113
143 114
143 115
143 116
143 117
143 118
143 119
143 120
143 121
143 122
144 122
145 122
146 122
147 122
148 122
149 122
150 122
151 122
152 122
153 122
154 122
155 122
156 122
157 122
158 122
159 123
160 124
161 124
162 124
163 124
164 124
165 124
166 124
167 124
168 124
169 124
170 124
171 124
172 124
173 124
174 124
175 124
176 124
177 124
178 124
179 124
180 124
181 124
182 124
183 124
184 124
185 124
186 124
187 124
188 124
189 124
190 124
191 124
192 124
193 124
194 124
195 124
196 124
197 124
198 124
199 124
200 124
201 124
202 124
203 124
204 124
205 124
206 124
207 124
208 124
209 124
210 124
211 124
212 124
213 124
214 124
215 124
216 124
217 124
218 124
219 124
220 124
221 124
222 124
223 124
224 124
225 124
226 124
227 124
228 124
229 124
230 124
231 124
232 124
233 124
234 124
235 124
236 124
237 124
238 124
239 124
240 124
241 124
242 124
243 124
244 124
245 124
246 124
247 124
248 124
105 144
106 144
107 144
108 144
109 144
110 144
111 144
112 144
113 144
114 144
115 144
116 144
117 144
118 144
119 144
119 145
119 146
119 147
119 148
119 149
119 150
119 151
119 152
119 143
119 142
119 141
119 140
119 139
119 138
119 137
103 166
102 166
101 166
100 166
99 166
98 166
97 166
96 166
95 166
94 166
93 166
92 166
91 166
90 166
89 166
88 166
87 166
183 224
183 223
183 222
183 221
183 220
183 219
183 218
183 217
183 216
183 215
183 214
183 213
183 212
183 211
183 210
241 226
242 225
243 224
243 223
243 222
243 221
243 220
243 219
243 218
243 217
243 216
243 215
243 214
243 213
243 212
242 212
241 212
240 212
239 212
238 212
237 212
236 212
235 212
234 212
233 212
232 212
231 212
230 212
229 212
228 212
227 212
226 212
225 212
224 212
223 212
222 212
221 212
220 212
219 212
218 212
217 212
216 212
215 212
214 212
213 212
212 212
211 212
210 212
209 212
208 212
207 212
206 212
205 212
204 212
203 212
202 212
201 212
200 212
199 212
198 212
244 211
244 210
244 209
244 208
244 207
244 206
244 205
244 204
244 203
244 202
244 201
244 200
244 199
244 198
244 197
243 197
242 197
241 197
240 197
239 197
238 197
237 197
236 197
235 197
234 197
233 197
232 197
231 197
230 197
229 197
228 197
227 197
226 197
225 197
224 197
223 197
222 197
221 197
220 197
219 197
218 197
217 197
216 197
215 197
214 197
213 196
212 195
211 194
210 193
210 192
210 191
210 190
210 189
210 188
210 187
210 186
210 185
210 184
210 183
210 182
209 194
208 195
207 196
206 197
205 197
204 197
203 197
202 197
201 197
200 197
199 197
229 196
229 195
229 194
229 193
229 192
229 191
229 190
229 189
229 188
229 187
229 186
229 185
229 184
229 183
229 182
228 182
230 182
231 182
232 182
233 182
234 182
235 182
236 182
237 182
238 182
239 182
240 182
241 182
242 182
243 182
244 182
245 182
246 182
247 182
239 242
238 242
237 242
236 242
235 242
234 242
233 242
232 242
231 242
230 242
229 242
228 242
227 242
226 242
225 242
224 242
223 242
222 242
221 242
220 242
219 242
218 242
217 242
216 242
215 242
214 242
213 242
212 242
211 242
210 242
209 242
208 242
207 242
206 242
205 242
204 242
203 242
202 242
201 242
200 242
199 242
198 242
197 242
196 242
195 242
194 242
193 242
192 242
191 242
190 242
189 242
188 242
187 242
186 242
185 242
184 242
183 242
182 242
181 242
185 243
185 244
185 245
185 246
185 247
185 248
185 249
185 250
185 251
185 252
185 253
185 254
185 255
185 256
185 257
184 257
183 257
182 257
181 257
180 257
179 257
178 257
177 257
176 257
175 257
174 257
173 257
172 257
171 257
186 257
187 257
188 257
189 257
190 257
191 257
192 257
193 257
194 257
195 257
196 257
197 257
198 257
199 257
200 257
201 257
202 257
203 257
204 257
205 257
206 257
207 257
208 257
209 257
210 257
211 257
212 257
213 257
214 257
215 257
216 257
217 257
218 257
219 257
220 257
221 257
222 257
223 257
224 257
225 257
226 257
227 257
228 257
229 257
230 257
231 257
232 257
233 257
234 257
235 257
236 257
237 257
238 257
239 257
240 257
241 257
242 257
243 257
244 257
245 257
246 257
246 258
246 259
246 260
246 261
246 262
246 263
246 264
246 265
246 266
246 267
246 268
246 269
246 270
246 271
246 272
246 273
246 274
246 275
246 276
246 277
246 278
246 279
246 280
246 281
246 282
246 283
246 284
246 285
246 286
246 287
231 258
231 259
231 260
231 261
231 262
231 263
231 264
231 265
231 266
231 267
231 268
231 269
231 270
231 271
231 272
231 273
231 274
231 275
231 276
231 277
231 278
231 279
231 280
231 281
231 282
231 283
231 284
231 285
231 286
231 287
216 258
216 259
216 260
216 261
216 262
216 263
216 264
216 265
216 266
216 267
216 268
216 269
216 270
216 271
216 272
216 273
216 274
216 275
216 276
216 277
216 278
216 279
216 280
216 281
216 282
216 283
216 284
216 285
216 286
216 287
185 258
185 259
185 260
185 261
185 262
185 263
185 264
185 265
185 266
185 267
185 268
185 269
185 270
185 271
185 272
186 272
187 272
188 272
189 272
190 272
191 272
192 272
193 272
194 272
195 272
196 272
193 273
193 274
193 275
193 276
193 277
193 278
193 279
193 280
193 281
193 282
193 283
193 284
193 285
193 286
193 287
192 287
191 287
190 287
189 287
188 287
187 287
186 287
185 287
184 287
190 288
190 289
190 290
190 291
190 292
190 293
190 294
190 295
190 296
190 297
190 298
190 299
190 300
190 301
190 302
189 302
188 302
187 302
186 302
185 302
184 302
183 302
182 302
181 302
180 302
179 302
178 302
177 303
176 304
175 305
174 306
173 307
172 308
171 309
170 310
169 311
169 312
169 313
176 302
175 301
174 300
173 299
172 298
171 297
170 296
169 295
168 294
167 293
167 292
166 292
165 292
164 292
163 292
162 292
161 292
160 292
159 292
158 292
157 292
156 292
155 292
154 292
154 293
154 294
154 295
154 296
154 297
154 298
154 299
154 300
154 301
154 302
154 303
154 304
154 305
154 306
154 307
153 308
153 309
153 310
153 311
153 312
153 313
153 314
153 315
153 316
153 317
153 318
153 319
153 320
153 321
153 322
153 323
153 324
153 325
153 326
153 327
153 328
153 329
153 330
153 331
153 332
153 333
153 334
153 335
153 336
153 337
152 338
151 339
151 340
151 341
151 342
151 343
151 344
151 345
151 346
151 347
151 348
151 349
151 350
151 351
151 352
152 353
152 354
152 355
152 356
152 357
152 358
152 359
152 360
152 361
152 362
152 363
152 364
152 365
152 366
152 367
152 368
152 369
152 370
152 371
152 372
152 373
152 374
152 375
152 376
152 377
152 378
152 379
152 380
152 381
152 382
153 381
154 380
155 379
156 378
157 377
158 377
159 377
160 377
161 377
162 377
163 377
164 377
165 377
166 377
152 383
152 384
152 385
152 386
152 387
152 388
152 389
152 390
152 391
152 392
152 393
152 394
152 395
152 396
152 397
153 398
154 399
155 399
156 399
157 399
158 399
159 399
160 399
161 399
162 399
163 399
164 399
150 342
149 342
148 342
147 342
146 342
145 342
144 342
143 342
142 342
141 342
140 342
139 342
138 342
137 342
136 342
135 342
134 342
133 342
132 342
131 342
130 342
129 342
128 342
127 342
126 342
125 342
124 342
123 342
122 342
121 342
120 342
119 342
118 342
117 342
116 342
115 342
114 342
113 342
112 342
111 342
110 342
109 342
108 342
107 342
106 342
105 342
104 342
103 342
102 341
101 340
100 340
99 340
98 340
97 340
96 340
95 340
94 340
93 340
92 340
91 340
90 339
89 339
88 339
87 339
86 339
85 339
84 339
83 339
82 339
81 339
80 339
79 339
78 339
77 338
76 337
75 336
74 335
73 334
72 333
72 332
72 331
72 330
72 329
72 328
72 327
72 326
72 325
72 324
71 332
70 333
69 334
68 335
67 336
67 337
67 338
66 338
65 338
64 337
63 336
62 335
61 334
60 333
59 333
58 333
57 333
56 333
55 333
54 333
53 333
52 333
51 333
50 333
49 332
48 331
47 330
46 329
45 328
44 327
43 326
42 325
41 325
40 325
39 325
38 325
37 325
36 325
35 325
34 325
33 325
32 325
31 325
30 325
29 325
28 325
27 325
26 325
25 325
24 325
23 325
22 325
21 325
21 326
21 327
21 328
21 329
21 330
21 331
21 332
21 333
21 334
21 335
21 336
21 337
21 338
21 339
21 340
22 340
23 340
24 340
25 340
26 340
27 340
28 340
29 340
30 340
31 340
32 340
33 340
34 340
35 340
20 341
19 342
18 343
17 344
17 345
17 346
17 347
17 348
17 349
17 350
17 351
17 352
17 353
17 354
17 355
18 356
19 357
20 358
21 359
22 359
23 359
24 359
25 359
26 359
27 359
28 359
29 359
30 359
31 359
32 359
33 359
34 359
35 359
36 359
37 359
38 359
39 359
40 359
41 359
42 359
43 359
44 359
45 358
46 358
47 358
48 358
49 358
50 358
51 358
52 358
53 358
54 358
55 358
56 358
57 358
58 358
59 358
60 358
61 358
62 358
63 358
64 358
65 358
66 358
67 358
68 358
69 358
70 358
71 358
72 358
73 358
74 358
75 359
76 359
77 359
78 359
79 359
80 359
81 359
82 359
83 359
84 359
85 359
86 359
87 359
88 359
89 360
90 361
91 361
92 361
93 361
94 361
95 361
96 361
97 361
98 361
99 361
100 361
101 361
102 361
103 361
104 361
105 361
106 361
107 361
108 361
109 361
110 361
111 361
112 361
113 361
114 361
115 361
116 361
117 361
118 361
119 361
120 360
121 360
122 360
123 360
124 360
125 360
126 360
127 360
128 360
129 360
130 360
131 361
132 362
132 363
132 364
132 365
132 366
132 367
132 368
132 369
132 370
132 371
132 372
132 373
132 374
132 375
133 376
134 377
135 378
135 379
135 380
135 381
135 382
135 383
135 384
135 385
135 386
135 387
135 388
135 389
135 390
135 391
133 361
134 360
135 359
90 362
90 363
90 364
90 365
90 366
90 367
90 368
90 369
90 370
90 371
90 372
90 373
90 374
90 375
90 376
90 377
91 377
92 377
93 377
94 377
95 377
96 377
97 377
98 377
99 377
100 377
101 377
102 378
102 379
102 380
102 381
102 382
102 383
102 384
102 385
102 386
102 387
102 388
102 389
102 390
101 391
100 392
99 393
98 394
97 395
96 396
95 397
94 398
93 399
92 400
91 401
90 401
89 401
88 401
87 401
86 401
85 402
84 403
83 403
82 403
81 403
80 403
79 403
78 403
77 403
76 403
75 403
74 403
73 403
72 403
71 403
70 403
69 403
68 402
67 401
66 400
65 399
64 398
63 397
63 396
63 395
63 394
63 393
62 393
61 393
60 393
59 393
58 393
57 393
56 393
55 393
54 392
53 391
52 390
51 389
50 388
49 387
48 386
47 385
46 384
45 384
44 384
43 384
42 384
41 384
40 384
64 392
65 391
66 390
67 389
68 388
103 385
104 385
105 385
106 385
107 385
108 385
109 385
110 385
111 385
112 385
113 385
114 385
115 385
116 385
117 385
103 377
89 377
88 377
91 338
91 337
91 336
91 335
91 334
91 333
91 332
91 331
91 330
91 329
91 328
91 327
91 326
91 325
91 324
91 323
91 322
91 321
91 320
91 319
91 318
91 317
91 316
91 315
91 314
91 313
91 312
91 311
91 310
92 310
93 310
94 310
95 310
96 310
97 310
98 310
99 310
100 310
101 310
102 310
103 310
104 310
105 310
106 310
107 310
108 310
109 310
110 310
111 310
112 310
113 310
114 310
115 310
116 310
117 310
118 310
119 310
120 310
121 310
122 310
123 310
124 310
125 310
126 310
127 310
128 310
129 310
130 310
131 310
132 310
133 310
134 310
135 310
136 310
121 311
121 312
121 313
121 314
121 315
121 316
121 317
121 318
121 319
121 320
121 321
121 322
121 323
121 324
121 325
120 325
119 325
118 325
117 325
116 325
115 325
114 325
113 325
112 325
111 325
110 325
109 325
108 325
107 325
122 325
123 325
124 325
125 325
126 325
127 325
128 325
129 325
130 325
131 325
132 325
133 325
134 325
135 325
168 291
169 290
191 302
192 302
193 302
194 302
195 302
196 302
197 302
198 302
199 302
200 302
201 302
202 302
203 302
204 302
205 302
206 302
207 302
208 302
209 302
210 302
211 302
212 302
213 302
214 302
215 302
216 302
217 302
218 302
219 302
220 302
221 302
222 302
223 302
224 302
225 302
226 302
227 302
228 302
229 302
230 302
231 302
232 302
233 302
234 302
235 302
236 302
237 302
238 302
239 302
240 302
241 302
242 302
243 302
244 302
245 302
246 302
247 302
248 302
249 302
250 302
251 302
251 303
251 304
251 305
251 306
251 307
251 308
251 309
251 310
251 311
251 312
251 313
251 314
251 315
251 316
251 317
251 318
251 319
251 320
251 321
251 322
251 323
251 324
251 325
251 326
251 327
251 328
251 329
251 330
251 331
251 332
251 333
251 334
251 335
251 336
251 337
251 338
251 339
251 340
251 341
251 342
251 343
251 344
251 345
251 346
251 347
250 348
249 349
248 350
247 351
246 352
245 352
244 352
243 352
242 352
241 352
240 352
239 352
238 352
237 351
236 350
235 349
234 348
233 347
232 347
231 347
230 347
229 347
228 347
227 347
226 347
225 347
224 347
223 347
222 347
221 347
220 347
219 347
218 347
217 347
216 347
215 347
214 347
213 347
212 347
211 347
210 347
209 347
210 348
210 349
210 350
210 351
210 352
210 353
210 354
210 355
210 356
210 357
210 358
210 359
210 360
210 361
210 362
239 353
239 354
239 355
239 356
239 357
239 358
239 359
239 360
239 361
239 362
239 363
239 364
239 365
239 366
239 367
238 366
237 366
236 366
235 366
234 366
233 366
232 366
231 366
230 366
229 366
228 366
227 366
248 352
249 353
250 354
251 355
252 356
253 357
254 358
255 359
256 360
257 361
257 362
258 362
259 362
260 362
261 362
262 362
263 362
264 362
265 361
266 360
266 359
266 358
266 357
266 356
266 355
266 354
266 353
266 352
266 351
266 350
266 349
266 348
266 347
266 346
266 345
266 344
266 343
266 342
266 341
266 340
266 339
266 338
266 337
266 336
266 335
266 334
266 333
266 332
266 331
266 330
266 329
266 328
266 327
266 326
266 325
266 324
266 323
266 322
266 321
266 320
266 319
266 318
266 317
266 316
266 315
266 314
266 313
266 312
266 311
266 310
266 309
266 308
266 307
266 306
266 305
266 304
266 303
266 302
266 301
266 300
266 299
266 298
266 297
266 296
266 295
266 294
266 293
266 292
266 291
266 290
266 289
266 288
266 287
266 286
266 285
267 285
268 285
269 285
270 285
271 285
272 285
273 285
274 285
275 285
276 285
276 284
276 283
276 282
276 281
276 280
276 279
276 278
276 277
276 276
276 275
276 274
276 273
276 272
276 271
276 270
265 285
264 285
263 285
262 285
261 285
261 284
261 283
261 282
261 281
261 280
261 279
261 278
261 277
261 276
261 275
261 274
261 273
261 272
261 271
261 270
267 352
268 352
269 352
270 352
271 352
272 352
273 352
274 352
275 352
276 352
277 352
278 352
279 352
280 352
281 352
281 351
281 350
281 349
281 348
281 347
281 346
281 345
281 344
281 343
281 342
281 341
281 340
281 339
281 338
281 337
281 336
281 335
281 334
281 333
281 332
281 331
281 330
281 329
281 328
281 327
281 326
281 325
281 324
281 323
281 322
281 321
281 320
281 319
281 318
281 317
281 316
281 315
281 314
281 313
281 312
281 311
281 310
281 309
281 308
281 307
281 353
281 354
281 355
281 356
281 357
281 358
281 359
281 360
281 361
281 362
281 363
281 364
281 365
281 366
281 367
281 368
281 369
281 370
281 371
281 372
281 373
281 374
281 375
281 376
281 377
281 378
281 379
281 380
281 381
281 382
281 383
281 384
281 385
281 386
281 387
281 388
281 389
281 390
281 391
281 392
281 393
281 394
281 395
281 396
281 397
281 398
280 399
279 400
278 400
277 400
276 400
275 400
274 400
273 400
272 400
271 400
270 400
280 384
279 385
278 385
277 385
276 385
275 385
274 385
273 385
272 385
271 385
270 385
269 385
268 385
267 385
266 385
265 385
264 385
263 385
262 385
261 385
260 385
259 385
258 385
257 385
256 385
255 385
255 386
255 387
255 388
255 389
255 390
255 391
255 392
255 393
255 394
255 395
255 396
255 397
255 398
255 384
255 383
254 385
253 385
252 385
251 385
250 385
249 385
248 385
247 385
246 385
245 385
244 385
243 385
242 385
241 385
240 385
240 386
240 387
240 388
240 389
240 390
240 391
240 392
240 393
240 394
240 395
240 396
240 397
240 398
240 399
240 384
239 383
238 383
237 383
236 383
235 383
234 383
233 383
232 383
231 383
230 383
229 383
228 383
227 383
226 383
225 382
224 382
223 382
222 382
221 382
220 382
219 382
218 382
217 382
216 382
215 382
214 382
213 382
212 382
211 382
210 382
209 382
208 382
207 382
206 382
205 382
204 382
203 382
202 382
201 382
200 382
199 382
198 382
197 382
196 382
195 382
194 382
193 382
192 382
191 382
190 382
189 382
188 382
187 382
186 382
185 382
184 382
183 382
182 382
181 382
181 383
181 384
181 385
181 386
181 387
181 388
181 389
181 390
181 391
181 392
181 393
181 394
181 395
181 396
181 397
180 397
182 397
183 397
184 397
185 397
186 397
187 397
188 397
189 397
190 397
191 397
192 397
193 397
194 397
250 332
249 332
248 332
247 332
246 332
245 332
244 332
243 332
242 332
241 332
240 332
239 332
238 332
237 332
236 332
235 332
234 332
233 332
232 332
231 332
230 332
229 332
228 332
227 332
226 332
225 332
224 332
223 332
222 332
221 332
250 317
249 317
248 317
247 317
246 317
245 317
244 317
243 317
242 317
241 317
240 317
239 317
238 317
237 317
236 317
235 317
234 317
233 317
232 317
231 317
230 317
229 317
228 317
227 317
226 317
225 317
224 317
223 317
222 317
221 317
220 317
219 317
218 317
217 317
216 317
215 317
214 317
213 317
212 317
211 317
210 317
209 317
208 317
207 317
206 317
206 318
206 319
206 320
206 321
206 322
206 323
206 324
206 325
206 326
206 327
206 328
206 329
206 330
206 331
206 332
191 303
191 304
191 305
191 306
191 307
191 308
191 309
191 310
191 311
191 312
191 313
191 314
191 315
191 316
191 317
190 318
189 319
188 320
187 321
186 322
185 323
184 324
183 325
182 326
181 327
181 328
180 329
179 330
178 330
177 330
176 330
175 330
174 330
173 330
172 330
171 330
170 330
169 330
168 330
182 329
183 330
184 331
185 332
186 332
187 332
188 332
189 332
190 332
191 332
190 333
189 334
188 335
188 336
188 337
188 338
188 339
188 340
188 341
188 342
188 343
188 344
188 345
187 345
186 345
185 345
184 345
183 345
182 345
181 345
180 345
179 345
178 345
177 345
176 345
175 345
174 345
173 345
172 345
171 345
170 345
169 345
168 345
167 345
166 345
189 346
190 347
191 348
192 349
193 350
193 351
193 352
193 353
193 354
193 355
193 356
193 357
193 358
193 359
193 360
193 361
193 362
193 363
193 364
193 365
192 365
191 365
190 365
189 365
188 365
187 365
186 365
185 365
184 365
183 365
182 365
181 365
180 365
179 365
178 364
177 363
176 362
175 362
174 362
173 362
172 362
171 362
170 362
169 362
168 362
167 362
194 287
195 287
196 287
197 287
198 287
199 287
184 272
183 272
182 272
181 272
255 243
256 244
257 245
258 246
259 247
260 248
261 249
261 250
261 251
261 252
261 253
261 254
261 255
285 247
284 248
283 249
282 250
281 251
280 252
279 253
278 254
277 255
276 255
291 253
291 254
291 255
291 256
291 257
291 258
291 259
291 260
291 261
291 262
291 263
291 264
291 265
291 266
291 267
291 268
291 269
291 270
291 271
291 272
291 273
291 274
291 275
291 276
291 277
291 278
291 279
291 280
291 281
291 282
291 283
291 284
291 285
291 286
291 287
291 288
291 289
291 290
291 291
291 292
334 271
335 272
336 273
336 274
336 275
336 276
336 277
336 278
336 279
336 280
336 281
336 282
336 283
336 284
336 285
336 286
336 287
336 288
336 289
336 290
336 291
336 292
336 293
336 294
336 295
336 296
336 297
336 298
830
240 399
87 166
281 367
61 306
62 236
21 325
22 215
62 252
124 411
102 202
134 342
50 183
65 183
80 183
95 184
132 375
135 391
110 184
125 184
239 367
335 399
240 384
183 142
183 157
63 290
512 142
105 361
90 361
353 399
356 148
75 359
60 358
106 428
281 352
353 384
320 344
514 404
497 142
482 142
499 404
91 252
91 234
270 400
281 383
460 321
282 162
303 420
284 422
91 310
143 107
143 122
158 107
158 122
173 107
173 124
282 107
282 123
644 159
282 147
267 107
267 124
412 143
322 166
322 183
337 166
337 184
313 449
29 359
460 224
188 124
188 107
203 124
203 107
218 124
218 107
233 124
233 107
248 124
248 107
302 343
302 328
484 403
646 385
104 144
352 167
352 184
55 153
341 147
326 147
198 162
213 162
228 162
243 162
367 168
367 184
416 477
416 492
401 477
313 49
442 142
320 329
335 343
350 343
475 321
490 321
505 321
520 320
91 267
91 282
475 224
490 224
505 224
520 224
269 422
254 422
397 143
382 143
258 162
193 180
281 337
378 395
378 410
239 422
224 421
209 421
194 421
179 421
335 328
106 167
121 167
403 125
388 125
373 125
358 125
55 393
158 435
157 420
407 459
322 203
337 202
322 218
281 322
337 217
352 203
367 204
352 218
134 146
119 152
119 137
127 122
127 107
108 108
312 91
312 76
350 328
365 339
311 492
313 476
298 476
296 491
152 397
152 382
604 438
589 444
602 108
587 103
353 414
367 219
382 213
30 183
640 144
625 132
625 147
629 162
135 292
338 418
323 418
643 400
382 175
441 157
441 172
343 124
430 402
431 387
433 372
238 352
136 251
610 154
268 181
353 429
368 430
383 430
106 310
627 414
628 399
106 234
629 384
613 392
193 365
106 256
121 257
106 271
121 272
120 287
136 266
121 310
136 310
402 50
365 324
380 333
121 233
572 107
557 107
542 107
552 122
537 125
527 107
522 125
512 107
507 125
497 107
492 125
482 107
477 125
467 107
462 125
452 107
447 125
437 107
432 122
422 107
407 110
407 95
311 147
304 162
304 177
304 192
304 207
300 222
304 132
301 117
316 117
165 142
165 157
164 172
152 367
587 118
581 133
597 133
595 148
580 148
595 163
580 163
581 178
596 178
298 49
286 66
422 55
151 352
153 337
153 322
628 351
613 344
380 318
395 321
397 180
408 444
423 437
438 437
423 422
438 422
453 437
453 420
468 437
468 420
483 437
483 420
498 437
498 421
513 437
513 421
528 437
528 421
543 437
543 422
558 437
573 437
408 429
588 429
581 414
596 414
598 399
583 399
598 384
583 384
597 369
582 369
598 354
583 354
598 339
583 339
602 324
587 324
418 70
403 65
396 80
599 193
584 193
614 203
599 208
584 208
602 223
587 223
433 357
460 306
475 306
490 306
505 306
520 304
463 291
519 289
154 307
169 313
154 292
266 345
266 330
334 362
349 361
364 361
379 358
576 238
576 253
591 238
606 238
602 253
621 239
576 268
575 283
575 298
266 315
281 307
300 313
315 311
330 313
345 313
360 309
266 300
193 350
441 187
456 193
335 502
333 487
350 505
350 490
365 501
365 486
338 472
398 195
460 239
475 239
490 239
505 239
520 239
463 254
511 254
591 268
590 283
606 268
590 298
621 268
418 350
405 365
403 350
415 335
433 342
448 352
441 327
441 312
426 314
445 297
463 352
470 367
413 197
415 212
443 282
458 275
443 267
443 252
442 237
442 222
427 236
441 202
473 276
488 276
504 281
519 274
534 275
539 260
535 245
539 230
550 245
539 215
549 275
552 290
552 305
552 320
535 303
552 335
552 350
537 353
522 353
151 261
151 276
155 246
151 231
152 216
169 290
166 275
375 303
390 303
405 305
411 290
414 275
412 260
396 288
381 288
397 273
382 273
397 258
382 258
405 243
390 243
397 228
382 228
375 243
367 258
367 273
366 288
360 234
345 233
330 233
315 233
300 237
352 249
352 264
337 248
322 248
337 263
351 279
351 294
336 298
336 283
321 296
322 263
321 281
307 252
306 296
306 281
291 292
291 277
276 285
261 285
276 270
261 270
291 262
276 255
261 255
471 205
486 205
501 205
516 205
471 190
486 190
501 190
336 39
334 54
337 69
184 195
183 210
199 197
198 212
214 197
213 212
180 225
195 227
210 227
181 242
196 242
211 242
229 197
228 212
225 227
226 242
244 197
243 212
240 227
241 242
246 257
231 257
246 272
216 257
201 257
231 272
216 272
186 257
171 257
181 272
196 272
184 287
256 240
271 240
246 287
251 302
231 287
251 317
236 302
251 332
236 317
236 332
216 287
199 287
221 302
221 317
206 302
191 302
206 317
221 332
206 332
191 317
191 332
258 225
273 225
259 210
274 210
478 352
485 367
493 352
500 367
605 309
620 313
349 54
351 39
352 69
350 84
366 39
364 54
367 69
531 194
550 190
353 471
368 471
356 456
162 187
541 388
542 159
87 143
119 342
537 338
368 376
508 339
629 196
103 342
255 383
181 382
365 84
430 297
515 368
516 179
282 195
470 175
501 175
120 360
162 202
134 220
553 205
147 201
102 390
107 325
354 109
485 175
196 382
261 195
132 203
147 186
173 435
88 377
106 219
331 112
569 197
627 369
91 325
166 231
337 377
387 58
209 347
301 64
297 81
286 240
575 313
386 481
306 266
167 362
402 493
135 359
553 260
180 397
188 435
203 435
218 435
553 220
71 137
135 325
211 382
392 110
568 348
105 286
134 161
40 384
427 221
605 283
627 177
112 122
556 385
224 347
45 358
503 266
383 190
625 283
233 435
557 159
383 372
393 420
478 291
166 345
251 347
303 371
522 338
90 219
443 403
426 150
255 398
538 323
166 377
248 436
263 436
278 436
493 338
478 338
463 338
50 333
427 197
39 158
393 445
299 451
49 207
472 399
478 254
626 336
226 383
507 353
625 299
303 397
303 435
537 290
164 399
318 429
120 325
300 96
282 180
120 218
354 24
444 388
456 205
65 338
369 113
514 383
65 204
404 402
431 252
409 173
411 80
527 158
316 61
392 460
471 145
21 340
129 428
179 365
86 401
281 398
426 329
455 160
181 345
448 337
342 458
558 423
626 227
625 211
136 281
72 324
571 387
516 190
321 368
136 232
286 51
394 95
469 160
589 253
119 439
590 310
235 182
194 397
247 182
268 385
457 145
298 147
574 223
69 152
333 430
198 143
260 143
266 360
36 325
457 402
457 387
69 403
572 328
374 150
20 202
547 373
24 174
430 267
527 386
267 158
331 125
56 139
103 377
547 172
390 354
313 461
34 215
72 214
553 235
152 145
519 259
274 142
417 45
307 357
68 388
443 373
178 183
428 282
168 330
500 160
494 161
78 339
489 382
207 143
220 143
232 143
145 434
512 157
352 520
572 121
603 423
602 118
289 207
115 422
35 340
546 144
370 460
623 254
488 261
162 216
642 411
538 200
181 328
376 54
60 279
78 199
135 174
368 419
210 182
472 382
477 160
286 227
210 362
483 382
250 142
506 382
523 143
426 165
602 294
156 160
100 130
91 291
378 36
17 187
227 366
73 268
546 407
178 302
355 94
376 505
292 252
352 376
117 385
573 423
306 382
504 294
354 443
379 490
625 321
228 182
426 180
530 404
257 362
104 159
91 340
79 253
79 238
409 374
331 393
139 418
119 102
60 266
430 212
561 270
408 420
17 355
