2950
278 203
278 204
278 205
278 206
278 207
278 208
278 209
279 210
280 211
281 212
282 213
283 214
284 215
285 216
286 216
287 216
288 216
289 216
290 216
291 216
292 216
293 216
294 215
295 214
296 213
297 212
298 212
299 212
300 212
301 212
302 212
303 212
304 212
304 211
304 210
304 209
304 208
304 207
304 206
304 205
304 204
304 203
304 202
304 201
304 200
304 199
304 198
304 197
304 196
304 195
304 194
304 193
304 192
294 217
295 218
296 219
297 220
298 221
299 222
300 223
301 224
302 225
302 226
302 227
302 228
302 229
302 230
284 217
283 218
282 219
281 220
280 221
279 222
278 223
277 224
276 225
275 226
275 227
275 228
274 229
273 230
272 231
271 232
270 233
269 234
268 235
267 235
266 235
265 235
264 235
263 235
262 235
261 235
260 235
259 235
258 235
257 235
269 236
269 237
269 238
269 239
269 240
269 241
269 242
269 243
268 244
267 245
266 246
265 247
264 248
263 249
262 250
261 251
260 252
259 253
258 254
257 255
256 256
256 257
255 258
254 259
253 259
252 259
251 259
250 259
249 259
248 259
247 259
246 259
245 259
247 260
247 261
247 262
247 263
247 264
247 265
247 266
247 267
247 268
247 269
247 270
247 271
247 272
247 273
247 274
247 275
247 276
247 277
247 278
248 279
249 280
250 281
251 282
252 283
253 284
254 284
255 284
256 284
257 284
258 284
259 284
260 284
261 284
262 284
263 284
252 285
252 286
252 287
252 288
252 289
252 290
252 291
252 292
252 293
252 294
252 295
252 296
252 297
253 298
254 299
255 300
256 301
257 302
258 302
259 302
260 302
261 302
262 302
263 302
264 302
265 302
266 303
267 304
268 305
269 306
270 307
271 308
272 309
273 310
274 311
274 312
274 313
274 314
275 313
276 312
277 311
278 310
279 309
280 309
281 309
282 309
283 309
284 309
285 309
286 309
287 309
288 310
289 311
290 312
291 313
292 314
293 314
294 314
295 314
296 314
297 314
298 314
299 314
300 314
301 314
302 315
303 316
304 317
305 318
306 319
307 320
308 321
309 321
310 321
311 321
312 321
313 321
314 321
315 321
316 321
317 321
318 321
319 321
320 321
321 321
307 322
306 323
305 324
304 325
303 326
302 327
301 328
300 329
299 330
299 331
298 331
297 331
296 331
295 331
294 331
293 331
292 331
291 331
290 331
289 331
288 331
287 331
286 331
285 331
284 331
283 331
282 331
281 331
280 331
279 331
278 331
277 331
276 331
275 331
274 331
273 331
272 331
271 331
275 332
275 333
275 334
275 335
275 336
275 337
275 338
275 339
275 340
275 341
275 342
275 343
275 344
275 345
275 346
275 347
275 348
275 349
276 349
277 349
278 349
279 349
280 349
281 349
282 349
283 349
284 349
285 349
286 349
287 349
288 349
289 349
290 349
291 349
292 349
293 349
294 350
295 351
296 352
297 352
298 352
299 352
300 352
301 352
302 352
303 352
304 352
304 353
304 354
304 355
304 356
304 357
304 358
304 359
304 360
304 361
304 362
304 363
305 364
306 365
307 366
308 367
309 368
310 368
311 368
312 368
313 368
314 368
315 368
305 351
306 350
307 349
308 348
309 347
310 346
311 345
312 344
313 343
314 342
315 342
316 342
317 342
318 342
283 350
283 351
283 352
283 353
283 354
283 355
283 356
283 357
283 358
283 359
283 360
283 361
283 362
283 363
283 364
283 365
282 365
281 365
280 365
279 365
278 365
277 365
276 365
275 365
274 365
273 365
272 365
271 365
270 365
269 365
268 365
267 365
266 365
265 364
264 363
263 362
262 361
261 361
260 361
259 361
258 361
257 361
256 361
255 361
254 361
253 361
252 361
286 308
285 307
284 306
283 305
282 304
282 303
282 302
282 301
282 300
282 299
282 298
282 297
282 296
282 295
282 294
282 293
282 292
282 291
283 290
284 289
285 288
286 288
287 288
288 288
289 289
290 290
291 291
292 292
293 293
294 294
295 294
296 294
297 294
298 294
299 294
300 294
256 303
255 304
255 305
255 306
255 307
255 308
255 309
255 310
255 311
255 312
255 313
255 314
255 315
255 316
255 317
255 318
254 319
253 320
252 321
251 322
250 323
249 324
248 325
247 326
246 327
245 327
244 327
243 327
242 327
241 327
240 327
239 327
238 327
237 327
236 327
235 327
234 327
233 327
232 327
231 328
230 329
229 329
228 329
227 329
226 329
225 329
224 329
223 329
222 329
229 330
229 331
229 332
229 333
229 334
229 335
229 336
229 337
229 338
229 339
229 340
229 341
229 342
229 343
229 344
229 345
229 346
229 347
229 348
229 349
229 350
228 351
227 351
226 351
225 351
224 351
223 351
222 351
221 351
220 351
219 351
218 351
217 351
216 351
215 351
214 351
213 351
212 350
211 349
210 348
209 347
208 346
207 345
206 344
205 344
204 344
203 344
202 344
201 344
200 344
199 344
198 344
197 344
196 344
195 344
194 343
193 342
192 341
191 340
190 340
189 340
188 340
187 340
186 340
185 340
184 340
183 340
182 340
181 340
180 340
179 340
178 340
177 340
176 340
175 340
174 340
192 339
193 338
194 337
195 336
196 335
197 334
198 333
198 332
198 331
198 330
198 329
198 328
198 327
198 326
198 325
198 324
198 323
198 322
198 321
197 320
196 319
195 318
194 318
193 318
192 318
191 318
190 318
189 318
188 318
187 318
186 318
185 318
184 318
183 318
182 318
181 318
180 318
179 318
178 318
177 318
247 328
248 329
249 330
250 331
251 332
252 333
253 334
253 335
253 336
253 337
253 338
253 339
260 254
261 255
262 256
263 257
264 258
265 259
266 260
267 261
268 262
269 263
270 262
271 261
272 260
273 259
274 259
275 259
276 259
277 259
278 259
279 259
280 259
281 259
282 259
283 259
284 259
285 259
286 259
287 259
288 259
289 258
289 257
289 256
290 255
291 254
292 253
293 252
294 252
295 252
296 252
297 252
298 252
299 252
300 252
301 252
302 252
303 253
304 253
305 253
306 253
307 253
308 253
309 253
310 253
311 253
312 253
313 253
314 253
315 253
316 253
317 253
318 253
319 253
320 253
321 253
322 253
323 253
324 253
325 253
326 253
327 253
328 253
329 253
330 253
331 253
332 252
333 251
334 250
335 249
336 248
337 247
338 246
339 245
340 245
341 245
342 245
343 245
344 245
345 245
346 245
347 245
348 245
349 245
350 246
351 247
352 248
353 249
354 250
355 251
356 252
357 253
358 254
359 255
360 255
361 255
362 255
363 254
364 253
365 252
366 251
367 250
368 249
369 248
370 247
371 246
372 245
373 244
374 244
375 244
376 244
377 244
378 244
379 244
380 244
381 244
382 244
383 244
384 244
385 244
386 244
387 244
388 244
389 244
390 244
391 244
392 244
393 244
394 244
366 253
367 254
368 255
369 256
370 257
371 258
372 259
373 260
374 261
375 262
376 263
377 263
378 264
379 265
380 266
381 266
382 266
383 266
384 266
385 266
386 266
387 266
388 266
389 266
390 266
391 266
392 266
393 267
394 268
395 268
396 268
397 268
398 268
399 268
400 268
401 268
402 268
403 268
404 268
405 268
406 268
407 268
408 269
409 270
410 271
411 271
412 271
413 271
414 271
415 271
416 271
417 271
418 271
419 271
420 271
421 271
422 271
423 271
424 271
425 271
426 271
427 271
428 271
429 271
430 270
431 269
432 268
433 267
434 266
435 265
436 264
437 263
438 262
439 261
440 260
439 259
438 258
437 257
436 256
435 255
434 254
433 253
432 252
431 251
430 250
429 249
428 248
427 247
426 247
425 247
424 247
423 247
422 247
421 247
420 247
419 247
418 247
417 247
416 247
441 261
442 261
443 261
444 261
445 261
446 261
447 261
448 261
449 261
450 261
451 261
452 261
453 260
454 259
455 258
456 257
457 256
458 255
459 254
460 253
461 252
462 251
463 250
464 250
465 250
466 250
467 250
468 250
469 250
470 250
471 250
472 250
473 250
474 250
475 250
476 250
477 250
478 250
479 250
480 250
481 249
482 248
483 247
484 246
484 245
484 244
484 243
484 242
484 241
484 240
484 239
484 238
484 237
485 236
486 235
487 234
488 233
489 233
490 233
491 233
492 233
493 233
494 233
495 233
496 233
497 233
498 233
499 233
500 232
501 231
502 230
503 229
504 228
505 227
506 226
506 225
506 224
506 223
506 222
506 221
506 220
506 219
506 218
507 217
508 216
509 215
510 214
511 213
512 212
513 211
514 210
515 209
515 208
515 207
515 206
515 205
515 204
516 203
517 202
518 201
519 200
519 199
519 198
519 197
519 196
519 195
519 194
519 193
519 192
519 191
519 190
519 189
519 188
519 187
520 186
521 185
522 184
523 183
524 182
525 181
526 180
527 179
528 178
529 177
530 176
531 175
532 174
533 173
534 172
533 171
532 170
531 169
530 168
529 167
528 166
527 165
526 164
525 163
524 162
523 161
522 160
521 159
521 158
521 157
521 156
521 155
521 154
521 153
521 152
521 151
521 150
521 149
521 148
521 147
521 146
521 145
521 144
521 143
521 142
521 141
521 140
521 139
521 138
521 137
521 136
520 135
519 134
518 133
517 132
516 131
515 130
514 129
513 128
512 127
511 126
510 125
510 124
510 123
510 122
510 121
510 120
510 119
510 118
509 117
508 116
507 115
506 114
505 113
504 112
503 111
502 110
501 109
500 108
499 107
498 106
497 106
496 106
495 106
494 106
493 106
492 106
491 106
490 106
485 247
486 248
487 249
488 250
489 251
490 252
491 253
492 254
493 254
494 254
495 254
496 254
497 254
498 254
499 254
500 253
501 252
502 251
503 250
504 249
505 248
506 247
507 247
508 247
509 247
510 247
511 247
512 247
513 248
514 249
515 250
516 251
517 252
518 253
519 254
520 255
521 256
522 257
523 258
523 259
523 260
523 261
523 262
523 263
523 264
523 265
523 266
523 267
523 268
522 269
521 270
520 271
519 272
518 273
517 274
516 275
515 276
514 277
514 278
514 279
514 280
514 281
514 282
514 283
514 284
515 285
516 286
517 287
518 288
519 288
520 288
521 288
522 288
523 288
491 255
491 256
491 257
491 258
491 259
491 260
491 261
491 262
491 263
491 264
491 265
491 266
491 267
491 268
491 269
491 270
491 271
491 272
491 273
491 274
491 275
490 276
489 277
488 278
487 279
486 280
485 281
484 282
345 244
345 243
345 242
345 241
345 240
345 239
345 238
345 237
345 236
345 235
345 234
345 233
345 232
345 231
345 230
345 229
345 228
345 227
345 226
345 225
345 224
345 223
345 222
345 221
345 220
345 219
345 218
345 217
345 216
345 215
345 214
345 213
345 212
345 211
345 210
345 209
345 208
345 207
346 206
347 205
348 204
348 203
348 202
348 201
348 200
348 199
348 198
348 197
348 196
348 195
348 194
348 193
348 192
348 191
348 190
348 189
348 188
348 187
348 186
348 185
348 184
349 183
349 182
349 181
349 180
349 179
349 178
349 177
349 176
349 175
349 174
349 173
349 172
349 171
349 170
349 169
349 168
349 167
349 166
349 165
349 164
349 163
350 162
351 161
351 160
351 159
351 158
351 157
351 156
351 155
351 154
351 153
351 152
351 151
351 150
351 149
351 148
351 147
351 146
351 145
351 144
351 143
351 142
348 162
347 162
346 162
345 162
344 162
343 162
342 162
341 162
340 162
339 162
338 162
337 162
336 162
335 162
334 162
333 162
332 162
331 162
330 162
329 161
329 160
329 159
329 158
329 157
329 156
329 155
329 154
329 153
329 152
329 151
329 150
329 149
329 148
329 147
329 146
329 145
329 144
329 143
329 142
329 141
328 162
327 163
327 164
327 165
327 166
327 167
327 168
327 169
327 170
327 171
327 172
327 173
327 174
327 175
327 176
327 177
327 178
327 179
327 180
327 181
327 182
327 183
344 208
343 208
342 208
341 208
340 208
339 208
338 208
337 208
336 208
335 208
334 208
333 208
332 208
331 208
330 208
329 208
328 208
327 208
326 208
337 245
336 244
335 243
334 242
333 241
332 240
331 239
330 238
329 237
328 236
327 235
326 234
325 233
324 232
330 254
330 255
330 256
330 257
330 258
330 259
330 260
330 261
330 262
330 263
330 264
330 265
330 266
330 267
330 268
330 269
330 270
330 271
329 272
328 273
327 274
326 275
325 276
325 277
325 278
325 279
325 280
325 281
325 282
325 283
325 284
325 285
325 286
325 287
324 288
323 289
322 290
321 291
321 292
321 293
321 294
321 295
321 296
321 297
331 267
332 267
333 267
334 267
335 267
336 267
337 267
338 267
339 267
340 267
341 267
342 267
343 267
344 267
308 254
308 255
308 256
308 257
308 258
308 259
308 260
308 261
308 262
308 263
308 264
308 265
308 266
308 267
308 268
308 269
308 270
308 271
308 272
308 273
292 251
291 250
290 249
289 248
277 207
276 207
275 207
274 207
273 207
272 207
271 207
270 207
269 207
268 207
267 207
266 207
265 207
264 207
263 207
262 207
261 207
260 207
259 207
258 207
258 208
258 209
258 210
258 211
258 212
258 213
258 214
258 215
257 206
256 205
255 205
254 205
253 205
252 205
251 205
250 205
249 205
248 205
247 205
246 205
245 205
244 205
243 205
242 205
241 205
240 205
239 205
238 205
237 205
237 206
237 207
237 208
237 209
237 210
237 211
237 212
237 213
237 214
237 215
237 216
237 217
237 218
237 219
237 220
237 221
237 222
237 223
237 224
237 225
237 226
236 227
236 228
236 229
236 230
236 231
236 232
236 233
236 234
236 235
236 236
236 237
236 238
236 239
235 240
234 241
233 242
232 243
231 244
230 245
229 246
228 247
227 248
226 249
225 250
224 251
224 252
223 250
222 249
221 248
220 247
219 246
218 246
217 246
216 246
215 246
214 246
213 246
212 246
211 246
210 246
209 246
208 246
207 246
206 246
205 246
204 246
203 245
202 244
201 243
200 242
199 241
198 240
197 239
196 238
195 237
195 236
195 235
195 234
195 233
195 232
195 231
195 230
195 229
195 228
194 227
193 226
192 225
191 224
190 223
189 222
188 222
187 222
186 222
185 222
184 222
183 222
182 223
181 224
180 225
179 226
178 227
177 228
176 229
175 230
174 231
173 232
172 233
171 234
170 235
169 236
168 237
168 238
168 239
168 240
168 241
168 242
168 243
168 244
168 245
168 246
168 247
168 248
168 249
167 246
166 246
165 246
164 246
163 246
162 246
161 246
160 246
159 246
158 246
157 246
156 246
155 246
154 246
153 246
152 246
151 246
150 246
149 246
148 246
147 245
146 244
145 243
144 243
143 243
142 243
141 243
140 243
139 243
138 243
137 243
136 243
135 243
134 243
133 243
172 231
171 230
170 229
169 228
168 227
167 226
166 225
165 224
164 223
163 222
162 221
161 220
160 220
159 220
158 220
157 220
156 220
155 220
154 220
153 220
152 220
151 220
150 220
149 220
148 220
147 220
146 220
145 220
144 220
143 220
142 219
141 219
140 219
139 219
138 219
137 219
136 219
135 219
134 219
133 219
132 219
131 219
130 219
129 219
128 219
127 220
126 221
125 222
124 222
123 222
122 222
121 222
120 222
119 222
118 222
117 222
116 222
115 222
114 222
113 222
112 222
111 222
111 223
111 224
111 225
111 226
111 227
111 228
111 229
111 230
111 231
111 232
111 233
111 234
111 235
111 236
111 237
111 238
111 239
111 240
111 241
111 242
111 243
110 233
109 233
108 233
107 233
106 233
105 233
104 233
103 233
102 233
101 233
100 233
99 233
98 233
97 233
96 233
95 233
94 233
93 233
92 232
91 231
90 230
89 229
88 228
87 227
86 226
86 225
86 224
86 223
86 222
86 221
86 220
86 219
85 218
84 217
83 216
82 215
81 214
80 213
79 212
78 211
77 210
76 209
75 208
74 208
73 208
72 208
71 208
70 208
69 208
68 209
67 209
66 209
65 209
64 209
76 207
77 206
78 205
79 204
80 203
81 202
82 201
82 200
82 199
82 198
82 197
82 196
82 195
82 194
82 193
82 192
82 191
82 190
82 189
81 188
80 187
79 187
78 187
77 187
76 187
75 187
74 187
73 187
72 187
71 187
70 187
69 187
68 187
67 187
66 187
92 234
91 235
90 236
90 237
90 238
90 239
90 240
89 240
88 240
87 240
86 240
85 240
84 240
83 240
82 240
81 240
80 240
79 240
78 240
77 240
76 240
75 240
74 240
73 240
72 239
71 238
70 237
69 236
68 235
67 234
66 233
65 232
64 232
63 232
62 232
61 233
60 234
59 235
58 236
57 237
56 237
55 237
54 237
53 237
52 237
51 237
50 237
49 237
48 237
47 237
46 237
45 236
44 235
43 234
42 233
41 232
40 231
39 231
38 231
37 231
36 231
35 231
34 231
33 231
32 231
31 231
30 231
41 230
42 229
43 228
43 227
43 226
43 225
43 224
43 223
43 222
43 221
43 220
43 219
43 218
43 217
43 216
42 215
41 214
40 213
39 212
38 211
37 210
36 209
35 208
34 207
33 206
32 205
31 205
30 205
29 205
28 205
29 204
29 203
29 202
29 201
29 200
29 199
29 198
29 197
29 196
29 195
29 194
29 193
30 192
31 191
32 191
33 191
34 191
35 191
36 191
37 191
38 191
39 191
40 191
41 191
42 191
43 191
44 191
30 191
30 190
30 189
30 188
30 187
30 186
30 185
30 184
30 183
30 182
30 181
30 180
30 179
30 178
30 177
30 176
30 175
30 174
30 173
31 172
32 171
33 170
34 169
35 169
36 169
37 169
38 169
39 169
40 169
41 169
42 169
43 169
44 169
45 169
46 169
47 169
48 169
49 169
48 168
47 167
46 166
45 165
45 164
45 163
45 162
45 161
45 160
45 159
45 158
44 157
43 156
42 155
41 154
40 153
39 152
38 152
37 152
36 152
35 152
34 152
33 152
32 152
31 152
30 152
30 151
30 150
30 149
30 148
30 147
30 146
30 145
30 144
30 143
30 142
30 141
30 140
30 139
46 157
47 156
48 155
49 154
50 153
51 152
52 151
53 150
54 149
54 148
54 147
54 146
54 145
54 144
54 143
54 142
54 141
54 140
54 139
53 138
52 137
51 136
50 135
50 134
50 133
50 132
50 131
50 130
50 129
50 128
50 127
50 126
50 125
50 124
50 123
50 122
50 121
50 120
50 119
51 118
52 117
52 116
52 115
52 114
52 113
52 112
52 111
52 110
52 109
52 108
52 107
52 106
52 105
51 104
50 103
49 102
48 101
47 101
46 101
45 101
44 101
43 100
42 99
41 98
40 98
39 98
38 98
37 98
36 98
35 98
34 98
33 98
32 98
31 98
30 98
29 98
28 98
27 98
26 98
31 97
31 96
31 95
31 94
31 93
31 92
31 91
31 90
31 89
31 88
31 87
31 86
31 85
32 84
33 83
34 82
35 81
36 80
37 79
38 78
39 77
40 76
41 75
42 74
43 73
44 73
45 73
45 72
45 71
45 70
45 69
45 68
45 67
45 66
45 65
45 64
45 63
45 62
44 64
43 64
42 64
41 64
40 64
39 64
38 64
37 64
36 64
35 64
34 64
33 64
32 64
31 64
46 74
47 75
48 76
49 77
50 76
51 75
52 74
53 73
54 72
55 71
56 70
57 69
58 68
59 67
60 67
61 67
62 67
63 68
64 69
65 70
66 71
66 72
66 73
66 74
66 75
66 76
66 77
66 78
66 79
66 80
66 81
66 82
66 83
66 84
66 85
67 70
68 69
69 68
70 67
71 66
72 66
73 66
74 66
75 66
76 66
77 66
78 66
79 66
80 66
81 66
82 67
83 68
84 69
85 70
86 71
87 72
88 73
89 74
89 75
89 76
89 77
89 78
89 79
89 80
89 81
89 82
90 83
91 84
92 84
93 84
94 84
95 84
96 84
97 84
98 84
99 84
100 84
101 84
102 84
103 84
104 84
105 84
106 85
107 86
108 87
109 88
110 89
111 90
112 90
113 90
114 90
115 90
116 90
117 90
118 90
119 90
120 90
121 90
122 89
123 88
123 87
123 86
123 85
123 84
123 83
123 82
123 81
123 80
123 79
123 78
123 77
123 76
123 75
123 74
123 73
123 72
123 71
123 70
123 69
124 89
125 90
126 91
127 92
128 92
129 92
130 92
131 92
132 92
133 92
134 92
135 92
136 92
137 92
138 92
139 92
140 92
141 92
142 92
143 92
144 91
145 90
146 89
146 88
146 87
146 86
146 85
146 84
146 83
146 82
146 81
146 80
146 79
146 78
146 77
146 76
145 75
147 76
148 76
149 76
150 76
151 76
152 76
153 76
154 76
155 76
156 76
157 76
158 76
159 76
160 76
161 77
162 78
163 78
164 78
165 78
166 78
167 78
168 78
169 78
170 78
171 78
172 78
173 78
174 78
175 79
176 79
177 79
178 79
179 79
180 79
181 79
182 79
183 79
184 79
185 79
186 79
187 79
188 79
189 79
190 79
191 79
192 80
193 81
194 82
195 82
196 82
197 82
198 82
199 82
200 82
201 82
202 82
203 82
204 82
205 82
206 82
207 82
208 82
208 83
208 84
208 85
208 86
208 87
208 88
208 89
208 90
208 91
208 92
208 93
208 94
208 95
208 96
208 97
208 98
208 99
208 100
209 100
210 100
211 100
212 100
213 100
214 100
215 100
216 100
217 100
218 100
219 100
220 100
221 100
222 100
223 100
224 99
225 98
226 97
227 96
228 95
229 94
229 93
229 92
229 91
229 90
229 89
229 88
229 87
229 86
229 85
229 84
230 95
231 96
232 96
233 96
234 96
235 96
236 96
237 96
238 96
239 96
240 96
241 96
242 96
243 96
244 96
245 96
246 95
247 94
247 93
247 92
247 91
247 90
247 89
247 88
247 87
245 97
245 98
245 99
245 100
245 101
245 102
245 103
245 104
246 104
247 104
248 104
249 104
250 104
251 104
252 104
253 104
254 104
255 104
256 104
257 104
258 104
259 104
260 104
261 104
262 104
263 103
264 102
265 101
266 100
267 99
268 98
268 97
268 96
268 95
268 94
268 93
268 92
268 91
268 90
268 89
268 88
269 87
270 86
271 85
272 85
273 85
274 85
275 85
276 85
277 85
278 85
279 85
280 85
281 85
282 85
283 85
284 85
285 85
286 85
287 85
288 86
289 87
290 88
291 89
292 90
293 91
294 92
295 93
296 93
297 93
298 93
299 93
300 93
301 93
302 93
303 92
304 91
305 91
306 91
307 91
308 91
309 91
310 91
311 91
301 94
300 95
299 96
298 97
298 98
298 99
298 100
298 101
298 102
298 103
298 104
298 105
298 106
298 107
297 107
296 107
295 107
294 107
293 107
292 107
291 107
290 107
289 107
288 107
299 108
300 109
301 110
302 111
303 112
304 113
305 112
306 112
307 112
308 112
309 112
310 112
311 112
312 112
313 112
314 112
315 112
316 112
317 112
318 112
319 113
320 114
321 115
322 116
323 117
324 117
325 117
326 117
327 117
328 117
329 117
330 117
331 117
319 111
320 110
321 109
322 108
323 107
324 106
325 105
326 104
327 103
328 102
329 101
330 100
331 99
331 98
331 97
331 96
332 98
333 98
334 98
335 98
336 98
337 98
338 98
339 98
340 98
341 98
342 98
343 98
344 98
345 98
346 98
347 98
348 98
349 98
350 98
351 98
352 98
353 99
353 100
353 101
353 102
353 103
353 104
353 105
353 106
353 107
353 108
353 109
353 110
353 111
353 112
353 113
353 114
353 115
353 116
353 117
353 118
353 119
305 114
305 115
305 116
305 117
305 118
305 119
305 120
305 121
305 122
305 123
305 124
305 125
305 126
305 127
305 128
305 129
305 130
305 131
305 132
305 133
305 134
305 135
305 136
305 137
305 138
305 139
305 140
305 141
305 142
305 143
305 144
305 145
305 146
305 147
305 148
305 149
305 150
305 151
304 152
303 153
302 154
302 155
302 156
302 157
302 158
302 159
302 160
302 161
302 162
302 163
302 164
302 165
302 166
302 167
302 168
302 169
207 100
206 100
205 100
204 100
174 79
174 80
174 81
174 82
174 83
174 84
174 85
174 86
174 87
174 88
174 89
174 90
174 91
174 92
174 93
174 94
174 95
174 96
175 96
176 96
177 96
178 96
179 96
180 96
181 96
182 96
183 96
184 96
173 96
172 96
82 65
83 64
84 63
85 62
86 61
87 61
88 61
89 61
90 61
91 61
92 61
93 61
94 61
95 61
96 61
97 61
98 61
99 61
100 61
101 61
102 61
49 118
48 118
47 118
46 118
45 118
44 118
43 118
42 118
41 118
40 118
39 118
38 118
37 118
36 118
35 118
91 241
92 242
110 221
109 220
108 219
107 218
107 217
107 216
107 215
107 214
107 213
107 212
106 211
105 210
105 209
105 208
105 207
105 206
105 205
105 204
105 203
105 202
105 201
105 200
105 199
105 198
105 197
105 196
105 195
105 194
105 193
105 192
105 191
106 192
107 193
108 193
109 193
110 193
111 193
112 193
113 193
114 193
115 193
116 193
117 193
118 193
119 193
120 193
121 193
122 193
123 193
124 194
125 194
126 194
127 194
128 194
129 194
130 194
131 194
132 194
133 194
134 194
135 194
136 194
137 194
138 194
139 194
140 194
141 194
142 194
143 195
144 196
145 197
146 197
147 197
148 197
149 197
198 242
197 243
196 244
195 245
194 246
193 247
192 248
191 249
235 226
234 225
233 224
232 224
231 224
230 224
229 224
228 224
227 224
226 224
225 224
224 224
223 224
222 224
221 224
220 224
219 224
218 224
217 224
216 224
236 204
235 203
234 203
233 203
232 203
231 203
230 203
229 203
228 203
227 203
226 203
225 203
224 203
223 203
222 203
221 203
220 203
219 203
218 203
217 203
216 203
215 202
214 201
213 201
212 201
211 201
210 201
209 201
208 201
207 201
206 201
205 201
204 201
203 201
202 201
201 201
200 201
199 201
198 201
197 201
196 201
195 201
194 200
193 199
192 198
191 198
190 198
189 198
188 198
187 198
186 198
185 198
184 198
183 198
182 198
181 198
180 198
179 198
178 198
177 198
176 198
175 198
174 198
173 198
186
30 231
452 261
149 197
305 151
133 243
62 232
514 284
325 287
288 259
247 87
31 85
31 64
321 321
111 243
318 342
30 139
353 119
331 117
315 368
184 96
173 198
162 221
223 100
491 275
66 187
69 208
331 253
237 205
326 208
324 232
329 141
351 142
328 162
349 163
327 183
348 184
105 191
237 226
499 254
191 249
216 203
195 201
183 222
216 224
253 339
255 318
232 327
229 350
128 219
107 212
174 340
195 344
177 318
198 321
429 271
499 233
35 118
145 75
256 257
352 98
345 225
407 268
288 107
208 82
224 252
105 84
28 205
510 118
174 78
331 96
252 297
93 233
275 228
304 192
377 263
287 309
268 88
302 169
258 207
534 172
30 173
66 85
143 92
278 209
521 136
283 331
148 246
305 128
257 235
302 93
82 189
262 104
89 82
121 90
302 230
44 191
123 193
263 284
195 228
347 205
480 250
308 273
229 84
416 247
86 219
252 361
81 66
204 100
143 220
288 288
304 363
73 240
102 61
373 244
169 236
523 268
45 62
275 349
394 244
204 246
293 216
43 216
52 105
321 297
289 248
283 365
245 104
123 69
54 139
287 85
222 329
191 79
523 288
304 212
512 247
247 278
349 245
49 169
30 152
213 351
318 112
435 255
519 187
392 266
44 101
484 282
168 249
318 253
172 96
300 294
282 291
506 218
62 67
142 194
302 252
344 267
160 76
515 204
29 193
236 239
269 263
50 119
245 259
274 314
111 222
362 255
271 331
311 91
309 347
484 237
46 237
490 106
26 98
49 77
258 215
330 271
299 331
45 158
92 242
304 113
265 302
293 349
269 243
301 314
266 365
64 209
