1071
119 89
118 88
117 87
116 86
115 86
114 86
113 86
112 86
121 89
122 88
123 87
124 86
125 86
126 86
127 86
128 86
129 86
130 86
131 86
132 86
133 86
134 85
135 84
136 83
136 82
136 81
136 80
136 79
136 78
136 77
136 76
136 75
136 74
136 73
136 72
136 71
137 71
136 70
136 69
136 68
136 67
136 66
136 65
136 64
136 63
136 62
136 61
136 60
136 59
136 58
136 57
136 56
119 91
118 92
117 93
116 94
115 95
114 96
113 97
112 98
112 99
112 100
112 101
112 102
112 103
112 104
112 105
112 106
112 107
112 108
112 109
112 110
112 111
112 112
112 113
112 114
112 115
112 116
112 117
112 118
112 119
112 120
112 121
112 122
111 123
110 123
109 123
108 123
107 123
106 123
105 123
104 123
103 123
102 123
101 123
100 123
99 123
98 123
97 123
96 123
95 123
94 123
93 123
92 122
92 121
92 120
92 119
92 118
92 117
92 116
92 115
92 114
92 113
92 112
92 111
92 110
92 109
92 108
93 107
93 106
93 105
93 104
93 103
93 102
92 101
91 100
91 99
91 98
91 97
91 96
91 95
91 94
91 93
91 92
91 91
91 90
91 89
91 88
91 87
91 86
92 85
93 84
93 83
93 82
93 81
93 80
93 79
93 78
93 77
93 76
93 75
93 74
93 73
93 72
93 71
92 70
92 69
92 68
92 67
92 66
92 65
92 64
92 63
92 62
92 61
92 60
92 59
92 58
92 57
92 56
93 55
93 54
93 53
93 52
93 51
93 50
92 49
91 48
90 47
89 46
88 45
87 44
86 43
86 42
86 41
86 40
86 39
86 38
86 37
86 36
86 35
86 34
87 34
88 34
89 34
90 34
91 34
92 34
93 34
94 34
95 34
96 34
97 34
98 34
99 34
100 34
101 34
102 34
103 34
104 34
105 34
106 34
107 34
108 34
109 34
110 34
111 34
112 34
113 34
114 34
115 34
116 34
117 34
118 34
119 34
120 34
121 34
122 34
123 34
124 34
125 34
126 34
127 34
128 34
129 34
130 34
131 34
132 34
133 34
134 34
135 34
136 34
137 34
138 34
139 34
140 34
141 34
142 34
143 34
144 34
145 34
146 34
147 34
148 34
149 34
150 35
151 36
152 37
153 38
154 39
155 40
156 41
157 42
158 43
158 44
158 45
158 46
158 47
158 48
158 49
158 50
157 51
157 52
157 53
157 54
157 55
157 56
158 57
158 58
158 59
158 60
158 61
158 62
158 63
158 64
158 65
158 66
158 67
158 68
158 69
158 70
158 71
159 72
160 73
160 74
160 75
160 76
160 77
160 78
160 79
160 80
160 81
160 82
160 83
160 84
160 85
160 86
159 86
158 86
157 86
156 86
155 86
154 86
159 87
158 88
158 89
158 90
158 91
158 92
158 93
158 94
158 95
158 96
158 97
158 98
158 99
158 100
158 101
158 102
157 103
157 104
157 105
157 106
157 107
157 108
158 109
158 110
158 111
158 112
158 113
158 114
158 115
158 116
158 117
158 118
158 119
158 120
158 121
158 122
158 123
156 108
155 108
154 108
153 108
152 108
151 108
150 108
149 108
148 108
147 108
146 108
145 108
144 108
143 108
142 108
141 108
140 108
139 108
138 108
137 108
136 108
136 109
136 110
136 111
136 112
136 113
136 114
136 115
136 116
136 117
136 118
136 119
136 120
136 121
136 122
136 123
137 123
135 124
134 125
133 126
133 127
133 128
133 129
133 130
133 131
133 132
133 133
133 134
133 135
133 136
133 137
133 138
133 139
133 140
133 141
133 142
133 143
134 143
135 143
136 143
137 143
138 143
139 143
140 143
141 143
142 143
143 143
144 143
145 143
146 143
147 143
148 143
149 143
150 143
151 143
132 143
131 143
130 143
129 143
128 143
127 143
126 143
125 143
124 143
123 143
122 143
121 143
120 143
119 143
118 143
117 143
116 143
115 143
114 143
113 143
112 143
159 49
160 48
161 47
162 46
163 45
164 44
165 43
166 42
167 41
168 40
169 39
170 38
170 37
170 36
170 35
170 34
171 33
172 32
173 31
174 30
175 30
176 31
177 32
178 33
179 34
180 35
181 36
182 37
183 38
184 39
185 40
186 41
187 40
188 40
189 40
190 40
191 40
192 40
193 41
194 42
195 43
196 44
197 45
198 46
199 47
200 48
201 49
202 50
203 51
204 52
205 51
205 53
205 54
205 55
205 56
205 57
205 58
205 59
205 60
205 61
205 62
205 63
205 64
205 65
205 66
205 67
205 68
205 69
205 70
205 71
205 72
204 73
205 74
205 75
205 76
205 77
205 78
205 79
205 80
205 81
205 82
205 83
205 84
205 85
205 86
205 87
205 88
205 89
205 90
205 91
205 92
205 93
204 94
205 95
205 96
205 97
205 98
205 99
205 100
205 101
205 102
205 103
205 104
205 105
204 106
204 107
204 108
204 109
204 110
204 111
204 112
204 113
204 114
204 115
205 116
205 117
205 118
205 119
205 120
205 121
205 122
205 123
205 124
205 125
205 126
204 127
203 128
202 129
201 130
200 131
199 131
198 131
197 131
196 131
195 131
194 131
193 131
192 131
191 132
190 133
189 134
188 135
187 136
186 137
185 138
184 139
183 139
182 139
181 139
180 139
179 140
178 141
177 141
176 141
175 141
174 141
173 141
172 142
172 143
191 130
190 129
189 128
188 127
187 126
186 125
185 124
184 123
183 122
182 121
181 120
181 119
181 118
185 42
184 43
183 44
182 45
181 46
181 47
181 48
181 49
181 50
181 51
181 52
181 53
181 54
181 55
181 56
181 57
181 58
181 59
181 60
181 61
181 62
181 63
181 64
181 65
181 66
181 67
181 68
181 69
181 70
181 71
181 72
181 73
181 74
181 75
181 76
181 77
181 78
181 79
181 80
181 81
181 82
181 83
181 84
181 85
181 86
181 87
181 88
181 89
181 90
181 91
181 92
181 93
181 94
181 95
181 96
181 97
94 51
95 52
96 53
97 54
98 55
99 55
100 55
101 55
102 55
103 55
104 55
105 55
106 55
107 55
108 55
109 55
110 55
111 55
112 55
112 56
112 57
112 58
112 59
112 60
112 61
112 62
112 63
112 64
112 65
90 86
89 86
88 86
87 86
86 86
85 86
84 86
83 86
82 86
81 86
80 86
79 86
78 86
77 86
76 86
75 86
74 86
73 86
72 86
72 85
72 84
72 83
72 82
72 81
72 80
72 79
72 78
72 77
72 76
72 75
72 74
72 73
72 72
72 71
71 71
71 70
71 69
71 68
71 67
71 66
71 65
71 64
71 63
71 62
71 61
71 60
71 59
71 58
71 57
71 56
71 86
70 86
69 86
68 86
67 86
66 86
65 86
64 86
63 86
62 86
61 86
60 86
59 86
58 86
57 86
56 86
55 86
54 86
53 86
52 86
51 86
91 108
90 108
89 108
88 108
87 108
86 108
85 108
84 108
83 108
82 108
81 108
80 108
79 108
78 108
77 108
76 108
75 108
74 108
73 108
72 108
71 108
71 109
71 110
71 111
71 112
71 113
71 114
71 115
71 116
71 117
71 118
71 119
71 120
71 121
71 122
71 123
72 123
70 124
69 125
69 126
69 127
69 128
69 129
69 130
69 131
69 132
69 133
69 134
69 135
69 136
69 137
69 138
69 139
69 140
69 141
69 142
69 143
68 143
67 143
66 143
65 143
64 143
63 143
62 143
61 143
60 143
59 143
58 143
57 143
56 143
55 143
55 142
55 141
54 140
53 139
52 138
51 137
50 136
49 135
48 134
48 133
48 132
48 131
48 130
48 129
48 128
47 129
46 130
45 130
44 130
43 129
42 129
41 128
40 127
39 126
38 126
37 126
36 126
35 126
34 126
33 126
32 126
31 126
30 125
29 125
28 125
48 127
48 126
48 125
48 124
48 123
48 122
48 121
48 120
48 119
48 118
48 117
48 116
48 115
48 114
48 113
48 112
48 111
48 110
48 109
48 108
48 107
47 106
46 105
45 104
44 104
43 104
42 104
41 104
40 104
39 104
38 104
37 104
36 104
35 104
34 104
33 104
32 104
31 104
30 104
29 104
28 104
28 103
28 102
28 101
28 100
28 99
28 98
28 97
28 96
28 95
28 94
28 93
28 92
28 91
28 90
28 89
28 88
28 87
28 86
28 85
28 84
28 83
28 82
28 81
28 80
28 79
28 78
28 77
28 76
28 75
28 74
28 73
28 72
28 71
28 70
28 69
28 68
28 67
28 66
28 65
28 64
28 63
28 62
29 63
30 64
31 65
32 65
33 65
34 65
35 65
36 65
37 65
38 65
39 65
40 65
41 65
42 65
43 65
44 65
45 65
46 65
47 65
48 65
48 64
48 63
48 62
48 61
48 60
48 59
48 58
48 57
48 56
48 55
48 54
48 53
48 52
48 51
49 50
50 49
51 48
52 47
52 46
52 45
52 44
52 43
52 42
52 41
52 40
52 39
52 38
53 37
54 36
54 35
54 34
54 33
54 32
54 31
54 30
55 31
56 32
57 33
58 34
59 34
60 34
61 34
62 34
63 34
64 34
65 34
51 39
50 40
49 40
48 40
47 40
46 40
45 40
44 40
43 40
42 40
41 40
40 40
39 40
38 41
37 42
36 42
35 42
34 42
33 42
32 42
31 42
92 124
91 125
91 126
91 127
91 128
91 129
91 130
91 131
91 132
91 133
91 134
91 135
91 136
91 137
91 138
91 139
91 140
91 141
91 142
91 143
90 143
84
65 34
71 56
71 108
86 34
92 56
92 108
107 34
128 34
136 56
136 108
149 34
157 56
157 108
170 34
181 55
181 76
181 97
181 118
204 52
204 73
204 94
204 115
112 143
172 143
51 86
48 128
112 86
69 143
90 143
133 143
48 51
48 107
112 55
112 107
151 143
28 62
28 83
28 104
28 125
93 71
93 123
158 71
158 123
71 71
71 123
136 71
136 123
72 86
133 86
154 86
192 131
91 86
112 122
48 65
186 41
112 65
31 42
205 126
55 141
52 38
160 86
180 139
205 51
175 30
205 72
205 93
91 143
72 71
72 123
93 50
93 102
137 71
137 123
158 50
158 102
42 129
205 105
39 40
192 40
55 143
54 30
44 130
173 141
31 126
