3107
278 203
277 204
277 205
277 206
277 207
277 208
277 209
278 210
279 211
280 212
281 213
282 214
283 215
284 216
285 216
286 216
287 216
288 216
289 216
290 215
291 214
292 213
293 212
294 211
295 211
296 211
297 211
298 211
299 211
300 211
301 211
302 211
303 211
302 210
301 209
300 208
299 207
298 206
297 205
296 204
295 203
295 202
295 201
296 200
297 199
298 198
299 197
300 196
301 195
302 194
303 193
304 192
302 212
302 213
302 214
302 215
302 216
302 217
302 218
302 219
302 220
302 221
302 222
302 223
302 224
302 225
302 226
302 227
302 228
302 229
302 230
288 217
287 218
286 219
285 220
284 221
283 222
282 223
281 224
280 225
279 226
278 227
277 228
276 228
275 228
274 229
273 230
272 231
271 232
270 233
269 234
269 235
269 236
269 237
269 238
269 239
269 240
269 241
269 242
268 241
267 240
266 239
265 238
264 237
263 236
262 235
261 234
260 234
259 234
258 234
257 234
258 233
258 232
258 231
258 230
258 229
258 228
258 227
258 226
258 225
258 224
258 223
258 222
258 221
258 220
258 219
258 218
258 217
258 216
258 215
257 214
257 213
257 212
257 211
257 210
257 209
257 208
257 207
256 206
255 205
254 205
253 205
252 205
251 205
250 205
249 205
248 205
247 205
246 205
245 205
244 205
243 205
242 205
241 205
240 205
239 205
238 205
237 205
237 206
237 207
237 208
237 209
237 210
237 211
237 212
237 213
237 214
237 215
237 216
237 217
237 218
237 219
237 220
237 221
237 222
237 223
237 224
237 225
237 226
236 227
236 228
236 229
236 230
236 231
236 232
236 233
236 234
236 235
236 236
236 237
236 238
236 239
235 240
234 241
233 242
232 243
231 244
230 245
229 246
228 247
227 248
226 249
225 250
224 251
224 252
223 251
222 250
221 249
220 248
219 247
218 246
217 245
216 244
215 243
215 242
215 241
215 240
215 239
215 238
215 237
215 236
215 235
215 234
216 233
216 232
216 231
216 230
216 229
216 228
216 227
216 226
216 225
216 224
216 223
216 222
216 221
216 220
216 219
216 218
216 217
216 216
216 215
216 214
216 213
216 212
216 211
216 210
216 209
216 208
216 207
216 206
216 205
216 204
216 203
214 235
213 236
212 237
211 238
210 239
209 240
208 241
207 242
206 243
205 244
204 245
204 246
203 247
202 248
201 249
200 249
199 249
198 249
197 249
196 249
195 249
194 249
193 249
192 249
191 249
203 245
202 244
201 243
200 242
199 241
198 240
197 239
196 238
195 237
195 236
195 235
195 234
195 233
195 232
195 231
195 230
195 229
195 228
194 227
193 226
192 225
191 224
190 223
189 222
188 222
187 222
186 222
185 222
184 222
183 222
184 221
185 220
186 219
187 218
188 217
189 216
190 215
191 214
192 213
193 212
194 211
194 210
194 209
194 208
194 207
195 206
195 205
195 204
195 203
195 202
195 201
194 200
193 199
192 198
191 198
190 198
189 198
188 198
187 198
186 198
185 198
184 198
183 198
182 198
181 198
180 198
179 198
178 198
177 198
176 198
175 198
174 198
173 198
172 199
172 200
172 201
182 223
181 224
180 225
179 226
178 227
177 228
176 229
175 230
174 231
173 232
172 233
171 234
170 235
169 236
168 237
168 238
168 239
168 240
168 241
168 242
168 243
168 244
168 245
168 246
168 247
168 248
168 249
167 248
166 247
165 246
164 246
163 246
162 246
161 246
160 246
159 246
158 246
157 246
156 246
155 246
154 246
153 246
152 246
151 246
150 246
149 246
148 246
147 245
146 244
145 243
144 243
143 243
142 243
141 243
140 243
139 243
138 243
137 243
136 243
135 243
134 243
133 243
168 235
167 234
166 233
165 232
164 231
163 230
162 229
162 228
162 227
162 226
162 225
162 224
162 223
162 222
162 221
161 220
160 220
159 220
158 220
157 220
156 220
155 220
154 220
153 220
152 220
151 220
150 220
149 220
148 220
147 220
146 220
145 220
144 220
143 220
142 219
141 219
140 219
139 219
138 219
137 219
136 219
135 219
134 219
133 219
132 219
131 219
130 219
129 219
128 219
127 220
126 221
125 222
124 222
123 222
122 222
121 222
120 222
119 222
118 222
117 222
116 222
115 222
114 222
113 222
112 222
111 222
110 221
109 220
108 219
107 218
107 217
107 216
107 215
107 214
107 213
107 212
111 223
111 224
111 225
111 226
111 227
111 228
111 229
111 230
111 231
111 232
111 233
111 234
111 235
111 236
111 237
111 238
111 239
111 240
111 241
111 242
111 243
110 242
109 242
108 242
107 242
106 242
105 242
104 242
103 242
102 242
101 242
100 242
99 242
98 242
97 242
96 242
95 242
94 242
93 242
92 242
93 241
93 240
93 239
93 238
93 237
93 236
93 235
93 234
93 233
92 232
91 231
90 230
89 229
88 228
87 227
86 226
86 225
86 224
86 223
86 222
86 221
86 220
86 219
85 218
84 217
83 216
82 215
81 214
80 213
79 212
78 211
77 210
76 209
75 208
74 208
73 208
72 208
71 208
70 208
69 208
68 209
67 209
66 209
65 209
64 209
70 207
71 206
72 205
73 204
74 203
75 202
76 201
77 200
78 199
79 198
80 197
81 197
82 197
83 197
84 197
85 197
86 197
85 196
84 195
83 194
82 193
82 192
82 191
82 190
82 189
81 188
80 187
79 187
78 187
77 187
76 187
75 187
74 187
73 187
72 187
71 187
70 187
69 187
68 187
67 187
66 187
87 196
88 195
89 194
90 193
91 192
92 191
93 191
94 191
95 191
96 191
97 191
98 191
99 191
100 191
101 191
102 191
103 191
104 191
105 191
106 192
107 193
108 193
109 193
110 193
111 193
112 193
113 193
114 193
115 193
116 193
117 193
118 193
119 193
120 193
121 194
122 194
123 194
124 194
125 194
126 194
127 194
128 194
129 194
130 194
131 194
132 194
133 194
134 194
135 194
136 194
137 194
138 194
139 194
140 194
141 194
142 194
143 195
144 196
145 197
146 197
147 197
148 197
149 197
91 241
90 240
89 240
88 240
87 240
86 240
85 240
84 240
83 240
82 240
81 240
80 240
79 240
78 240
77 240
76 240
75 240
74 240
73 240
72 239
71 238
70 237
69 236
68 235
67 234
66 233
65 232
64 232
63 232
62 232
61 233
60 234
59 235
58 236
57 237
56 238
55 239
55 240
55 241
55 242
54 241
53 240
52 239
51 238
50 237
49 237
48 237
47 237
46 237
45 237
44 237
43 237
42 238
41 239
40 240
39 241
38 242
37 243
36 244
35 244
34 244
33 244
32 244
31 243
30 242
30 241
30 240
30 239
30 238
30 237
30 236
30 235
30 234
30 233
30 232
30 231
29 230
29 229
29 228
30 227
31 226
32 225
33 224
34 223
35 222
36 221
37 220
38 219
39 218
40 217
41 216
42 216
43 216
42 215
41 214
40 213
39 212
38 211
37 210
36 209
35 208
34 207
33 206
32 205
31 205
30 205
29 205
28 205
29 204
29 203
29 202
29 201
29 200
29 199
29 198
29 197
29 196
29 195
29 194
29 193
30 192
31 191
32 191
33 191
34 191
35 191
36 191
37 191
38 191
39 191
40 191
41 191
42 191
43 191
30 191
30 190
30 189
30 188
30 187
30 186
30 185
30 184
30 183
30 182
30 181
30 180
30 179
30 178
30 177
30 176
30 175
30 174
30 173
31 172
32 171
33 170
34 169
35 169
36 169
37 169
38 169
39 169
40 169
41 169
42 169
43 169
44 169
45 169
46 169
47 169
48 169
49 169
48 168
47 167
46 166
45 165
44 164
44 163
44 162
44 161
44 160
44 159
44 158
44 157
44 156
44 155
44 154
44 153
43 152
42 152
41 152
40 152
39 152
38 152
37 152
36 152
35 152
34 152
33 152
32 152
31 152
30 152
30 151
30 150
30 149
30 148
30 147
30 146
30 145
30 144
30 143
30 142
30 141
30 140
30 139
31 138
32 137
33 136
34 135
35 134
36 133
37 132
38 131
39 131
40 131
41 131
40 130
39 129
38 128
37 127
36 126
35 125
35 124
35 123
35 122
35 121
35 120
35 119
35 118
34 117
33 116
32 116
31 116
30 116
42 130
43 129
44 128
45 127
46 126
47 125
48 124
49 123
50 122
50 121
50 120
50 119
51 118
52 117
52 116
52 115
52 114
52 113
52 112
52 111
52 110
52 109
52 108
52 107
52 106
52 105
51 104
50 103
49 102
48 101
47 101
46 101
45 101
44 101
43 100
42 99
41 98
40 98
39 98
38 98
37 98
36 98
35 98
34 98
33 98
32 98
31 98
30 98
29 98
28 98
27 98
26 98
27 97
28 96
29 95
30 94
31 93
31 92
31 91
31 90
31 89
31 88
31 87
31 86
31 85
32 84
33 83
34 82
35 81
36 80
37 79
38 78
39 77
40 77
41 77
42 77
43 77
44 77
45 77
46 77
47 77
48 77
47 76
46 75
45 74
45 73
45 72
45 71
45 70
45 69
45 68
45 67
45 66
45 65
45 64
45 63
45 62
44 63
43 64
42 64
41 64
40 64
39 64
38 64
37 64
36 64
35 64
34 64
33 64
32 64
31 64
49 76
50 75
51 74
52 73
53 72
54 71
55 70
56 69
57 68
58 67
59 67
60 67
61 67
62 67
63 68
64 69
65 70
66 71
66 72
66 73
66 74
66 75
66 76
66 77
66 78
66 79
66 80
66 81
66 82
66 83
66 84
66 85
67 84
68 83
69 82
70 82
71 82
72 82
73 82
74 82
75 82
76 82
77 82
78 82
79 82
80 82
81 82
82 82
83 82
84 83
85 84
86 85
87 86
88 87
89 88
90 89
91 90
92 91
93 91
94 91
95 91
96 91
97 91
98 91
99 91
100 91
101 91
102 91
103 91
104 91
105 90
105 89
105 88
105 87
105 86
105 85
105 84
106 90
107 90
108 90
109 90
110 90
111 90
112 90
113 90
114 90
115 90
116 90
117 90
118 90
119 90
120 90
121 90
122 89
122 88
122 87
122 86
122 85
122 84
122 83
122 82
122 81
122 80
122 79
122 78
122 77
122 76
122 75
123 74
123 73
123 72
123 71
123 70
123 69
123 68
123 67
123 66
123 65
123 64
123 63
122 91
123 92
124 92
125 92
126 92
127 92
128 92
129 92
130 92
131 92
132 92
133 92
134 92
135 92
136 92
137 92
138 92
139 92
140 92
141 92
142 92
143 92
144 93
145 94
146 94
147 94
148 94
149 94
150 94
151 94
152 94
153 94
154 94
155 94
156 94
157 95
158 96
159 96
160 96
161 96
162 96
163 96
164 96
165 96
166 96
167 96
168 96
169 96
170 96
171 96
172 96
173 96
174 96
175 96
176 96
177 96
178 96
179 96
180 96
181 96
182 96
183 96
184 96
144 91
145 90
145 89
145 88
145 87
145 86
145 85
145 84
145 83
145 82
145 81
145 80
145 79
145 78
145 77
145 76
145 75
146 76
147 76
148 76
149 76
150 76
151 76
152 76
153 76
154 76
155 76
156 76
157 76
158 76
159 76
160 76
161 77
162 78
163 78
164 78
165 78
166 78
167 78
168 78
169 78
170 78
171 78
172 78
173 78
174 78
175 79
176 79
177 79
178 79
179 79
180 79
181 79
182 79
183 79
184 79
185 79
186 79
187 79
188 79
189 79
190 79
191 79
192 80
193 81
194 82
195 82
196 82
197 82
198 82
199 82
200 82
201 82
202 82
203 82
204 82
205 82
206 82
207 82
208 82
207 83
206 84
205 85
204 86
204 87
204 88
204 89
204 90
204 91
204 92
204 93
204 94
204 95
204 96
204 97
204 98
204 99
204 100
205 100
206 100
207 100
208 100
209 100
210 100
211 100
212 100
213 100
214 100
215 100
216 100
217 100
218 100
219 100
220 100
221 100
222 100
223 100
224 99
225 98
226 97
227 96
228 95
229 94
229 93
229 92
229 91
229 90
229 89
229 88
229 87
229 86
229 85
229 84
230 85
231 86
232 87
233 87
234 87
235 87
236 87
237 87
238 87
239 87
240 87
241 87
242 87
243 87
244 87
245 87
246 87
247 87
246 88
245 89
245 90
245 91
245 92
245 93
245 94
245 95
245 96
245 97
245 98
245 99
245 100
245 101
245 102
245 103
245 104
246 104
247 104
248 104
249 104
250 104
251 104
252 104
253 104
254 104
255 104
256 104
257 104
258 104
259 104
260 104
261 104
262 104
263 103
264 102
265 101
266 100
267 99
268 98
268 97
268 96
268 95
268 94
268 93
268 92
268 91
268 90
268 89
268 88
269 87
270 86
271 85
272 85
273 85
274 85
275 85
276 85
277 85
278 85
279 85
280 85
281 85
282 85
283 85
284 85
285 85
286 85
287 85
288 86
289 87
290 88
291 89
292 90
293 91
294 92
295 93
296 93
297 93
298 93
299 93
300 93
301 93
302 93
303 92
304 91
305 91
306 91
307 91
308 91
309 91
310 91
311 91
312 92
313 93
314 94
315 95
316 96
317 96
318 96
319 96
320 96
321 96
322 96
323 96
324 96
325 96
326 96
327 96
328 96
329 96
330 96
331 96
332 97
333 98
334 98
335 98
336 98
337 98
338 98
339 98
340 98
341 98
342 98
343 98
344 98
345 98
346 98
347 98
348 98
349 98
350 98
351 98
352 98
353 99
354 99
355 99
356 99
355 100
354 101
353 102
353 103
353 104
353 105
353 106
353 107
353 108
353 109
353 110
353 111
353 112
353 113
353 114
353 115
353 116
353 117
353 118
353 119
301 94
300 95
299 96
298 97
297 98
296 99
295 100
294 101
293 102
292 103
291 104
290 105
289 106
288 107
289 108
290 109
291 110
292 111
293 112
294 113
295 113
296 113
297 113
298 113
299 113
300 113
301 113
302 113
303 113
304 113
305 112
306 112
307 112
308 112
309 112
310 112
311 112
312 113
313 114
314 115
315 116
316 117
317 117
318 117
319 117
320 117
321 117
322 117
323 117
324 117
325 117
326 117
327 117
328 117
329 117
330 117
331 117
305 114
305 115
305 116
305 117
305 118
305 119
305 120
305 121
305 122
305 123
305 124
305 125
305 126
305 127
305 128
305 129
305 130
305 131
305 132
305 133
305 134
305 135
305 136
305 137
305 138
305 139
305 140
305 141
305 142
305 143
305 144
305 145
305 146
305 147
305 148
305 149
305 150
305 151
304 152
303 153
302 154
302 155
302 156
302 157
302 158
302 159
302 160
302 161
302 162
302 163
302 164
302 165
302 166
302 167
302 168
302 169
63 66
64 65
65 64
66 63
67 62
68 61
69 60
70 60
71 60
72 60
73 60
74 60
75 60
76 60
77 60
78 60
79 60
80 60
81 60
82 61
83 61
84 61
85 61
86 61
87 61
88 61
89 61
90 61
91 61
92 61
93 61
94 61
95 61
96 61
97 61
98 61
99 61
100 61
101 61
102 61
42 132
43 133
44 134
45 135
46 136
47 137
48 138
49 139
50 139
51 139
52 139
53 139
54 139
268 243
267 244
266 245
265 246
264 247
263 248
262 249
261 250
260 251
259 252
258 253
257 254
256 255
256 256
256 257
255 258
254 259
253 259
252 259
251 259
250 259
249 259
248 259
247 259
246 259
245 259
246 260
246 261
246 262
246 263
246 264
246 265
246 266
246 267
246 268
246 269
246 270
246 271
246 272
246 273
246 274
246 275
246 276
247 277
248 278
249 279
250 280
251 281
252 282
253 283
254 284
255 284
256 284
257 284
258 284
259 284
260 284
261 284
262 284
263 284
264 285
265 286
266 287
267 288
268 289
269 290
270 291
271 291
272 291
273 291
274 291
275 291
276 291
277 290
278 289
279 288
280 288
281 288
282 288
283 288
284 288
285 288
286 288
287 288
288 288
289 289
290 290
291 291
292 292
293 293
294 294
295 294
296 294
297 294
298 294
299 294
300 294
262 285
261 286
260 287
259 288
258 289
257 290
256 291
255 292
254 293
253 294
252 295
252 296
252 297
253 298
254 299
255 300
256 301
257 302
258 302
259 302
260 302
261 302
262 302
263 303
264 304
265 305
266 306
267 307
268 308
269 309
270 310
271 311
272 312
273 313
274 314
275 313
276 312
277 311
278 310
279 309
280 309
281 309
282 309
283 309
284 309
285 309
286 309
287 309
288 310
289 311
290 312
291 313
292 313
293 313
294 313
295 313
296 313
297 313
298 313
299 313
300 313
301 314
302 315
303 316
304 317
305 318
306 319
307 319
308 319
309 319
310 319
311 319
312 319
313 319
314 319
315 319
316 319
317 319
318 320
319 321
320 321
321 321
273 315
272 316
271 317
270 318
269 319
268 320
268 321
268 322
268 323
268 324
268 325
268 326
268 327
268 328
268 329
268 330
269 331
270 331
271 331
272 331
273 331
274 331
275 331
276 331
277 331
278 331
279 331
280 331
281 331
282 331
283 331
284 332
285 333
285 334
285 335
285 336
285 337
285 338
285 339
285 340
285 341
286 342
287 343
288 344
289 345
290 346
291 347
292 348
293 349
294 348
295 347
296 347
297 347
298 347
299 347
300 347
301 347
302 347
303 347
304 347
305 347
306 347
307 347
308 347
309 347
310 346
311 345
312 344
313 343
314 342
315 342
316 342
317 342
318 342
308 348
307 349
306 350
305 351
304 352
304 353
304 354
304 355
304 356
304 357
304 358
304 359
304 360
304 361
304 362
304 363
305 364
306 365
307 366
308 367
309 368
310 368
311 368
312 368
313 368
314 368
315 368
284 342
283 343
282 344
281 345
280 346
279 347
278 348
277 349
276 349
275 349
274 350
274 351
274 352
274 353
274 354
274 355
274 356
274 357
274 358
273 359
272 360
271 361
270 362
269 363
268 364
267 364
266 364
265 363
264 362
263 361
262 361
261 361
260 361
259 361
258 361
257 361
256 361
255 361
254 361
253 361
252 361
251 360
250 359
249 358
248 357
247 356
246 355
245 354
244 354
243 354
242 354
241 354
240 354
239 354
238 354
237 354
236 354
235 354
234 354
233 354
232 354
231 353
230 352
229 351
229 350
228 351
227 351
226 351
225 351
224 351
223 351
222 351
221 351
220 351
219 351
218 351
217 351
216 351
215 351
214 351
213 351
212 351
211 350
210 349
209 348
208 347
207 347
206 347
205 347
204 347
203 347
202 347
201 347
200 347
199 346
198 345
197 344
196 344
195 344
196 343
197 342
198 341
199 340
200 339
201 338
201 337
201 336
201 335
201 334
201 333
201 332
201 331
201 330
201 329
201 328
201 327
201 326
200 325
199 324
198 323
198 322
198 321
197 320
196 319
195 318
194 318
193 318
192 318
191 318
190 318
189 318
188 318
187 318
186 318
185 318
184 318
183 318
182 318
181 318
180 318
179 318
178 318
177 318
202 327
203 328
204 329
205 329
206 329
207 329
208 329
209 329
210 329
211 329
212 329
213 329
214 329
215 329
216 329
217 329
218 329
219 329
220 329
221 329
222 329
223 328
224 327
225 327
226 327
227 327
228 327
229 327
230 327
231 327
232 327
221 328
221 327
221 326
221 325
221 324
221 323
221 322
221 321
221 320
221 319
221 318
221 317
194 343
193 342
192 341
191 340
190 340
189 340
188 340
187 340
186 340
185 340
184 340
183 340
182 340
181 340
180 340
179 340
178 340
177 340
176 340
175 340
174 340
275 359
276 360
277 361
278 362
279 363
280 364
281 365
282 365
283 365
284 331
285 331
286 331
287 331
288 331
289 331
290 331
291 331
292 331
293 331
294 331
295 331
296 331
297 331
298 331
299 331
267 331
266 332
265 333
264 334
263 335
262 336
261 337
260 338
259 339
258 339
257 339
256 339
255 339
254 339
253 339
261 303
260 304
259 305
258 306
257 307
256 308
255 309
255 310
255 311
255 312
255 313
255 314
255 315
255 316
255 317
255 318
257 258
258 259
259 260
260 261
261 262
262 263
263 263
264 263
265 263
266 263
267 263
268 263
269 263
270 264
271 265
272 265
273 265
274 265
275 265
276 265
277 265
278 265
279 265
280 265
281 265
282 265
283 265
284 265
285 265
286 265
287 264
288 263
288 262
288 261
288 260
288 259
289 258
289 257
289 256
289 255
289 254
289 253
289 252
289 251
289 250
289 249
289 248
290 249
291 250
292 251
293 252
294 252
295 252
296 252
297 252
298 252
299 252
300 252
301 252
302 252
303 253
304 253
305 253
306 253
307 253
308 253
309 253
310 253
311 253
312 253
313 253
314 253
315 253
316 253
317 253
318 253
319 253
320 253
321 253
322 253
323 253
324 253
325 253
326 253
327 253
328 253
329 253
330 253
331 253
330 254
330 255
330 256
330 257
330 258
330 259
330 260
330 261
330 262
330 263
330 264
330 265
330 266
330 267
331 267
332 267
333 267
334 267
335 267
336 267
337 267
338 267
339 267
340 267
341 267
342 267
343 267
344 267
329 268
328 269
327 270
326 271
325 272
325 273
325 274
325 275
325 276
325 277
325 278
325 279
325 280
325 281
325 282
325 283
325 284
325 285
325 286
325 287
324 288
323 289
322 290
321 291
321 292
321 293
321 294
321 295
321 296
321 297
332 252
333 251
334 250
335 249
336 248
337 247
338 246
339 245
340 245
341 245
342 245
343 245
344 245
343 244
342 243
341 242
340 241
339 240
338 239
337 238
336 237
335 236
334 235
333 234
332 233
332 232
332 231
332 230
332 229
331 230
330 231
329 232
328 232
327 232
326 232
325 232
324 232
333 228
334 227
335 226
336 225
337 225
338 225
339 225
340 225
341 225
342 225
343 225
344 225
345 225
346 224
347 223
347 222
347 221
347 220
347 219
347 218
347 217
347 216
347 215
347 214
347 213
347 212
347 211
347 210
347 209
347 208
347 207
347 206
347 205
346 204
345 203
345 202
345 201
345 200
345 199
345 198
345 197
345 196
345 195
345 194
345 193
345 192
345 191
345 190
345 189
346 188
347 187
348 186
348 185
348 184
344 188
343 187
342 186
341 185
340 184
339 183
338 183
337 183
336 183
335 183
334 183
333 183
332 183
331 183
330 183
329 183
328 183
327 183
328 182
328 181
328 180
328 179
328 178
328 177
328 176
328 175
328 174
328 173
328 172
328 171
328 170
328 169
328 168
328 167
328 166
328 165
328 164
328 163
328 162
329 161
329 160
329 159
329 158
329 157
329 156
329 155
329 154
329 153
329 152
329 151
329 150
329 149
329 148
329 147
329 146
329 145
329 144
329 143
329 142
329 141
329 163
330 163
331 163
332 163
333 163
334 163
335 163
336 163
337 163
338 163
339 163
340 163
341 163
342 163
343 163
344 163
345 163
346 163
347 163
348 163
349 163
350 162
351 161
351 160
351 159
351 158
351 157
351 156
351 155
351 154
351 153
351 152
351 151
351 150
351 149
351 148
351 147
351 146
351 145
351 144
351 143
351 142
346 206
345 207
344 208
343 208
342 208
341 208
340 208
339 208
338 208
337 208
336 208
335 208
334 208
333 208
332 208
331 208
330 208
329 208
328 208
327 208
326 208
345 246
346 247
347 248
348 249
349 250
350 251
351 252
352 253
353 254
354 255
355 255
356 255
357 255
358 255
359 255
360 255
361 255
362 255
363 254
364 253
365 252
366 251
367 250
368 249
369 248
370 247
371 246
372 245
373 244
373 243
374 244
375 244
376 244
377 244
378 244
379 244
380 244
381 244
382 244
383 244
384 244
385 244
386 244
387 244
388 244
389 244
390 244
391 244
392 244
393 244
394 244
395 245
396 246
397 247
398 247
399 247
400 247
401 247
402 247
403 247
404 247
405 247
406 247
407 247
408 247
409 247
410 247
411 247
412 247
413 247
414 247
415 247
416 247
417 248
418 248
419 248
420 248
421 248
422 248
423 248
424 248
425 248
426 248
427 248
428 248
429 248
430 248
431 248
432 248
433 248
434 248
435 248
436 249
437 250
438 251
439 252
440 253
441 254
442 255
443 256
444 257
445 258
446 259
447 260
448 261
449 261
450 261
451 261
452 261
453 260
454 259
455 258
456 257
457 256
458 255
459 254
459 253
459 252
460 251
461 250
462 250
463 250
464 250
465 250
466 250
467 250
468 250
469 250
470 250
471 250
472 250
473 250
474 250
475 250
476 250
477 250
478 250
479 250
480 250
481 249
482 248
483 247
484 246
484 245
484 244
484 243
484 242
484 241
484 240
484 239
484 238
484 237
484 236
485 235
486 234
487 233
488 232
489 232
490 232
491 232
492 232
493 232
494 232
495 232
496 232
497 232
498 232
499 232
500 231
501 230
502 229
503 228
504 227
505 226
506 226
507 226
508 226
509 226
510 226
511 226
512 226
513 226
512 225
511 224
510 223
509 222
508 221
507 220
506 219
506 218
507 217
508 216
509 215
510 214
511 213
512 212
513 211
514 210
515 209
515 208
515 207
515 206
515 205
515 204
516 203
517 202
518 201
519 200
519 199
519 198
519 197
519 196
519 195
519 194
519 193
519 192
519 191
519 190
519 189
519 188
519 187
520 186
521 185
522 184
523 183
524 182
525 181
525 180
525 179
525 178
525 177
526 176
527 175
528 174
529 173
530 172
531 172
532 172
533 172
534 172
535 171
536 170
537 169
538 168
539 167
538 166
537 165
536 164
535 163
534 162
533 161
532 160
531 159
530 158
529 157
528 156
527 155
526 154
525 153
524 152
523 151
522 150
521 149
521 148
521 147
521 146
521 145
521 144
521 143
521 142
521 141
521 140
521 139
521 138
521 137
521 136
520 135
519 134
518 133
517 132
516 131
515 130
514 129
513 128
512 127
511 126
510 125
510 124
510 123
510 122
510 121
510 120
510 119
510 118
509 117
508 116
507 115
506 115
505 115
504 115
503 115
502 115
501 114
500 113
499 112
498 111
497 110
496 109
495 108
494 107
493 106
492 106
491 106
490 106
481 251
482 252
483 253
484 253
485 253
486 253
487 253
488 253
489 253
490 253
491 253
492 253
493 253
494 253
495 253
496 253
497 253
498 253
499 253
500 254
501 255
502 256
503 257
504 258
504 259
504 260
504 261
504 262
504 263
503 264
502 265
501 266
500 267
499 268
498 269
497 270
496 271
495 272
494 273
493 274
492 275
491 275
490 276
489 277
488 278
487 279
486 280
485 281
484 282
505 264
506 265
507 266
508 267
509 268
510 269
511 270
512 271
513 272
514 273
514 274
514 275
514 276
514 277
514 278
514 279
514 280
514 281
514 282
514 283
514 284
515 285
516 286
517 287
518 288
519 288
520 288
521 288
522 288
523 288
500 252
501 251
502 250
503 249
504 248
505 247
506 247
507 247
508 247
509 247
510 247
511 247
512 247
513 248
514 249
515 250
516 251
517 252
518 253
519 254
520 255
521 256
522 257
523 258
523 259
523 260
523 261
523 262
363 256
364 257
365 258
366 259
367 260
368 261
369 262
370 263
371 263
372 263
373 263
374 263
375 263
376 263
377 263
378 264
379 265
380 266
381 266
382 266
383 266
384 266
385 266
386 266
387 266
388 266
389 266
390 266
391 266
392 266
393 267
394 268
395 268
396 268
397 268
398 268
399 268
400 268
401 268
402 268
403 268
404 268
405 268
406 268
407 268
408 269
409 270
410 271
411 271
412 271
413 271
414 271
415 271
416 271
417 271
418 271
419 271
420 271
421 271
422 271
423 271
424 271
425 271
426 271
427 271
428 271
429 271
304 254
305 255
306 256
307 257
308 258
308 259
308 260
308 261
308 262
308 263
308 264
308 265
308 266
308 267
308 268
308 269
308 270
308 271
308 272
308 273
217
30 231
452 261
149 197
305 151
133 243
62 232
514 284
325 287
288 259
247 87
31 85
31 64
321 321
111 243
318 342
30 139
353 119
331 117
315 368
184 96
173 198
162 221
223 100
491 275
66 187
69 208
331 253
237 205
326 208
324 232
329 141
351 142
328 162
349 163
327 183
348 184
105 191
237 226
191 249
216 203
195 201
183 222
216 224
253 339
255 318
232 327
229 350
499 253
128 219
107 212
174 340
195 344
177 318
198 321
429 271
35 118
145 75
256 257
352 98
499 232
345 225
407 268
288 107
208 82
224 252
105 84
28 205
510 118
174 78
331 96
252 297
93 233
275 228
304 192
377 263
287 309
268 88
302 169
257 207
534 172
30 173
66 85
143 92
277 209
521 136
283 331
148 246
305 128
257 234
302 93
82 189
262 104
83 82
121 90
302 230
43 191
120 193
263 284
195 228
347 205
480 250
308 273
229 84
416 247
86 219
252 361
81 60
204 100
143 220
288 288
304 363
73 240
102 61
373 243
169 236
523 262
45 62
275 349
394 244
204 246
289 216
43 216
52 105
321 297
289 248
283 365
245 104
123 63
54 139
287 85
222 329
191 79
523 288
303 211
512 247
246 276
344 245
49 169
30 152
212 351
311 112
435 248
519 187
392 266
44 101
484 282
168 249
318 253
172 96
300 294
276 291
62 67
142 194
302 252
344 267
160 76
506 218
515 204
29 193
236 239
269 263
50 119
245 259
274 314
111 222
362 255
268 330
311 91
309 347
484 236
43 237
490 106
26 98
48 77
258 215
330 267
299 331
44 153
92 242
304 113
262 302
293 349
269 242
300 313
266 364
64 209
286 265
317 319
104 91
156 94
201 326
502 115
30 116
459 252
86 197
41 131
513 226
122 75
29 228
55 242
194 207
525 177
345 189
504 263
89 88
274 358
32 244
332 229
215 234
200 347
539 167
356 99
221 317
232 354
295 201
285 341
172 201
