3110
278 203
277 204
277 205
277 206
277 207
277 208
277 209
278 210
279 211
280 212
281 213
282 214
283 215
284 216
285 216
286 216
287 216
288 216
289 216
290 215
291 214
292 213
293 212
294 211
295 211
296 211
297 211
298 211
299 211
300 211
301 211
302 211
303 211
304 210
304 209
304 208
304 207
304 206
304 205
304 204
304 203
304 202
304 201
304 200
304 199
304 198
304 197
304 196
304 195
304 194
304 193
304 192
305 191
306 190
307 189
308 188
309 187
310 186
311 185
312 185
313 185
314 185
315 185
316 185
317 185
318 185
319 185
320 185
321 185
322 185
323 185
324 184
325 183
326 182
327 181
327 180
327 179
327 178
327 177
327 176
327 175
327 174
327 173
328 172
328 171
328 170
328 169
328 168
328 167
328 166
328 165
328 164
328 163
328 162
328 161
328 160
328 159
328 158
328 157
328 156
328 155
328 154
328 153
328 152
328 151
328 150
328 149
328 148
328 147
328 146
328 145
328 144
328 143
328 142
328 141
328 140
328 139
328 138
328 137
328 136
328 135
328 134
328 133
328 132
328 131
329 130
330 129
331 128
331 127
331 126
331 125
331 124
331 123
331 122
331 121
331 120
331 119
331 118
331 117
331 116
332 115
332 114
332 113
332 112
332 111
332 110
332 109
332 108
332 107
332 106
332 105
332 104
332 103
332 102
332 101
332 100
332 99
332 98
332 97
332 96
332 95
333 96
334 97
335 98
336 99
337 99
338 99
339 99
340 99
341 99
342 99
343 99
344 99
345 99
346 99
347 99
348 99
349 99
350 99
351 99
352 99
353 100
353 101
353 102
353 103
353 104
353 105
353 106
353 107
353 108
353 109
353 110
353 111
353 112
353 113
353 114
353 115
353 116
353 117
353 118
353 119
330 115
329 114
328 113
327 112
326 111
325 110
324 109
323 108
322 108
321 108
320 108
319 108
318 108
317 108
316 108
315 108
314 108
313 108
312 108
311 108
310 109
309 110
308 111
307 112
306 113
305 113
304 113
305 114
305 115
305 116
305 117
305 118
305 119
305 120
305 121
305 122
305 123
305 124
305 125
305 126
305 127
305 128
305 129
305 130
305 131
305 132
305 133
305 134
305 135
305 136
305 137
305 138
305 139
305 140
305 141
305 142
305 143
305 144
305 145
305 146
305 147
305 148
304 149
303 150
303 151
303 152
303 153
303 154
303 155
303 156
304 157
305 158
305 159
305 160
305 161
305 162
305 163
305 164
305 165
305 166
305 167
305 168
305 169
303 112
302 111
301 110
300 109
299 108
298 107
297 107
296 107
295 107
294 107
293 107
292 107
291 107
290 107
289 107
288 107
310 107
309 106
308 105
307 104
306 103
305 102
304 101
303 100
302 99
302 98
302 97
302 96
302 95
302 94
302 93
303 92
304 91
305 90
306 89
307 88
308 87
309 87
310 87
311 87
301 92
300 91
299 90
298 89
297 88
296 87
295 86
294 85
293 85
292 85
291 85
290 85
289 85
288 85
287 85
286 86
285 87
284 88
283 88
282 88
281 88
280 88
279 88
278 88
277 88
276 88
275 88
274 88
273 88
272 88
271 88
270 88
269 88
268 88
267 89
266 90
265 91
264 92
263 93
262 94
262 95
262 96
262 97
262 98
262 99
262 100
262 101
262 102
262 103
262 104
261 104
260 104
259 104
258 104
257 104
256 104
255 104
254 104
253 104
252 104
251 104
250 104
249 104
248 104
247 104
246 104
245 104
246 103
247 102
247 101
247 100
247 99
247 98
247 97
247 96
247 95
247 94
247 93
247 92
247 91
247 90
247 89
247 88
247 87
246 86
245 85
244 84
243 84
242 84
241 84
240 84
239 84
238 84
237 84
236 84
235 84
234 84
233 84
232 84
231 84
230 84
229 84
228 85
227 86
226 87
225 88
224 89
223 90
223 91
223 92
223 93
223 94
223 95
223 96
223 97
223 98
223 99
223 100
222 100
221 100
220 100
219 100
218 100
217 100
216 100
215 100
214 100
213 100
212 100
211 100
210 100
209 100
208 100
207 100
206 100
205 100
204 100
205 99
206 98
207 97
208 96
208 95
208 94
208 93
208 92
208 91
208 90
208 89
208 88
208 87
208 86
208 85
208 84
208 83
208 82
207 81
206 80
205 79
204 79
203 79
202 79
201 79
200 79
199 79
198 79
197 79
196 79
195 79
194 79
193 79
192 79
191 79
190 78
189 78
188 78
187 78
186 78
185 78
184 78
183 78
182 78
181 78
180 78
179 78
178 78
177 78
176 78
175 78
174 78
173 77
172 76
171 76
170 76
169 76
168 76
167 76
166 76
165 76
164 76
163 76
162 76
161 76
160 76
159 75
158 75
157 75
156 75
155 75
154 75
153 75
152 75
151 75
150 75
149 75
148 75
147 75
146 75
145 75
144 76
143 77
143 78
143 79
143 80
143 81
143 82
143 83
143 84
143 85
143 86
143 87
143 88
143 89
143 90
143 91
143 92
144 93
145 94
146 94
147 94
148 94
149 94
150 94
151 94
152 94
153 94
154 94
155 94
156 94
157 95
158 96
159 96
160 96
161 96
162 96
163 96
164 96
165 96
166 96
167 96
168 96
169 96
170 96
171 96
172 96
173 96
174 96
175 96
176 96
177 96
178 96
179 96
180 96
181 96
182 96
183 96
184 96
324 186
325 187
326 188
327 189
328 190
329 191
330 192
331 193
332 193
333 193
334 193
335 193
336 193
337 193
338 192
339 191
340 190
341 189
342 188
343 188
344 188
345 188
346 188
347 188
348 188
348 187
348 186
348 185
348 184
348 183
348 182
348 181
348 180
348 179
348 178
348 177
348 176
348 175
348 174
348 173
348 172
349 171
350 170
351 169
351 168
351 167
351 166
351 165
351 164
351 163
351 162
351 161
351 160
351 159
351 158
351 157
351 156
351 155
351 154
351 153
351 152
351 151
350 150
349 149
349 148
349 147
349 146
349 145
349 144
349 143
349 142
336 194
335 195
334 196
333 197
332 198
331 199
330 200
329 201
328 202
327 202
326 202
325 202
338 194
339 195
340 196
341 197
342 198
343 199
344 200
345 201
346 202
346 203
346 204
346 205
346 206
346 207
346 208
346 209
346 210
346 211
288 217
287 218
286 219
285 220
284 221
283 222
282 223
281 224
280 225
279 226
278 227
277 228
276 228
275 228
274 229
273 230
272 231
271 232
270 233
269 234
268 235
267 235
266 235
265 234
264 233
263 233
262 233
261 233
260 233
259 233
258 233
257 233
256 233
255 233
254 233
255 232
256 231
257 230
258 229
258 228
258 227
258 226
258 225
258 224
258 223
258 222
258 221
258 220
258 219
258 218
258 217
258 216
258 215
257 214
257 213
257 212
257 211
257 210
257 209
257 208
257 207
256 206
255 205
254 205
253 205
252 205
251 205
250 205
249 205
248 205
247 205
246 205
245 205
244 205
243 205
242 205
241 205
240 205
239 205
238 205
237 205
236 205
235 205
234 205
233 205
232 204
231 203
230 202
229 201
228 201
227 201
226 201
225 201
224 201
223 201
222 201
221 201
220 201
219 201
218 201
217 201
216 201
215 201
214 201
213 201
212 201
211 201
210 201
209 201
208 201
207 201
206 201
205 201
204 201
203 200
202 199
201 198
200 198
199 198
198 198
197 198
196 198
195 198
194 198
193 198
192 198
191 198
190 198
189 198
188 198
187 198
186 198
185 198
184 198
183 198
182 198
181 198
180 198
179 198
178 198
177 198
176 198
175 198
174 198
173 198
172 198
171 198
170 198
169 198
168 198
167 198
166 198
165 198
164 198
163 198
162 198
161 198
160 198
159 198
158 198
157 198
156 198
155 198
154 198
153 198
152 198
151 198
150 198
149 197
148 196
147 195
146 195
145 195
144 195
143 195
253 234
252 235
251 236
250 237
249 238
248 239
247 239
246 239
245 239
244 239
243 239
242 239
241 239
240 239
239 239
238 239
237 239
236 239
235 238
234 237
233 236
233 235
233 234
233 233
233 232
233 231
233 230
233 229
233 228
233 227
233 226
235 240
234 241
233 242
232 243
231 244
230 245
229 246
228 247
227 248
226 249
225 250
224 251
224 252
223 251
222 250
221 249
220 248
219 247
218 246
217 245
216 244
215 243
214 242
213 241
213 240
213 239
212 238
211 237
210 236
209 235
208 234
207 233
206 232
205 231
204 230
205 229
206 228
207 227
208 226
209 225
210 224
211 223
212 222
212 240
211 241
210 242
209 243
208 244
207 245
206 246
205 247
204 248
203 249
202 250
202 251
201 250
200 249
199 248
198 247
197 246
196 245
195 244
194 243
193 242
192 241
191 240
190 241
189 242
188 243
187 244
186 245
185 246
185 247
185 248
185 249
185 250
184 249
183 249
182 249
181 249
180 249
179 249
178 249
177 249
176 249
175 249
174 249
173 249
172 249
171 249
170 249
169 249
168 249
169 248
169 247
169 246
169 245
169 244
169 243
169 242
169 241
169 240
169 239
169 238
169 237
169 236
168 235
167 234
166 233
165 232
164 231
163 230
162 229
162 228
162 227
162 226
162 225
162 224
162 223
162 222
162 221
161 220
160 220
159 220
158 220
157 220
156 220
155 220
154 220
153 220
152 220
151 220
150 220
149 220
148 220
147 220
146 220
145 220
144 220
143 220
142 219
141 219
140 219
139 219
138 219
137 219
136 219
135 219
134 219
133 219
132 219
131 219
130 219
129 219
128 219
127 219
126 219
125 219
124 220
123 221
122 222
121 222
120 222
119 222
118 222
117 222
116 222
115 222
114 222
113 222
112 222
111 222
110 221
109 220
108 220
107 220
106 220
105 220
104 220
103 220
102 220
101 220
100 220
99 220
98 220
97 220
96 220
95 220
94 220
93 220
92 220
91 219
90 218
89 217
88 217
87 217
86 217
85 217
84 217
83 217
82 217
81 217
80 217
79 217
78 217
77 217
76 217
75 217
74 216
73 215
72 214
71 213
70 212
69 211
68 210
67 209
66 208
65 207
65 206
65 205
65 204
65 203
74 218
73 219
72 220
71 221
70 222
69 223
68 224
67 225
66 226
65 227
64 228
63 229
62 230
62 231
62 232
61 233
60 234
59 235
58 236
57 237
56 238
55 239
55 240
55 241
55 242
54 241
53 240
52 239
51 238
50 237
49 237
48 237
47 237
46 237
45 237
44 237
43 237
42 236
41 235
40 234
39 233
38 232
37 231
36 230
35 229
34 228
33 228
32 228
31 228
30 228
29 228
28 229
27 230
26 231
26 232
26 233
26 234
26 235
30 227
31 226
32 225
33 224
34 223
35 222
36 221
37 220
38 219
39 218
40 217
41 216
42 216
43 216
42 215
41 214
40 213
39 212
38 211
37 210
36 209
35 208
34 207
33 206
32 205
31 205
30 205
29 205
28 205
29 204
29 203
29 202
29 201
29 200
29 199
29 198
29 197
29 196
29 195
29 194
29 193
30 192
31 191
32 191
33 191
34 191
35 191
36 191
37 191
38 191
39 191
40 191
41 191
42 191
43 191
63 233
64 234
65 235
66 236
67 237
68 238
69 239
70 240
71 240
72 240
73 240
111 223
111 224
111 225
111 226
111 227
111 228
111 229
111 230
111 231
111 232
111 233
111 234
111 235
111 236
111 237
111 238
111 239
111 240
111 241
111 242
111 243
110 242
109 241
108 241
107 241
106 241
105 241
104 241
103 241
102 241
101 241
100 241
99 241
98 241
97 241
124 218
123 217
122 216
121 215
120 214
119 213
119 212
119 211
119 210
119 209
119 208
119 207
119 206
119 205
119 204
119 203
119 202
119 201
120 200
120 199
120 198
120 197
120 196
120 195
120 194
120 193
120 192
118 200
117 199
116 199
115 199
114 199
113 199
112 199
111 199
110 199
109 199
108 199
107 199
106 199
105 199
104 199
103 198
102 197
102 196
102 195
102 194
102 193
102 192
102 191
102 190
102 189
102 188
102 187
102 186
102 185
102 184
102 183
102 182
102 181
101 197
100 197
99 197
98 197
97 197
96 197
95 197
94 197
93 197
92 197
91 197
90 197
89 197
88 197
87 197
86 197
85 196
84 195
83 194
82 193
81 192
81 191
81 190
81 189
81 188
80 187
79 186
78 185
77 184
76 183
75 182
74 182
73 182
72 182
71 182
70 182
69 182
68 182
67 182
66 182
65 182
64 182
63 181
62 180
61 179
60 178
59 177
58 176
57 175
56 174
55 173
54 172
53 171
52 170
51 169
50 169
49 169
48 170
47 171
46 172
45 173
44 173
43 173
42 173
41 173
40 173
39 173
38 173
37 173
36 173
35 173
34 173
33 173
32 173
31 173
30 173
30 172
30 171
30 170
30 169
30 168
30 167
30 166
30 165
31 164
32 163
33 162
34 161
35 160
36 159
37 158
37 157
37 156
37 155
37 154
37 153
37 152
36 151
35 150
34 149
33 148
32 147
31 146
30 145
30 144
31 143
32 142
33 141
34 140
35 139
36 138
37 137
38 136
39 135
40 134
41 133
41 132
41 131
40 130
39 129
38 128
37 127
36 126
35 125
34 124
33 123
32 123
31 123
30 123
42 130
43 129
44 128
45 127
46 126
47 125
48 124
49 123
50 122
50 121
50 120
50 119
49 118
48 117
47 116
46 115
45 114
44 113
43 112
42 111
41 110
40 110
39 110
38 110
39 109
40 108
41 107
42 106
43 105
44 104
44 103
44 102
44 101
44 100
44 99
44 98
45 99
46 100
47 101
48 102
49 103
50 104
51 104
52 104
37 109
36 108
35 107
34 106
33 105
32 104
31 103
30 102
29 101
28 100
27 99
26 98
27 97
28 96
29 95
30 94
31 93
31 92
31 91
31 90
31 89
31 88
31 87
31 86
31 85
31 84
31 83
32 82
33 81
34 80
35 79
36 78
37 77
38 77
39 77
40 77
41 77
42 77
43 77
44 77
45 77
46 77
47 77
48 77
47 76
46 75
45 74
45 73
45 72
45 71
45 70
45 69
45 68
45 67
45 66
45 65
45 64
45 63
45 62
44 62
43 62
42 62
41 62
40 62
39 62
38 62
37 62
36 62
35 62
34 62
33 62
32 62
31 62
49 76
50 75
51 74
52 73
53 72
54 71
55 70
56 69
57 68
58 67
59 67
60 67
61 67
62 67
63 68
64 69
65 70
66 71
66 72
66 73
66 74
66 75
66 76
66 77
66 78
66 79
66 80
66 81
66 82
66 83
66 84
66 85
67 84
68 83
69 82
70 82
71 82
72 82
73 82
74 82
75 82
76 82
77 82
78 82
79 82
80 82
81 82
82 82
83 82
84 83
85 84
86 85
87 86
88 87
89 88
90 89
91 90
92 91
93 91
94 91
95 91
96 91
97 91
98 91
99 91
100 91
101 91
102 91
103 91
104 91
105 90
105 89
105 88
105 87
105 86
105 85
105 84
106 85
107 86
108 86
109 86
110 86
111 86
112 86
113 86
114 86
115 86
116 86
117 86
118 86
119 86
120 86
121 86
122 87
122 88
122 89
122 90
122 91
122 92
122 93
122 94
122 95
122 96
122 97
122 98
122 99
122 100
63 66
64 65
65 64
66 63
67 62
68 61
69 60
70 60
71 60
72 60
73 60
74 60
75 60
76 60
77 60
78 60
79 60
80 60
81 60
82 61
83 61
84 61
85 61
86 61
87 61
88 61
89 61
90 61
91 61
92 61
93 61
94 61
95 61
96 61
97 61
98 61
99 61
100 61
101 61
102 61
103 62
104 63
105 63
106 63
107 63
108 63
109 63
110 63
111 63
112 63
113 63
114 63
115 63
116 63
117 63
118 63
119 63
120 63
121 63
122 63
123 63
42 132
43 133
44 134
45 135
46 136
47 137
48 138
49 139
50 139
51 139
52 139
53 139
54 139
163 220
164 219
165 219
166 219
167 219
168 219
169 219
170 219
171 219
172 219
173 219
174 219
175 219
176 219
177 219
178 219
179 219
180 219
181 219
182 219
183 219
167 248
166 247
165 246
164 246
163 246
162 246
161 246
160 246
159 246
158 246
157 246
156 246
155 246
154 246
153 246
152 246
151 246
150 246
149 246
148 246
147 245
146 244
145 243
144 243
143 243
142 243
141 243
140 243
139 243
138 243
137 243
136 243
135 243
134 243
133 243
276 229
277 230
278 231
279 232
280 233
281 234
282 235
283 236
284 237
285 238
286 239
287 239
288 239
289 239
290 239
291 238
292 237
293 236
294 235
295 234
296 233
297 232
298 231
299 230
300 230
301 230
302 230
291 240
292 241
293 242
294 243
295 244
296 245
297 246
298 247
299 248
300 249
301 250
302 251
301 252
300 253
299 254
298 255
297 256
296 256
295 256
294 256
293 256
292 256
291 256
290 256
289 256
288 256
287 257
286 258
286 259
286 260
286 261
286 262
286 263
286 264
286 265
287 255
286 255
285 255
284 255
283 255
282 255
281 255
280 255
279 255
278 255
277 255
276 255
275 255
274 255
273 255
272 255
271 255
270 255
269 255
268 256
267 257
266 257
265 257
264 257
263 257
262 257
261 257
260 257
259 257
258 257
257 257
256 257
255 257
254 258
253 259
252 259
251 259
250 259
249 259
248 259
247 259
246 259
245 259
244 259
303 250
304 249
305 248
306 248
307 248
308 248
309 248
310 248
311 248
312 248
313 248
314 248
315 248
316 248
317 248
318 248
319 248
320 248
321 248
322 248
323 249
324 250
325 251
326 252
327 253
328 254
329 254
330 254
331 254
332 253
333 253
334 253
335 253
336 253
337 253
338 253
339 253
340 253
341 253
342 253
343 253
344 253
344 254
344 255
344 256
344 257
344 258
344 259
344 260
344 261
344 262
344 263
344 264
344 265
344 266
344 267
345 254
346 255
347 255
348 255
349 255
350 255
351 255
352 255
353 255
354 255
355 255
356 255
357 255
358 255
359 255
360 255
361 255
362 255
363 254
364 253
365 252
366 251
367 250
368 249
369 248
370 247
371 246
372 245
373 244
373 243
374 244
375 244
376 244
377 244
378 244
379 244
380 244
381 244
382 244
383 244
384 244
385 244
386 244
387 244
388 244
389 244
390 244
391 244
392 244
393 244
394 244
395 245
396 246
397 247
398 247
399 247
400 247
401 247
402 247
403 247
404 247
405 247
406 247
407 247
408 247
409 247
410 247
411 247
412 247
413 247
414 247
415 247
416 247
417 248
418 248
419 248
420 248
421 248
422 248
423 248
424 248
425 248
426 248
427 248
428 248
429 248
430 248
431 248
432 248
433 248
434 248
435 248
436 249
437 250
438 251
439 252
440 253
441 254
442 255
443 256
444 257
445 258
446 259
447 260
448 260
449 260
450 260
451 260
452 260
453 259
454 258
455 257
456 256
457 255
458 254
459 253
460 252
461 251
462 250
463 250
464 250
465 250
466 249
467 248
468 247
469 246
470 245
471 245
472 245
473 245
474 245
475 245
476 245
477 245
478 245
479 245
480 245
481 245
482 245
483 245
484 245
485 245
486 245
485 244
484 243
484 242
484 241
484 240
484 239
484 238
484 237
484 236
485 235
486 234
487 233
488 232
489 231
490 230
491 229
492 228
493 228
494 228
495 228
496 228
497 228
498 228
499 228
500 228
501 227
502 226
503 226
504 226
505 226
506 226
507 226
508 226
509 226
510 226
511 226
512 226
513 226
512 225
511 224
510 223
509 222
508 221
507 220
507 219
507 218
507 217
507 216
507 215
508 214
509 213
510 212
511 211
512 210
513 209
514 208
515 207
515 206
515 205
515 204
516 203
517 202
518 201
519 200
519 199
519 198
519 197
519 196
519 195
519 194
519 193
519 192
519 191
519 190
519 189
519 188
519 187
520 186
521 185
522 184
523 183
524 182
525 181
526 180
527 179
528 178
529 177
530 176
531 175
532 174
533 173
534 172
535 171
536 170
537 169
538 168
539 167
538 166
537 165
536 164
535 163
534 162
533 161
532 160
531 159
530 158
529 157
528 156
527 155
526 154
525 153
524 152
523 151
522 150
521 149
521 148
521 147
521 146
521 145
521 144
521 143
521 142
521 141
521 140
521 139
521 138
521 137
521 136
520 135
519 134
518 133
517 132
516 131
515 130
514 129
513 128
512 127
511 126
510 125
510 124
510 123
510 122
510 121
510 120
510 119
510 118
509 117
508 116
507 115
506 115
505 115
504 115
503 115
502 115
501 114
500 113
499 112
498 111
497 110
496 109
495 108
494 107
493 106
492 106
491 106
490 106
487 246
488 247
489 248
490 249
491 249
492 249
493 249
494 249
495 249
496 249
497 249
498 249
499 249
500 248
501 247
502 246
503 245
504 244
505 244
506 244
507 244
508 244
509 244
510 244
511 244
512 244
513 245
514 246
515 247
516 248
517 249
518 250
519 251
520 252
521 253
522 254
523 255
523 256
523 257
523 258
523 259
523 260
523 261
523 262
499 250
499 251
499 252
499 253
499 254
499 255
499 256
499 257
499 258
499 259
499 260
499 261
499 262
499 263
499 264
499 265
499 266
499 267
499 268
498 267
497 266
496 266
495 266
494 266
493 266
492 266
491 266
490 266
489 267
488 268
488 269
488 270
488 271
488 272
488 273
488 274
488 275
488 276
488 277
488 278
488 279
488 280
488 281
488 282
488 283
500 269
501 270
502 271
503 272
504 273
505 274
506 275
507 276
508 277
509 278
510 279
511 280
512 281
513 282
514 283
514 284
515 285
516 286
517 287
518 288
519 288
520 288
521 288
522 288
523 288
363 256
364 257
365 258
366 259
367 260
368 261
369 262
370 263
371 263
372 263
373 263
374 263
375 263
376 263
377 263
378 264
379 265
380 266
381 266
382 266
383 266
384 266
385 266
386 266
387 266
388 266
389 266
390 266
391 266
392 266
393 267
394 268
395 268
396 268
397 268
398 268
399 268
400 268
401 268
402 268
403 268
404 268
405 268
406 268
407 268
408 269
409 270
410 271
411 271
412 271
413 271
414 271
415 271
416 271
417 271
418 271
419 271
420 271
421 271
422 271
423 271
424 271
425 271
426 271
427 271
428 271
429 271
330 255
330 256
330 257
330 258
330 259
330 260
330 261
330 262
330 263
330 264
330 265
330 266
330 267
329 268
328 269
327 270
326 271
325 272
324 273
323 274
322 275
322 276
322 277
322 278
322 279
322 280
322 281
322 282
322 283
322 284
322 285
322 286
322 287
323 288
324 289
325 290
325 291
325 292
325 293
325 294
325 295
325 296
325 297
325 298
324 299
323 300
322 301
321 302
320 303
319 304
319 305
319 306
319 307
319 308
319 309
319 310
319 311
319 312
319 313
319 314
319 315
319 316
319 317
319 318
319 319
318 320
317 321
316 322
315 323
315 324
315 325
315 326
315 327
315 328
315 329
315 330
315 331
315 332
315 333
315 334
315 335
315 336
315 337
315 338
316 339
317 340
318 341
318 342
318 343
318 344
318 345
318 346
318 347
318 348
318 349
317 348
316 348
315 348
314 348
313 348
312 348
311 348
310 348
309 348
308 348
307 348
306 348
305 348
304 348
303 348
302 349
301 349
300 349
299 349
298 349
297 349
296 349
295 349
294 349
293 349
292 349
291 349
290 349
289 349
288 349
287 349
286 349
285 349
284 349
283 349
282 349
281 349
280 349
279 349
278 349
277 349
276 349
275 349
274 350
274 351
274 352
274 353
274 354
274 355
274 356
274 357
274 358
273 359
272 360
271 361
270 362
269 363
268 364
267 364
266 364
265 363
264 362
263 361
262 361
261 361
260 361
259 361
258 361
257 361
256 361
255 361
254 361
253 361
252 361
275 359
276 360
277 361
278 362
279 363
280 364
281 365
282 365
304 349
305 350
306 351
306 352
306 353
306 354
306 355
306 356
306 357
306 358
306 359
306 360
306 361
306 362
305 363
304 364
303 365
303 366
303 367
303 368
303 369
307 363
308 364
309 365
310 366
311 367
312 368
313 369
314 370
315 370
316 370
314 337
313 336
312 335
311 334
310 333
309 332
308 331
307 331
306 331
305 331
304 331
303 331
302 331
301 331
300 331
299 331
298 331
297 331
296 331
295 331
294 331
293 331
292 331
291 331
290 331
289 331
288 331
287 331
286 331
285 331
284 331
283 331
282 330
281 330
280 330
279 330
278 330
277 330
276 330
275 330
274 330
273 330
272 330
271 330
270 330
269 330
268 330
267 329
266 328
265 327
264 326
263 325
262 324
261 323
260 322
259 321
258 320
257 319
256 319
255 320
254 321
253 322
252 323
251 324
250 325
249 326
248 327
247 327
246 327
247 328
248 329
249 330
250 331
251 332
252 333
253 334
253 335
253 336
253 337
253 338
253 339
253 340
245 328
244 329
243 330
242 331
241 332
240 333
239 334
238 335
237 336
236 337
235 338
234 339
233 340
232 340
231 341
230 342
229 343
228 344
227 345
226 346
225 347
224 347
223 347
222 347
221 347
222 348
223 349
224 350
225 351
226 352
227 353
228 353
229 353
230 353
220 346
219 346
218 346
217 346
216 346
215 346
214 346
213 346
212 346
211 346
210 346
209 346
208 346
207 346
206 346
205 346
204 346
203 346
202 346
201 346
200 346
199 346
198 346
197 346
196 345
195 344
195 343
195 342
195 341
195 340
195 339
195 338
195 337
195 336
195 335
195 334
195 333
195 332
195 331
195 330
195 329
195 328
195 327
195 326
195 325
195 324
195 323
195 322
195 321
196 320
197 320
198 320
199 320
200 320
201 320
194 320
193 319
192 318
191 317
190 316
189 315
188 314
187 313
186 313
185 313
184 313
183 313
182 313
181 313
180 313
179 313
178 313
177 313
176 313
175 314
174 315
174 316
174 317
174 318
174 319
174 320
174 321
174 322
174 323
174 324
174 325
174 326
174 327
174 328
174 329
174 330
174 331
174 332
174 333
174 334
173 335
172 336
172 337
172 338
172 339
172 340
172 341
172 342
231 339
230 338
229 337
228 336
227 335
226 334
225 333
225 332
225 331
225 330
225 329
225 328
225 327
225 326
255 318
254 317
253 316
252 315
252 314
252 313
252 312
252 311
252 310
252 309
252 308
252 307
252 306
252 305
252 304
253 303
254 302
255 302
256 302
257 302
258 302
259 302
260 302
261 302
262 302
263 303
264 304
265 305
266 306
267 307
268 308
269 309
270 310
271 311
272 312
273 313
274 314
275 313
276 312
277 311
278 310
279 309
280 309
281 309
282 309
283 309
284 309
285 309
286 309
287 309
288 310
289 311
290 312
291 313
292 313
293 313
294 313
295 313
296 313
297 313
298 313
299 313
300 313
263 301
264 300
265 299
266 298
267 297
268 296
269 295
270 294
271 293
272 292
273 291
274 291
275 291
276 291
277 290
278 289
279 288
280 288
281 288
282 288
283 288
284 288
285 288
286 288
287 288
288 288
289 289
290 290
291 291
292 292
293 293
294 294
295 294
296 294
297 294
298 294
299 294
300 294
275 290
274 289
273 288
272 287
271 286
270 285
269 284
268 284
267 284
266 284
265 284
264 284
263 284
262 283
261 283
260 283
259 283
258 283
257 283
256 283
255 283
254 283
253 283
252 283
251 283
250 283
249 283
248 283
247 283
246 283
321 286
320 285
319 284
318 283
317 282
316 281
315 280
314 279
313 278
312 277
311 276
310 275
309 274
308 273
323 247
324 246
325 245
326 244
327 243
328 242
329 241
330 241
331 241
332 241
333 240
334 239
335 238
336 237
337 236
338 235
339 234
340 233
341 232
342 232
343 232
344 232
345 232
331 240
330 239
329 238
328 237
327 236
326 235
325 234
325 233
325 232
325 231
325 230
325 229
325 228
325 227
325 226
325 225
325 224
325 223
217
29 228
30 123
31 62
31 83
62 232
65 203
92 220
97 241
104 199
125 219
133 243
143 195
162 221
173 198
174 78
174 334
183 219
191 240
195 321
195 342
204 201
208 82
212 222
221 347
225 326
233 205
233 226
246 327
247 87
252 304
288 256
303 156
306 362
315 338
322 248
322 287
325 223
327 173
328 151
331 116
348 172
349 142
352 99
452 260
486 245
490 266
514 284
429 271
145 75
346 211
255 257
407 268
288 107
223 100
353 119
224 252
28 205
105 84
30 144
510 118
184 96
81 188
319 319
275 228
304 192
377 263
332 95
287 309
268 88
500 228
257 207
533 173
120 192
254 233
345 232
30 173
66 85
143 92
176 313
277 209
337 193
521 136
283 331
143 220
148 246
305 128
253 340
302 93
202 251
83 82
262 104
488 283
111 243
121 86
302 230
43 191
263 284
246 283
308 273
229 84
416 247
305 169
316 370
38 110
252 361
81 60
204 100
64 182
288 288
73 240
325 202
111 222
102 61
499 249
331 254
373 243
169 236
523 262
230 353
275 349
394 244
289 216
43 216
52 104
45 62
325 298
282 365
245 104
123 63
54 139
287 85
328 131
191 79
523 288
303 211
512 244
351 151
49 169
75 217
189 198
311 108
344 253
50 119
435 248
519 187
256 319
392 266
204 230
168 249
172 96
300 294
318 349
276 291
62 67
222 201
348 188
302 251
150 198
290 239
26 98
160 76
330 267
172 342
515 204
29 193
286 265
269 255
274 314
362 255
268 330
305 148
37 152
102 181
244 259
43 237
236 239
490 106
332 241
48 77
30 165
86 197
258 215
299 331
201 320
304 113
262 302
293 349
185 250
311 87
323 185
507 215
499 268
197 346
300 313
465 250
104 91
119 201
156 94
266 364
238 205
502 115
539 167
303 369
41 131
44 98
26 235
266 235
484 236
513 226
55 242
213 239
344 267
303 348
122 100
232 340
89 88
274 358
