0
81
65 34
86 34
107 34
128 34
149 34
170 34
205 52
205 73
205 94
205 115
181 55
181 76
181 97
181 118
71 56
93 56
71 108
93 108
136 56
158 56
136 108
158 108
112 143
172 143
51 86
48 128
112 86
91 143
70 143
133 143
48 51
48 107
112 55
112 107
151 143
28 62
28 83
28 104
28 125
72 71
72 123
137 71
137 123
93 71
93 123
158 71
158 123
72 86
133 86
154 86
194 130
91 86
112 122
48 65
186 41
112 65
31 42
55 141
205 126
181 139
52 38
160 86
197 49
175 30
194 70
194 91
194 109
61 71
61 123
72 50
72 102
126 71
126 123
137 50
137 102
44 130
39 40
55 143
54 30
182 141
31 126
