1067
119 89
118 88
117 87
116 86
115 86
114 86
113 86
112 86
121 89
122 88
123 87
124 86
125 86
126 86
127 86
128 86
129 86
130 86
131 86
132 86
133 86
134 87
135 88
136 89
137 90
137 91
137 92
137 93
137 94
137 95
137 96
137 97
137 98
137 99
137 100
137 101
137 102
136 103
136 104
136 105
136 106
136 107
136 108
136 109
136 110
136 111
136 112
136 113
136 114
136 115
136 116
136 117
136 118
136 119
136 120
136 121
136 122
136 123
137 123
138 123
139 123
140 123
141 123
142 123
143 123
144 123
145 123
146 123
147 123
148 123
149 123
150 123
151 123
152 123
153 123
154 123
155 123
156 123
157 123
158 123
158 122
158 121
158 120
158 119
158 118
158 117
158 116
158 115
158 114
158 113
158 112
158 111
158 110
158 109
158 108
135 123
134 123
133 123
132 123
131 123
130 123
129 123
128 123
127 123
126 123
125 122
124 122
123 122
122 122
121 122
120 122
119 122
118 122
117 122
116 122
115 122
114 122
113 122
112 122
112 121
112 120
112 119
112 118
112 117
112 116
112 115
112 114
112 113
112 112
112 111
112 110
112 109
111 108
110 108
109 108
108 108
107 108
106 108
105 108
104 108
103 108
102 108
101 108
100 108
99 108
98 108
97 108
96 108
95 108
94 108
93 108
93 109
93 110
93 111
93 112
93 113
93 114
93 115
93 116
93 117
93 118
93 119
93 120
93 121
93 122
93 123
92 124
91 125
91 126
91 127
91 128
91 129
91 130
91 131
91 132
91 133
91 134
91 135
91 136
91 137
91 138
91 139
91 140
91 141
91 142
91 143
92 143
93 143
94 143
95 143
96 143
97 143
98 143
99 143
100 143
101 143
102 143
103 143
104 143
105 143
106 143
107 143
108 143
109 143
110 143
111 143
112 143
112 107
133 124
133 125
133 126
133 127
133 128
133 129
133 130
133 131
133 132
133 133
133 134
133 135
133 136
133 137
133 138
133 139
133 140
133 141
133 142
133 143
134 143
135 143
136 143
137 143
138 143
139 143
140 143
141 143
142 143
143 143
144 143
145 143
146 143
147 143
148 143
149 143
150 143
151 143
138 89
139 88
140 87
141 86
142 86
143 86
144 86
145 86
146 86
147 86
148 86
149 86
150 86
151 86
152 86
153 86
154 86
155 86
156 86
157 86
158 86
159 86
160 86
158 85
158 84
158 83
158 82
158 81
158 80
158 79
158 78
158 77
158 76
158 75
158 74
158 73
158 72
158 71
158 70
158 69
158 68
158 67
158 66
158 65
158 64
158 63
158 62
158 61
158 60
158 59
158 58
158 57
158 56
133 85
133 84
133 83
133 82
133 81
133 80
133 79
133 78
133 77
133 76
133 75
133 74
133 73
133 72
133 71
132 71
131 71
130 71
129 71
128 71
127 71
126 71
125 70
124 69
123 68
122 67
121 66
120 65
119 65
118 65
117 65
116 65
115 65
114 65
113 65
112 65
112 64
112 63
112 62
112 61
112 60
112 59
112 58
112 57
112 56
112 55
111 56
110 56
109 56
108 56
107 56
106 56
105 56
104 56
103 56
102 56
101 56
100 56
99 56
98 56
97 56
96 56
95 56
94 56
93 56
93 57
93 58
93 59
93 60
93 61
93 62
93 63
93 64
93 65
93 66
93 67
93 68
93 69
93 70
93 71
92 72
91 73
91 74
91 75
91 76
91 77
91 78
91 79
91 80
91 81
91 82
91 83
91 84
91 85
91 86
90 86
89 86
88 86
87 86
86 86
85 86
84 86
83 86
82 86
81 86
80 86
79 86
78 86
77 86
76 86
75 86
74 86
73 86
72 86
72 87
72 88
72 89
72 90
72 91
72 92
72 93
72 94
72 95
72 96
72 97
72 98
72 99
72 100
72 101
72 102
71 103
71 104
71 105
71 106
71 107
71 108
72 109
72 110
72 111
72 112
72 113
72 114
72 115
72 116
72 117
72 118
72 119
72 120
72 121
72 122
72 123
71 123
70 123
69 123
68 123
67 123
66 123
65 123
64 123
63 123
62 123
61 123
60 122
59 121
58 120
57 119
56 118
55 117
54 116
53 115
52 114
51 113
50 112
49 111
48 110
48 109
48 108
48 107
47 106
46 105
45 104
44 104
43 104
42 104
41 104
40 104
39 104
38 104
37 104
36 104
35 104
34 104
33 104
32 104
31 104
30 104
29 104
28 104
56 120
55 121
54 122
53 123
52 124
51 125
50 126
49 127
48 128
49 129
50 130
51 131
52 132
53 133
54 134
55 135
55 136
55 137
55 138
55 139
55 140
55 141
55 142
55 143
56 143
57 143
58 143
59 143
60 143
61 143
62 143
63 143
64 143
65 143
66 143
67 143
68 143
69 143
70 143
47 129
46 130
45 130
44 130
43 129
42 128
41 127
40 126
39 126
38 126
37 126
36 126
35 126
34 126
33 126
32 126
31 126
30 125
29 125
28 125
72 85
72 84
72 83
72 82
72 81
72 80
72 79
72 78
72 77
72 76
72 75
72 74
72 73
72 72
72 71
71 70
71 69
71 68
71 67
71 66
71 65
71 64
71 63
71 62
71 61
71 60
71 59
71 58
71 57
71 56
72 55
72 54
72 53
72 52
72 51
72 50
70 71
69 71
68 71
67 71
66 71
65 71
64 71
63 71
62 71
61 71
60 72
59 73
58 74
57 75
56 76
55 77
54 78
53 79
52 80
51 81
51 82
51 83
51 84
51 85
51 86
57 73
56 72
55 71
54 70
53 69
52 68
51 67
50 66
49 65
48 65
48 64
48 63
48 62
48 61
48 60
48 59
48 58
48 57
48 56
48 55
48 54
48 53
48 52
48 51
48 50
48 49
48 48
48 47
48 46
48 45
48 44
48 43
48 42
48 41
48 40
49 40
50 40
51 39
52 38
53 37
54 36
54 35
54 34
54 33
54 32
54 31
54 30
55 34
56 34
57 34
58 34
59 34
60 34
61 34
62 34
63 34
64 34
65 34
66 34
67 34
68 34
69 34
70 34
71 34
72 34
73 34
74 34
75 34
76 34
77 34
78 34
79 34
80 34
81 34
82 34
83 34
84 34
85 34
86 34
87 34
88 34
89 34
90 34
91 34
92 34
93 34
94 34
95 34
96 34
97 34
98 34
99 34
100 34
101 34
102 34
103 34
104 34
105 34
106 34
107 34
47 40
46 40
45 40
44 40
43 40
42 40
41 40
40 40
39 40
38 41
37 42
36 42
35 42
34 42
33 42
32 42
31 42
47 62
46 62
45 62
44 62
43 62
42 62
41 62
40 62
39 62
38 62
37 62
36 62
35 62
34 62
33 62
32 62
31 62
30 62
29 62
28 62
28 63
28 64
28 65
28 66
28 67
28 68
28 69
28 70
28 71
28 72
28 73
28 74
28 75
28 76
28 77
28 78
28 79
28 80
28 81
28 82
28 83
134 71
135 71
136 71
137 71
136 70
136 69
136 68
136 67
136 66
136 65
136 64
136 63
136 62
136 61
136 60
136 59
136 58
136 57
136 56
137 55
137 54
137 53
137 52
137 51
137 50
136 49
135 48
134 47
133 46
132 45
131 44
130 43
129 42
128 41
128 40
128 39
128 38
128 37
128 36
128 35
128 34
136 47
137 46
138 45
139 44
140 43
141 42
142 41
143 40
144 39
145 38
146 37
147 36
148 35
149 34
150 34
151 34
152 34
153 34
154 34
155 34
156 34
157 34
158 34
159 34
160 34
161 34
162 34
163 34
164 34
165 34
166 34
167 34
168 34
169 34
170 34
171 33
172 32
173 31
174 30
175 30
176 31
177 32
178 33
179 34
180 35
181 36
182 37
183 38
184 39
185 40
186 41
187 42
188 43
189 44
190 45
191 46
192 47
193 48
194 49
195 49
196 49
197 49
198 50
199 51
200 52
201 52
202 52
203 52
204 52
205 52
199 53
198 54
197 55
196 56
195 57
194 58
194 59
194 60
194 61
194 62
194 63
194 64
194 65
194 66
194 67
194 68
194 69
194 70
195 71
196 72
197 73
198 73
199 73
200 73
201 73
202 73
203 73
204 73
205 73
196 74
195 75
194 76
194 77
194 78
194 79
194 80
194 81
194 82
194 83
194 84
194 85
194 86
194 87
194 88
194 89
194 90
194 91
195 92
196 93
197 94
198 94
199 94
200 94
201 94
202 94
203 94
204 94
205 94
196 95
195 96
194 97
194 98
194 99
194 100
194 101
194 102
194 103
194 104
194 105
194 106
194 107
194 108
194 109
193 109
192 110
191 111
190 112
189 113
188 114
187 115
186 116
185 117
184 118
183 118
182 118
181 118
195 110
196 111
197 112
198 113
199 114
200 115
201 115
202 115
203 115
204 115
205 115
205 116
205 117
205 118
205 119
205 120
205 121
205 122
205 123
205 124
205 125
205 126
204 127
203 128
202 129
201 130
200 130
199 130
198 130
197 130
196 130
195 130
194 130
193 131
192 132
191 133
190 134
189 135
188 136
187 137
186 138
185 139
184 139
183 139
182 140
182 141
181 139
180 140
179 141
178 142
177 143
176 143
175 143
174 143
173 143
172 143
193 92
192 93
191 94
190 95
189 96
188 97
187 97
186 97
185 97
184 97
183 97
182 97
181 97
193 71
192 72
191 73
190 74
189 75
188 76
187 76
186 76
185 76
184 76
183 76
182 76
181 76
193 50
192 51
191 52
190 53
189 54
188 55
187 55
186 55
185 55
184 55
183 55
182 55
181 55
81
65 34
86 34
107 34
128 34
149 34
170 34
205 52
205 73
205 94
205 115
181 55
181 76
181 97
181 118
71 56
93 56
71 108
93 108
136 56
158 56
136 108
158 108
112 143
172 143
51 86
48 128
112 86
91 143
70 143
133 143
48 51
48 107
112 55
112 107
151 143
28 62
28 83
28 104
28 125
72 71
72 123
137 71
137 123
93 71
93 123
158 71
158 123
72 86
133 86
154 86
194 130
91 86
112 122
48 65
186 41
112 65
31 42
55 141
205 126
181 139
52 38
160 86
197 49
175 30
194 70
194 91
194 109
61 71
61 123
72 50
72 102
126 71
126 123
137 50
137 102
44 130
39 40
55 143
54 30
182 141
31 126
