0
949
240 399
87 166
281 367
61 306
62 236
21 325
22 215
62 252
124 411
102 202
134 342
50 183
65 183
80 183
95 184
132 375
135 391
110 184
125 184
239 367
335 399
240 384
183 142
183 157
63 290
512 142
99 361
114 361
353 396
353 411
356 148
106 428
281 352
320 344
84 361
69 359
54 359
514 404
497 142
482 142
499 404
91 252
91 234
270 400
281 383
282 162
284 422
303 420
460 321
91 310
143 107
143 122
158 107
158 122
173 107
173 124
282 107
282 123
644 159
282 147
267 107
267 124
412 143
322 166
322 181
337 166
337 184
313 449
29 359
460 224
188 107
188 124
203 107
203 124
218 107
218 124
233 107
233 124
248 107
248 124
302 343
302 328
484 403
646 385
104 144
352 167
352 184
55 153
341 147
326 147
198 162
213 162
228 162
243 162
367 168
367 184
416 477
416 492
401 477
313 49
442 142
91 267
91 282
269 422
254 422
320 329
335 343
350 343
397 143
382 143
475 224
475 321
490 224
490 321
505 224
520 224
505 321
520 320
258 162
193 180
281 337
378 395
378 410
239 422
224 421
209 421
194 421
179 421
335 328
106 167
121 167
403 125
388 125
373 125
358 125
55 393
158 435
157 420
322 203
337 202
322 218
407 459
281 322
337 217
352 203
367 204
352 218
134 146
119 152
119 137
127 122
127 107
108 108
312 91
312 76
350 328
365 339
311 492
313 476
298 476
296 491
152 397
152 382
604 438
589 444
602 108
587 103
367 219
382 213
30 183
640 144
625 132
625 147
629 162
135 292
643 400
382 175
441 157
441 172
343 124
430 402
431 387
433 372
238 352
136 251
610 154
268 181
106 310
353 381
627 414
628 399
106 234
629 384
613 392
193 365
318 420
333 418
106 256
121 257
106 271
121 272
120 287
136 266
121 310
136 310
402 50
365 324
380 333
121 233
572 107
557 107
542 107
552 122
537 125
527 107
522 125
512 107
507 125
497 107
492 125
482 107
477 125
467 107
462 125
452 107
447 125
437 107
432 122
422 107
407 110
407 95
311 147
304 162
304 177
304 192
304 207
300 222
304 132
301 117
316 117
165 142
165 157
164 172
152 367
587 118
581 133
597 133
595 148
580 148
595 163
580 163
581 178
596 178
298 49
286 66
422 55
151 352
153 337
153 322
348 426
363 431
378 430
393 420
408 422
423 422
423 437
438 437
438 422
453 437
453 420
408 437
468 420
468 437
483 420
483 437
498 437
498 421
513 421
513 437
528 421
528 437
543 437
543 422
558 437
573 437
588 429
581 414
596 414
598 399
583 399
598 384
583 384
597 369
582 369
600 354
585 354
628 351
380 318
395 321
397 180
418 70
403 65
396 80
599 193
584 193
614 203
599 208
584 208
602 223
587 223
433 357
460 306
475 306
490 306
505 306
520 304
463 291
519 289
334 362
349 361
364 361
379 358
154 307
169 313
154 292
266 345
266 330
576 238
576 253
591 238
606 238
602 253
621 239
576 268
575 283
575 298
575 313
575 328
266 315
590 339
590 324
590 309
590 294
591 279
605 306
620 306
281 307
300 313
315 311
330 313
345 313
360 309
266 300
193 350
441 187
456 193
335 502
333 487
350 505
350 490
365 501
365 486
338 472
398 195
460 239
475 239
490 239
505 239
520 239
463 254
511 254
606 268
621 268
418 350
405 365
403 350
415 335
433 342
448 352
441 327
441 312
426 314
445 297
463 352
470 367
413 197
415 212
443 282
458 275
443 267
443 252
442 237
442 222
427 236
441 202
473 276
488 276
504 281
519 274
534 275
539 260
535 245
539 230
550 245
539 215
549 275
552 290
552 305
552 320
535 303
552 335
552 350
537 353
522 353
151 261
151 276
155 246
151 231
152 216
169 290
166 275
375 303
390 303
405 305
411 290
414 275
412 260
396 288
381 288
397 273
382 273
397 258
382 258
405 243
390 243
397 228
382 228
375 243
367 258
367 273
366 288
360 234
345 233
330 233
315 233
300 237
352 249
337 248
352 264
322 248
337 263
351 279
351 294
336 298
336 283
321 296
322 263
321 281
307 252
306 296
306 281
291 292
291 277
276 285
261 285
276 270
261 270
291 262
276 255
261 255
471 205
486 205
501 205
516 205
471 190
486 190
501 190
336 39
334 54
337 69
184 195
183 210
199 197
198 212
214 197
213 212
180 225
195 227
210 227
181 242
196 242
211 242
229 197
228 212
225 227
226 242
244 197
243 212
240 227
241 242
246 257
231 257
246 272
216 257
201 257
231 272
216 272
186 257
171 257
181 272
196 272
184 287
256 240
271 240
246 287
251 302
231 287
251 317
236 302
251 332
236 317
236 332
216 287
199 287
221 302
221 317
206 302
191 302
206 317
221 332
206 332
191 317
191 332
258 225
273 225
259 210
274 210
478 352
485 367
493 352
500 367
349 54
351 39
352 69
350 84
366 39
364 54
367 69
531 194
550 190
353 471
368 471
356 456
162 187
541 388
542 159
87 143
119 342
368 376
537 338
508 339
629 196
103 342
255 383
181 382
365 84
430 297
515 368
516 179
501 175
282 195
470 175
613 341
162 202
134 220
553 205
147 201
102 390
107 325
354 109
485 175
196 382
261 195
132 203
147 186
173 435
88 377
106 219
331 112
569 197
393 435
570 348
627 369
91 325
166 231
338 376
387 58
209 347
301 64
297 81
286 240
386 481
306 266
167 362
402 493
553 260
180 397
188 435
203 435
218 435
553 220
136 359
71 137
135 325
392 110
211 382
591 264
105 286
134 161
40 384
427 221
627 177
112 122
556 385
224 347
503 266
383 190
395 450
625 283
233 435
557 159
606 283
383 372
478 291
166 345
251 347
303 371
522 338
90 219
443 403
426 150
254 398
537 323
165 377
248 435
263 435
278 435
493 337
478 337
463 337
49 333
426 197
39 158
299 451
49 207
472 399
478 254
226 383
507 353
605 320
303 435
303 397
537 290
626 336
625 320
164 399
120 325
300 96
282 180
119 218
353 24
443 388
456 205
62 338
369 110
514 383
62 204
404 402
428 252
409 173
411 80
527 158
316 61
471 145
21 340
129 428
178 365
86 401
281 398
426 329
455 160
181 345
448 337
342 457
558 423
626 227
625 211
136 281
72 324
571 387
516 190
321 368
136 232
286 51
392 95
467 160
119 439
233 182
192 397
245 182
266 385
455 145
296 147
572 223
67 152
196 143
258 143
264 360
333 429
34 325
455 402
455 387
67 403
374 150
20 202
547 373
44 352
24 174
428 267
526 386
267 158
331 125
56 139
103 377
547 172
390 354
313 461
34 215
72 214
553 235
150 145
519 259
274 142
417 45
307 357
392 465
68 388
443 373
178 183
428 282
163 330
500 160
489 161
73 339
489 382
207 143
220 143
232 143
140 434
512 157
352 520
572 119
603 423
602 118
289 207
115 422
363 416
602 335
35 340
544 144
370 460
623 254
488 261
162 216
642 411
538 200
177 328
376 54
60 279
318 429
72 199
134 174
204 182
466 382
477 160
285 227
204 362
477 382
244 142
500 382
523 143
426 165
150 160
100 130
91 291
378 36
15 187
222 366
73 268
544 407
176 302
355 94
376 505
292 251
117 385
352 441
573 423
625 298
306 382
504 294
375 490
587 249
221 182
426 180
523 404
250 362
104 152
84 340
72 253
72 238
409 374
121 357
139 418
331 393
119 102
58 266
430 207
561 270
17 355
117 399
287 465
339 82
35 200
55 382
261 180
633 271
568 157
643 234
164 414
616 162
639 132
473 261
89 152
296 307
394 216
375 71
575 339
225 398
209 397
201 395
217 395
84 204
73 283
73 298
389 150
404 150
533 141
51 323
390 368
119 203
72 223
88 384
433 137
60 227
166 260
293 497
116 295
602 291
616 383
325 483
408 452
643 307
346 110
101 399
372 391
51 215
458 261
412 402
393 393
402 318
535 405
393 330
113 242
63 314
403 205
533 175
549 358
264 370
301 104
377 110
213 360
408 388
149 172
504 393
421 117
27 366
47 374
643 342
492 246
165 384
569 208
417 227
489 293
408 187
537 308
185 168
28 161
268 195
489 392
519 172
330 33
530 206
405 339
416 498
263 109
107 204
548 395
77 375
285 436
162 245
375 475
292 38
346 136
348 486
73 309
176 313
549 131
60 403
129 400
353 366
378 415
316 105
451 175
201 272
336 268
316 398
319 135
147 132
642 197
252 122
34 172
628 239
78 351
163 298
360 243
331 507
326 379
416 321
132 183
