0
186
30 231
452 261
149 197
305 151
133 243
62 232
514 284
325 287
288 259
247 87
31 85
31 64
321 321
111 243
318 342
30 139
353 119
331 117
315 368
184 96
173 198
162 221
223 100
491 275
66 187
69 208
331 253
237 205
326 208
324 232
329 141
351 142
328 162
349 163
327 183
348 184
105 191
237 226
499 254
191 249
216 203
195 201
183 222
216 224
253 339
255 318
232 327
229 350
128 219
107 212
174 340
195 344
177 318
198 321
429 271
499 233
35 118
145 75
256 257
352 98
345 225
407 268
288 107
208 82
224 252
105 84
28 205
510 118
174 78
331 96
252 297
93 233
275 228
304 192
377 263
287 309
268 88
302 169
257 207
534 172
30 173
66 85
143 92
277 209
521 136
283 331
148 246
305 128
257 234
302 93
82 189
262 104
83 82
121 90
302 230
43 191
120 193
263 284
195 228
347 205
480 250
308 273
229 84
416 247
86 219
252 361
81 60
204 100
143 220
288 288
304 363
73 240
102 61
373 243
169 236
523 262
45 62
275 349
394 244
204 246
289 216
43 216
52 105
321 297
289 248
283 365
245 104
123 63
54 139
287 85
222 329
191 79
523 288
303 211
512 247
246 276
344 245
49 169
30 152
212 351
311 112
435 248
519 187
392 266
44 101
484 282
168 249
318 253
172 96
300 294
276 291
506 218
62 67
142 194
302 252
344 267
160 76
515 204
29 193
236 239
269 263
50 119
245 259
274 314
111 222
362 255
268 330
311 91
309 347
484 236
43 237
490 106
26 98
48 77
258 215
330 267
299 331
44 153
92 242
304 113
262 302
293 349
269 242
300 313
266 364
64 209
